[0.011s] Invoking command in '/home/hanjiang/Desktop/my_try/my_try_ws/build/mybot_moveit2': CMAKE_PREFIX_PATH=/home/hanjiang/Desktop/my_try/my_try_ws/install/hjarm_golden:/home/hanjiang/Desktop/my_try/my_try_ws/install/mybot_moveit2:/home/hanjiang/Desktop/my_try/my_try_ws/install/arm_driver:/opt/ros/humble /usr/bin/cmake --build /home/hanjiang/Desktop/my_try/my_try_ws/build/mybot_moveit2 -- -j20 -l20
[0.037s] Invoked command in '/home/hanjiang/Desktop/my_try/my_try_ws/build/mybot_moveit2' returned '0': CMAKE_PREFIX_PATH=/home/hanjiang/Desktop/my_try/my_try_ws/install/hjarm_golden:/home/hanjiang/Desktop/my_try/my_try_ws/install/mybot_moveit2:/home/hanjiang/Desktop/my_try/my_try_ws/install/arm_driver:/opt/ros/humble /usr/bin/cmake --build /home/hanjiang/Desktop/my_try/my_try_ws/build/mybot_moveit2 -- -j20 -l20
[0.038s] Invoking command in '/home/hanjiang/Desktop/my_try/my_try_ws/build/mybot_moveit2': CMAKE_PREFIX_PATH=/home/hanjiang/Desktop/my_try/my_try_ws/install/hjarm_golden:/home/hanjiang/Desktop/my_try/my_try_ws/install/mybot_moveit2:/home/hanjiang/Desktop/my_try/my_try_ws/install/arm_driver:/opt/ros/humble /usr/bin/cmake --install /home/hanjiang/Desktop/my_try/my_try_ws/build/mybot_moveit2
[0.043s] -- Install configuration: ""
[0.044s] -- Up-to-date: /home/hanjiang/Desktop/my_try/my_try_ws/install/mybot_moveit2/share/ament_index/resource_index/package_run_dependencies/mybot_moveit2
[0.044s] -- Up-to-date: /home/hanjiang/Desktop/my_try/my_try_ws/install/mybot_moveit2/share/ament_index/resource_index/parent_prefix_path/mybot_moveit2
[0.044s] -- Up-to-date: /home/hanjiang/Desktop/my_try/my_try_ws/install/mybot_moveit2/share/mybot_moveit2/environment/ament_prefix_path.sh
[0.044s] -- Up-to-date: /home/hanjiang/Desktop/my_try/my_try_ws/install/mybot_moveit2/share/mybot_moveit2/environment/ament_prefix_path.dsv
[0.044s] -- Up-to-date: /home/hanjiang/Desktop/my_try/my_try_ws/install/mybot_moveit2/share/mybot_moveit2/environment/path.sh
[0.044s] -- Up-to-date: /home/hanjiang/Desktop/my_try/my_try_ws/install/mybot_moveit2/share/mybot_moveit2/environment/path.dsv
[0.044s] -- Up-to-date: /home/hanjiang/Desktop/my_try/my_try_ws/install/mybot_moveit2/share/mybot_moveit2/local_setup.bash
[0.044s] -- Up-to-date: /home/hanjiang/Desktop/my_try/my_try_ws/install/mybot_moveit2/share/mybot_moveit2/local_setup.sh
[0.044s] -- Up-to-date: /home/hanjiang/Desktop/my_try/my_try_ws/install/mybot_moveit2/share/mybot_moveit2/local_setup.zsh
[0.044s] -- Up-to-date: /home/hanjiang/Desktop/my_try/my_try_ws/install/mybot_moveit2/share/mybot_moveit2/local_setup.dsv
[0.044s] -- Up-to-date: /home/hanjiang/Desktop/my_try/my_try_ws/install/mybot_moveit2/share/mybot_moveit2/package.dsv
[0.044s] -- Up-to-date: /home/hanjiang/Desktop/my_try/my_try_ws/install/mybot_moveit2/share/ament_index/resource_index/packages/mybot_moveit2
[0.044s] -- Up-to-date: /home/hanjiang/Desktop/my_try/my_try_ws/install/mybot_moveit2/share/mybot_moveit2/cmake/mybot_moveit2Config.cmake
[0.044s] -- Up-to-date: /home/hanjiang/Desktop/my_try/my_try_ws/install/mybot_moveit2/share/mybot_moveit2/cmake/mybot_moveit2Config-version.cmake
[0.044s] -- Up-to-date: /home/hanjiang/Desktop/my_try/my_try_ws/install/mybot_moveit2/share/mybot_moveit2/package.xml
[0.044s] -- Up-to-date: /home/hanjiang/Desktop/my_try/my_try_ws/install/mybot_moveit2/share/mybot_moveit2/launch
[0.044s] -- Up-to-date: /home/hanjiang/Desktop/my_try/my_try_ws/install/mybot_moveit2/share/mybot_moveit2/launch/gazebo.launch.py
[0.044s] -- Up-to-date: /home/hanjiang/Desktop/my_try/my_try_ws/install/mybot_moveit2/share/mybot_moveit2/launch/spawn_controllers.launch.py
[0.044s] -- Up-to-date: /home/hanjiang/Desktop/my_try/my_try_ws/install/mybot_moveit2/share/mybot_moveit2/launch/setup_assistant.launch.py
[0.044s] -- Up-to-date: /home/hanjiang/Desktop/my_try/my_try_ws/install/mybot_moveit2/share/mybot_moveit2/launch/rsp.launch.py
[0.044s] -- Up-to-date: /home/hanjiang/Desktop/my_try/my_try_ws/install/mybot_moveit2/share/mybot_moveit2/launch/moveit_rviz.launch.py
[0.044s] -- Up-to-date: /home/hanjiang/Desktop/my_try/my_try_ws/install/mybot_moveit2/share/mybot_moveit2/launch/warehouse_db.launch.py
[0.044s] -- Up-to-date: /home/hanjiang/Desktop/my_try/my_try_ws/install/mybot_moveit2/share/mybot_moveit2/launch/move_group.launch.py
[0.044s] -- Up-to-date: /home/hanjiang/Desktop/my_try/my_try_ws/install/mybot_moveit2/share/mybot_moveit2/launch/static_virtual_joint_tfs.launch.py
[0.044s] -- Up-to-date: /home/hanjiang/Desktop/my_try/my_try_ws/install/mybot_moveit2/share/mybot_moveit2/launch/demo.launch.py
[0.044s] -- Installing: /home/hanjiang/Desktop/my_try/my_try_ws/install/mybot_moveit2/lib/mybot_moveit2/moveit2_arm_control
[0.044s] -- Up-to-date: /home/hanjiang/Desktop/my_try/my_try_ws/install/mybot_moveit2/lib/mybot_moveit2/check_point
[0.045s] -- Up-to-date: /home/hanjiang/Desktop/my_try/my_try_ws/install/mybot_moveit2/share/mybot_moveit2/config
[0.045s] -- Up-to-date: /home/hanjiang/Desktop/my_try/my_try_ws/install/mybot_moveit2/share/mybot_moveit2/config/initial_positions.yaml
[0.045s] -- Up-to-date: /home/hanjiang/Desktop/my_try/my_try_ws/install/mybot_moveit2/share/mybot_moveit2/config/sensors_3d.yaml
[0.045s] -- Up-to-date: /home/hanjiang/Desktop/my_try/my_try_ws/install/mybot_moveit2/share/mybot_moveit2/config/kinematics.yaml
[0.045s] -- Up-to-date: /home/hanjiang/Desktop/my_try/my_try_ws/install/mybot_moveit2/share/mybot_moveit2/config/hjarm_golden.srdf
[0.045s] -- Up-to-date: /home/hanjiang/Desktop/my_try/my_try_ws/install/mybot_moveit2/share/mybot_moveit2/config/pilz_cartesian_limits.yaml
[0.045s] -- Up-to-date: /home/hanjiang/Desktop/my_try/my_try_ws/install/mybot_moveit2/share/mybot_moveit2/config/joint_limits.yaml
[0.045s] -- Installing: /home/hanjiang/Desktop/my_try/my_try_ws/install/mybot_moveit2/share/mybot_moveit2/config/moveit.rviz
[0.045s] -- Up-to-date: /home/hanjiang/Desktop/my_try/my_try_ws/install/mybot_moveit2/share/mybot_moveit2/config/moveit_controllers.yaml
[0.045s] -- Up-to-date: /home/hanjiang/Desktop/my_try/my_try_ws/install/mybot_moveit2/share/mybot_moveit2/config/hjarm_golden.ros2_control.xacro
[0.045s] -- Up-to-date: /home/hanjiang/Desktop/my_try/my_try_ws/install/mybot_moveit2/share/mybot_moveit2/config/hjarm_golden.gazebo.xacro
[0.045s] -- Up-to-date: /home/hanjiang/Desktop/my_try/my_try_ws/install/mybot_moveit2/share/mybot_moveit2/config/ros2_controllers.yaml
[0.045s] -- Up-to-date: /home/hanjiang/Desktop/my_try/my_try_ws/install/mybot_moveit2/share/mybot_moveit2/config/hjarm_golden.urdf.xacro
[0.045s] -- Up-to-date: /home/hanjiang/Desktop/my_try/my_try_ws/install/mybot_moveit2/share/mybot_moveit2/scripts
[0.045s] -- Installing: /home/hanjiang/Desktop/my_try/my_try_ws/install/mybot_moveit2/share/mybot_moveit2/scripts/moveit2_arm_control.py
[0.045s] -- Up-to-date: /home/hanjiang/Desktop/my_try/my_try_ws/install/mybot_moveit2/share/mybot_moveit2/scripts/check_point.py
[0.045s] -- Up-to-date: /home/hanjiang/Desktop/my_try/my_try_ws/install/mybot_moveit2/share/mybot_moveit2/.setup_assistant
[0.046s] Invoked command in '/home/hanjiang/Desktop/my_try/my_try_ws/build/mybot_moveit2' returned '0': CMAKE_PREFIX_PATH=/home/hanjiang/Desktop/my_try/my_try_ws/install/hjarm_golden:/home/hanjiang/Desktop/my_try/my_try_ws/install/mybot_moveit2:/home/hanjiang/Desktop/my_try/my_try_ws/install/arm_driver:/opt/ros/humble /usr/bin/cmake --install /home/hanjiang/Desktop/my_try/my_try_ws/build/mybot_moveit2
