[0.052s] DEBUG:colcon:Command line arguments: ['/usr/bin/colcon', 'build']
[0.052s] DEBUG:colcon:Parsed command line arguments: Namespace(log_base=None, log_level=None, verb_name='build', build_base='build', install_base='install', merge_install=False, symlink_install=False, test_result_base=None, continue_on_error=False, executor='parallel', parallel_workers=20, event_handlers=None, ignore_user_meta=False, metas=['./colcon.meta'], base_paths=['.'], packages_ignore=None, packages_ignore_regex=None, paths=None, packages_up_to=None, packages_up_to_regex=None, packages_above=None, packages_above_and_dependencies=None, packages_above_depth=None, packages_select_by_dep=None, packages_skip_by_dep=None, packages_skip_up_to=None, packages_select_build_failed=False, packages_skip_build_finished=False, packages_select_test_failures=False, packages_skip_test_passed=False, packages_select=None, packages_skip=None, packages_select_regex=None, packages_skip_regex=None, packages_start=None, packages_end=None, allow_overriding=[], cmake_args=None, cmake_target=None, cmake_target_skip_unavailable=False, cmake_clean_cache=False, cmake_clean_first=False, cmake_force_configure=False, ament_cmake_args=None, catkin_cmake_args=None, catkin_skip_building_tests=False, verb_parser=<colcon_defaults.argument_parser.defaults.DefaultArgumentsDecorator object at 0x777fd8dd47f0>, verb_extension=<colcon_core.verb.build.BuildVerb object at 0x777fd8dd4310>, main=<bound method BuildVerb.main of <colcon_core.verb.build.BuildVerb object at 0x777fd8dd4310>>)
[0.131s] Level 1:colcon.colcon_core.package_discovery:discover_packages(colcon_meta) check parameters
[0.131s] Level 1:colcon.colcon_core.package_discovery:discover_packages(recursive) check parameters
[0.131s] Level 1:colcon.colcon_core.package_discovery:discover_packages(ignore) check parameters
[0.131s] Level 1:colcon.colcon_core.package_discovery:discover_packages(path) check parameters
[0.131s] Level 1:colcon.colcon_core.package_discovery:discover_packages(colcon_meta) discover
[0.131s] Level 1:colcon.colcon_core.package_discovery:discover_packages(recursive) discover
[0.131s] INFO:colcon.colcon_core.package_discovery:Crawling recursively for packages in '/home/hanjiang/Desktop/my_try/my_try_ws'
[0.131s] Level 1:colcon.colcon_core.package_identification:_identify(.) by extensions ['ignore', 'ignore_ament_install']
[0.131s] Level 1:colcon.colcon_core.package_identification:_identify(.) by extension 'ignore'
[0.131s] Level 1:colcon.colcon_core.package_identification:_identify(.) by extension 'ignore_ament_install'
[0.131s] Level 1:colcon.colcon_core.package_identification:_identify(.) by extensions ['colcon_pkg']
[0.131s] Level 1:colcon.colcon_core.package_identification:_identify(.) by extension 'colcon_pkg'
[0.131s] Level 1:colcon.colcon_core.package_identification:_identify(.) by extensions ['colcon_meta']
[0.131s] Level 1:colcon.colcon_core.package_identification:_identify(.) by extension 'colcon_meta'
[0.131s] Level 1:colcon.colcon_core.package_identification:_identify(.) by extensions ['ros']
[0.131s] Level 1:colcon.colcon_core.package_identification:_identify(.) by extension 'ros'
[0.137s] Level 1:colcon.colcon_core.package_identification:_identify(.) by extensions ['cmake', 'python']
[0.137s] Level 1:colcon.colcon_core.package_identification:_identify(.) by extension 'cmake'
[0.137s] Level 1:colcon.colcon_core.package_identification:_identify(.) by extension 'python'
[0.137s] Level 1:colcon.colcon_core.package_identification:_identify(.) by extensions ['python_setup_py']
[0.137s] Level 1:colcon.colcon_core.package_identification:_identify(.) by extension 'python_setup_py'
[0.137s] Level 1:colcon.colcon_core.package_identification:_identify(build) by extensions ['ignore', 'ignore_ament_install']
[0.137s] Level 1:colcon.colcon_core.package_identification:_identify(build) by extension 'ignore'
[0.137s] Level 1:colcon.colcon_core.package_identification:_identify(build) ignored
[0.137s] Level 1:colcon.colcon_core.package_identification:_identify(install) by extensions ['ignore', 'ignore_ament_install']
[0.137s] Level 1:colcon.colcon_core.package_identification:_identify(install) by extension 'ignore'
[0.137s] Level 1:colcon.colcon_core.package_identification:_identify(install) ignored
[0.137s] Level 1:colcon.colcon_core.package_identification:_identify(log) by extensions ['ignore', 'ignore_ament_install']
[0.138s] Level 1:colcon.colcon_core.package_identification:_identify(log) by extension 'ignore'
[0.138s] Level 1:colcon.colcon_core.package_identification:_identify(log) ignored
[0.138s] Level 1:colcon.colcon_core.package_identification:_identify(src) by extensions ['ignore', 'ignore_ament_install']
[0.138s] Level 1:colcon.colcon_core.package_identification:_identify(src) by extension 'ignore'
[0.138s] Level 1:colcon.colcon_core.package_identification:_identify(src) by extension 'ignore_ament_install'
[0.138s] Level 1:colcon.colcon_core.package_identification:_identify(src) by extensions ['colcon_pkg']
[0.138s] Level 1:colcon.colcon_core.package_identification:_identify(src) by extension 'colcon_pkg'
[0.138s] Level 1:colcon.colcon_core.package_identification:_identify(src) by extensions ['colcon_meta']
[0.138s] Level 1:colcon.colcon_core.package_identification:_identify(src) by extension 'colcon_meta'
[0.138s] Level 1:colcon.colcon_core.package_identification:_identify(src) by extensions ['ros']
[0.138s] Level 1:colcon.colcon_core.package_identification:_identify(src) by extension 'ros'
[0.138s] Level 1:colcon.colcon_core.package_identification:_identify(src) by extensions ['cmake', 'python']
[0.138s] Level 1:colcon.colcon_core.package_identification:_identify(src) by extension 'cmake'
[0.138s] Level 1:colcon.colcon_core.package_identification:_identify(src) by extension 'python'
[0.138s] Level 1:colcon.colcon_core.package_identification:_identify(src) by extensions ['python_setup_py']
[0.138s] Level 1:colcon.colcon_core.package_identification:_identify(src) by extension 'python_setup_py'
[0.138s] Level 1:colcon.colcon_core.package_identification:_identify(src/arm_driver) by extensions ['ignore', 'ignore_ament_install']
[0.138s] Level 1:colcon.colcon_core.package_identification:_identify(src/arm_driver) by extension 'ignore'
[0.138s] Level 1:colcon.colcon_core.package_identification:_identify(src/arm_driver) by extension 'ignore_ament_install'
[0.138s] Level 1:colcon.colcon_core.package_identification:_identify(src/arm_driver) by extensions ['colcon_pkg']
[0.138s] Level 1:colcon.colcon_core.package_identification:_identify(src/arm_driver) by extension 'colcon_pkg'
[0.138s] Level 1:colcon.colcon_core.package_identification:_identify(src/arm_driver) by extensions ['colcon_meta']
[0.138s] Level 1:colcon.colcon_core.package_identification:_identify(src/arm_driver) by extension 'colcon_meta'
[0.138s] Level 1:colcon.colcon_core.package_identification:_identify(src/arm_driver) by extensions ['ros']
[0.138s] Level 1:colcon.colcon_core.package_identification:_identify(src/arm_driver) by extension 'ros'
[0.140s] DEBUG:colcon.colcon_core.package_identification:Package 'src/arm_driver' with type 'ros.ament_cmake' and name 'arm_driver'
[0.140s] Level 1:colcon.colcon_core.package_identification:_identify(src/hjarm_golden) by extensions ['ignore', 'ignore_ament_install']
[0.140s] Level 1:colcon.colcon_core.package_identification:_identify(src/hjarm_golden) by extension 'ignore'
[0.140s] Level 1:colcon.colcon_core.package_identification:_identify(src/hjarm_golden) by extension 'ignore_ament_install'
[0.140s] Level 1:colcon.colcon_core.package_identification:_identify(src/hjarm_golden) by extensions ['colcon_pkg']
[0.140s] Level 1:colcon.colcon_core.package_identification:_identify(src/hjarm_golden) by extension 'colcon_pkg'
[0.140s] Level 1:colcon.colcon_core.package_identification:_identify(src/hjarm_golden) by extensions ['colcon_meta']
[0.140s] Level 1:colcon.colcon_core.package_identification:_identify(src/hjarm_golden) by extension 'colcon_meta'
[0.140s] Level 1:colcon.colcon_core.package_identification:_identify(src/hjarm_golden) by extensions ['ros']
[0.140s] Level 1:colcon.colcon_core.package_identification:_identify(src/hjarm_golden) by extension 'ros'
[0.140s] DEBUG:colcon.colcon_core.package_identification:Package 'src/hjarm_golden' with type 'ros.ament_cmake' and name 'hjarm_golden'
[0.141s] Level 1:colcon.colcon_core.package_identification:_identify(src/mybot_moveit2) by extensions ['ignore', 'ignore_ament_install']
[0.141s] Level 1:colcon.colcon_core.package_identification:_identify(src/mybot_moveit2) by extension 'ignore'
[0.141s] Level 1:colcon.colcon_core.package_identification:_identify(src/mybot_moveit2) by extension 'ignore_ament_install'
[0.141s] Level 1:colcon.colcon_core.package_identification:_identify(src/mybot_moveit2) by extensions ['colcon_pkg']
[0.141s] Level 1:colcon.colcon_core.package_identification:_identify(src/mybot_moveit2) by extension 'colcon_pkg'
[0.141s] Level 1:colcon.colcon_core.package_identification:_identify(src/mybot_moveit2) by extensions ['colcon_meta']
[0.141s] Level 1:colcon.colcon_core.package_identification:_identify(src/mybot_moveit2) by extension 'colcon_meta'
[0.141s] Level 1:colcon.colcon_core.package_identification:_identify(src/mybot_moveit2) by extensions ['ros']
[0.141s] Level 1:colcon.colcon_core.package_identification:_identify(src/mybot_moveit2) by extension 'ros'
[0.141s] DEBUG:colcon.colcon_core.package_identification:Package 'src/mybot_moveit2' with type 'ros.ament_cmake' and name 'mybot_moveit2'
[0.141s] Level 1:colcon.colcon_core.package_discovery:discover_packages(recursive) using defaults
[0.141s] Level 1:colcon.colcon_core.package_discovery:discover_packages(ignore) discover
[0.141s] Level 1:colcon.colcon_core.package_discovery:discover_packages(ignore) using defaults
[0.141s] Level 1:colcon.colcon_core.package_discovery:discover_packages(path) discover
[0.141s] Level 1:colcon.colcon_core.package_discovery:discover_packages(path) using defaults
[0.157s] Level 1:colcon.colcon_core.package_discovery:discover_packages(prefix_path) check parameters
[0.157s] Level 1:colcon.colcon_core.package_discovery:discover_packages(prefix_path) discover
[0.158s] DEBUG:colcon.colcon_installed_package_information.package_discovery:Found 376 installed packages in /opt/ros/humble
[0.159s] Level 1:colcon.colcon_core.package_discovery:discover_packages(prefix_path) using defaults
[0.180s] Level 5:colcon.colcon_core.verb:set package 'arm_driver' build argument 'cmake_args' from command line to 'None'
[0.180s] Level 5:colcon.colcon_core.verb:set package 'arm_driver' build argument 'cmake_target' from command line to 'None'
[0.180s] Level 5:colcon.colcon_core.verb:set package 'arm_driver' build argument 'cmake_target_skip_unavailable' from command line to 'False'
[0.180s] Level 5:colcon.colcon_core.verb:set package 'arm_driver' build argument 'cmake_clean_cache' from command line to 'False'
[0.180s] Level 5:colcon.colcon_core.verb:set package 'arm_driver' build argument 'cmake_clean_first' from command line to 'False'
[0.180s] Level 5:colcon.colcon_core.verb:set package 'arm_driver' build argument 'cmake_force_configure' from command line to 'False'
[0.180s] Level 5:colcon.colcon_core.verb:set package 'arm_driver' build argument 'ament_cmake_args' from command line to 'None'
[0.180s] Level 5:colcon.colcon_core.verb:set package 'arm_driver' build argument 'catkin_cmake_args' from command line to 'None'
[0.180s] Level 5:colcon.colcon_core.verb:set package 'arm_driver' build argument 'catkin_skip_building_tests' from command line to 'False'
[0.180s] DEBUG:colcon.colcon_core.verb:Building package 'arm_driver' with the following arguments: {'ament_cmake_args': None, 'build_base': '/home/hanjiang/Desktop/my_try/my_try_ws/build/arm_driver', 'catkin_cmake_args': None, 'catkin_skip_building_tests': False, 'cmake_args': None, 'cmake_clean_cache': False, 'cmake_clean_first': False, 'cmake_force_configure': False, 'cmake_target': None, 'cmake_target_skip_unavailable': False, 'install_base': '/home/hanjiang/Desktop/my_try/my_try_ws/install/arm_driver', 'merge_install': False, 'path': '/home/hanjiang/Desktop/my_try/my_try_ws/src/arm_driver', 'symlink_install': False, 'test_result_base': None}
[0.181s] Level 5:colcon.colcon_core.verb:set package 'hjarm_golden' build argument 'cmake_args' from command line to 'None'
[0.181s] Level 5:colcon.colcon_core.verb:set package 'hjarm_golden' build argument 'cmake_target' from command line to 'None'
[0.181s] Level 5:colcon.colcon_core.verb:set package 'hjarm_golden' build argument 'cmake_target_skip_unavailable' from command line to 'False'
[0.181s] Level 5:colcon.colcon_core.verb:set package 'hjarm_golden' build argument 'cmake_clean_cache' from command line to 'False'
[0.181s] Level 5:colcon.colcon_core.verb:set package 'hjarm_golden' build argument 'cmake_clean_first' from command line to 'False'
[0.181s] Level 5:colcon.colcon_core.verb:set package 'hjarm_golden' build argument 'cmake_force_configure' from command line to 'False'
[0.181s] Level 5:colcon.colcon_core.verb:set package 'hjarm_golden' build argument 'ament_cmake_args' from command line to 'None'
[0.181s] Level 5:colcon.colcon_core.verb:set package 'hjarm_golden' build argument 'catkin_cmake_args' from command line to 'None'
[0.181s] Level 5:colcon.colcon_core.verb:set package 'hjarm_golden' build argument 'catkin_skip_building_tests' from command line to 'False'
[0.181s] DEBUG:colcon.colcon_core.verb:Building package 'hjarm_golden' with the following arguments: {'ament_cmake_args': None, 'build_base': '/home/hanjiang/Desktop/my_try/my_try_ws/build/hjarm_golden', 'catkin_cmake_args': None, 'catkin_skip_building_tests': False, 'cmake_args': None, 'cmake_clean_cache': False, 'cmake_clean_first': False, 'cmake_force_configure': False, 'cmake_target': None, 'cmake_target_skip_unavailable': False, 'install_base': '/home/hanjiang/Desktop/my_try/my_try_ws/install/hjarm_golden', 'merge_install': False, 'path': '/home/hanjiang/Desktop/my_try/my_try_ws/src/hjarm_golden', 'symlink_install': False, 'test_result_base': None}
[0.181s] Level 5:colcon.colcon_core.verb:set package 'mybot_moveit2' build argument 'cmake_args' from command line to 'None'
[0.181s] Level 5:colcon.colcon_core.verb:set package 'mybot_moveit2' build argument 'cmake_target' from command line to 'None'
[0.181s] Level 5:colcon.colcon_core.verb:set package 'mybot_moveit2' build argument 'cmake_target_skip_unavailable' from command line to 'False'
[0.181s] Level 5:colcon.colcon_core.verb:set package 'mybot_moveit2' build argument 'cmake_clean_cache' from command line to 'False'
[0.181s] Level 5:colcon.colcon_core.verb:set package 'mybot_moveit2' build argument 'cmake_clean_first' from command line to 'False'
[0.181s] Level 5:colcon.colcon_core.verb:set package 'mybot_moveit2' build argument 'cmake_force_configure' from command line to 'False'
[0.181s] Level 5:colcon.colcon_core.verb:set package 'mybot_moveit2' build argument 'ament_cmake_args' from command line to 'None'
[0.181s] Level 5:colcon.colcon_core.verb:set package 'mybot_moveit2' build argument 'catkin_cmake_args' from command line to 'None'
[0.181s] Level 5:colcon.colcon_core.verb:set package 'mybot_moveit2' build argument 'catkin_skip_building_tests' from command line to 'False'
[0.181s] DEBUG:colcon.colcon_core.verb:Building package 'mybot_moveit2' with the following arguments: {'ament_cmake_args': None, 'build_base': '/home/hanjiang/Desktop/my_try/my_try_ws/build/mybot_moveit2', 'catkin_cmake_args': None, 'catkin_skip_building_tests': False, 'cmake_args': None, 'cmake_clean_cache': False, 'cmake_clean_first': False, 'cmake_force_configure': False, 'cmake_target': None, 'cmake_target_skip_unavailable': False, 'install_base': '/home/hanjiang/Desktop/my_try/my_try_ws/install/mybot_moveit2', 'merge_install': False, 'path': '/home/hanjiang/Desktop/my_try/my_try_ws/src/mybot_moveit2', 'symlink_install': False, 'test_result_base': None}
[0.181s] INFO:colcon.colcon_core.executor:Executing jobs using 'parallel' executor
[0.182s] DEBUG:colcon.colcon_parallel_executor.executor.parallel:run_until_complete
[0.182s] INFO:colcon.colcon_ros.task.ament_cmake.build:Building ROS package in '/home/hanjiang/Desktop/my_try/my_try_ws/src/hjarm_golden' with build type 'ament_cmake'
[0.182s] INFO:colcon.colcon_cmake.task.cmake.build:Building CMake package in '/home/hanjiang/Desktop/my_try/my_try_ws/src/hjarm_golden'
[0.183s] INFO:colcon.colcon_core.plugin_system:Skipping extension 'colcon_core.shell.bat': Not used on non-Windows systems
[0.183s] INFO:colcon.colcon_core.shell:Skip shell extension 'powershell' for command environment: Not usable outside of PowerShell
[0.183s] DEBUG:colcon.colcon_core.shell:Skip shell extension 'dsv' for command environment
[0.185s] INFO:colcon.colcon_ros.task.ament_cmake.build:Building ROS package in '/home/hanjiang/Desktop/my_try/my_try_ws/src/arm_driver' with build type 'ament_cmake'
[0.185s] INFO:colcon.colcon_cmake.task.cmake.build:Building CMake package in '/home/hanjiang/Desktop/my_try/my_try_ws/src/arm_driver'
[0.185s] INFO:colcon.colcon_core.shell:Skip shell extension 'powershell' for command environment: Not usable outside of PowerShell
[0.185s] DEBUG:colcon.colcon_core.shell:Skip shell extension 'dsv' for command environment
[0.190s] DEBUG:colcon.colcon_core.event_handler.log_command:Invoking command in '/home/hanjiang/Desktop/my_try/my_try_ws/build/hjarm_golden': CMAKE_PREFIX_PATH=/opt/ros/humble /usr/bin/cmake --build /home/hanjiang/Desktop/my_try/my_try_ws/build/hjarm_golden -- -j20 -l20
[0.193s] DEBUG:colcon.colcon_core.event_handler.log_command:Invoking command in '/home/hanjiang/Desktop/my_try/my_try_ws/build/arm_driver': CMAKE_PREFIX_PATH=/opt/ros/humble /usr/bin/cmake --build /home/hanjiang/Desktop/my_try/my_try_ws/build/arm_driver -- -j20 -l20
[0.214s] DEBUG:colcon.colcon_core.event_handler.log_command:Invoked command in '/home/hanjiang/Desktop/my_try/my_try_ws/build/hjarm_golden' returned '0': CMAKE_PREFIX_PATH=/opt/ros/humble /usr/bin/cmake --build /home/hanjiang/Desktop/my_try/my_try_ws/build/hjarm_golden -- -j20 -l20
[0.221s] DEBUG:colcon.colcon_core.event_handler.log_command:Invoking command in '/home/hanjiang/Desktop/my_try/my_try_ws/build/hjarm_golden': CMAKE_PREFIX_PATH=/opt/ros/humble /usr/bin/cmake --install /home/hanjiang/Desktop/my_try/my_try_ws/build/hjarm_golden
[0.229s] Level 1:colcon.colcon_core.environment:create_environment_scripts_only(hjarm_golden)
[0.233s] DEBUG:colcon.colcon_core.event_handler.log_command:Invoked command in '/home/hanjiang/Desktop/my_try/my_try_ws/build/hjarm_golden' returned '0': CMAKE_PREFIX_PATH=/opt/ros/humble /usr/bin/cmake --install /home/hanjiang/Desktop/my_try/my_try_ws/build/hjarm_golden
[0.237s] Level 1:colcon.colcon_core.environment:checking '/home/hanjiang/Desktop/my_try/my_try_ws/install/hjarm_golden' for CMake module files
[0.238s] Level 1:colcon.colcon_core.environment:checking '/home/hanjiang/Desktop/my_try/my_try_ws/install/hjarm_golden' for CMake config files
[0.239s] Level 1:colcon.colcon_core.shell:create_environment_hook('hjarm_golden', 'cmake_prefix_path')
[0.239s] INFO:colcon.colcon_core.shell:Creating environment hook '/home/hanjiang/Desktop/my_try/my_try_ws/install/hjarm_golden/share/hjarm_golden/hook/cmake_prefix_path.ps1'
[0.241s] INFO:colcon.colcon_core.shell:Creating environment descriptor '/home/hanjiang/Desktop/my_try/my_try_ws/install/hjarm_golden/share/hjarm_golden/hook/cmake_prefix_path.dsv'
[0.242s] INFO:colcon.colcon_core.shell:Creating environment hook '/home/hanjiang/Desktop/my_try/my_try_ws/install/hjarm_golden/share/hjarm_golden/hook/cmake_prefix_path.sh'
[0.243s] Level 1:colcon.colcon_core.environment:checking '/home/hanjiang/Desktop/my_try/my_try_ws/install/hjarm_golden/bin'
[0.243s] Level 1:colcon.colcon_core.environment:checking '/home/hanjiang/Desktop/my_try/my_try_ws/install/hjarm_golden/lib/pkgconfig/hjarm_golden.pc'
[0.244s] Level 1:colcon.colcon_core.environment:checking '/home/hanjiang/Desktop/my_try/my_try_ws/install/hjarm_golden/lib/python3.10/site-packages'
[0.244s] Level 1:colcon.colcon_core.environment:checking '/home/hanjiang/Desktop/my_try/my_try_ws/install/hjarm_golden/bin'
[0.245s] INFO:colcon.colcon_core.shell:Creating package script '/home/hanjiang/Desktop/my_try/my_try_ws/install/hjarm_golden/share/hjarm_golden/package.ps1'
[0.246s] INFO:colcon.colcon_core.shell:Creating package descriptor '/home/hanjiang/Desktop/my_try/my_try_ws/install/hjarm_golden/share/hjarm_golden/package.dsv'
[0.247s] INFO:colcon.colcon_core.shell:Creating package script '/home/hanjiang/Desktop/my_try/my_try_ws/install/hjarm_golden/share/hjarm_golden/package.sh'
[0.249s] INFO:colcon.colcon_core.shell:Creating package script '/home/hanjiang/Desktop/my_try/my_try_ws/install/hjarm_golden/share/hjarm_golden/package.bash'
[0.250s] INFO:colcon.colcon_core.shell:Creating package script '/home/hanjiang/Desktop/my_try/my_try_ws/install/hjarm_golden/share/hjarm_golden/package.zsh'
[0.250s] Level 1:colcon.colcon_core.environment:create_file_with_runtime_dependencies(/home/hanjiang/Desktop/my_try/my_try_ws/install/hjarm_golden/share/colcon-core/packages/hjarm_golden)
[0.251s] Level 1:colcon.colcon_core.environment:create_environment_scripts_only(hjarm_golden)
[0.251s] Level 1:colcon.colcon_core.environment:checking '/home/hanjiang/Desktop/my_try/my_try_ws/install/hjarm_golden' for CMake module files
[0.251s] Level 1:colcon.colcon_core.environment:checking '/home/hanjiang/Desktop/my_try/my_try_ws/install/hjarm_golden' for CMake config files
[0.252s] Level 1:colcon.colcon_core.shell:create_environment_hook('hjarm_golden', 'cmake_prefix_path')
[0.252s] INFO:colcon.colcon_core.shell:Creating environment hook '/home/hanjiang/Desktop/my_try/my_try_ws/install/hjarm_golden/share/hjarm_golden/hook/cmake_prefix_path.ps1'
[0.252s] INFO:colcon.colcon_core.shell:Creating environment descriptor '/home/hanjiang/Desktop/my_try/my_try_ws/install/hjarm_golden/share/hjarm_golden/hook/cmake_prefix_path.dsv'
[0.252s] INFO:colcon.colcon_core.shell:Creating environment hook '/home/hanjiang/Desktop/my_try/my_try_ws/install/hjarm_golden/share/hjarm_golden/hook/cmake_prefix_path.sh'
[0.253s] Level 1:colcon.colcon_core.environment:checking '/home/hanjiang/Desktop/my_try/my_try_ws/install/hjarm_golden/bin'
[0.253s] Level 1:colcon.colcon_core.environment:checking '/home/hanjiang/Desktop/my_try/my_try_ws/install/hjarm_golden/lib/pkgconfig/hjarm_golden.pc'
[0.253s] Level 1:colcon.colcon_core.environment:checking '/home/hanjiang/Desktop/my_try/my_try_ws/install/hjarm_golden/lib/python3.10/site-packages'
[0.253s] Level 1:colcon.colcon_core.environment:checking '/home/hanjiang/Desktop/my_try/my_try_ws/install/hjarm_golden/bin'
[0.253s] INFO:colcon.colcon_core.shell:Creating package script '/home/hanjiang/Desktop/my_try/my_try_ws/install/hjarm_golden/share/hjarm_golden/package.ps1'
[0.253s] INFO:colcon.colcon_core.shell:Creating package descriptor '/home/hanjiang/Desktop/my_try/my_try_ws/install/hjarm_golden/share/hjarm_golden/package.dsv'
[0.254s] INFO:colcon.colcon_core.shell:Creating package script '/home/hanjiang/Desktop/my_try/my_try_ws/install/hjarm_golden/share/hjarm_golden/package.sh'
[0.254s] INFO:colcon.colcon_core.shell:Creating package script '/home/hanjiang/Desktop/my_try/my_try_ws/install/hjarm_golden/share/hjarm_golden/package.bash'
[0.254s] INFO:colcon.colcon_core.shell:Creating package script '/home/hanjiang/Desktop/my_try/my_try_ws/install/hjarm_golden/share/hjarm_golden/package.zsh'
[0.254s] Level 1:colcon.colcon_core.environment:create_file_with_runtime_dependencies(/home/hanjiang/Desktop/my_try/my_try_ws/install/hjarm_golden/share/colcon-core/packages/hjarm_golden)
[0.254s] INFO:colcon.colcon_ros.task.ament_cmake.build:Building ROS package in '/home/hanjiang/Desktop/my_try/my_try_ws/src/mybot_moveit2' with build type 'ament_cmake'
[0.255s] INFO:colcon.colcon_cmake.task.cmake.build:Building CMake package in '/home/hanjiang/Desktop/my_try/my_try_ws/src/mybot_moveit2'
[0.255s] INFO:colcon.colcon_core.shell:Skip shell extension 'powershell' for command environment: Not usable outside of PowerShell
[0.255s] DEBUG:colcon.colcon_core.shell:Skip shell extension 'dsv' for command environment
[0.261s] DEBUG:colcon.colcon_core.event_handler.log_command:Invoking command in '/home/hanjiang/Desktop/my_try/my_try_ws/build/mybot_moveit2': AMENT_PREFIX_PATH=/home/hanjiang/Desktop/my_try/my_try_ws/install/hjarm_golden:${AMENT_PREFIX_PATH} CMAKE_PREFIX_PATH=/home/hanjiang/Desktop/my_try/my_try_ws/install/hjarm_golden:/opt/ros/humble /usr/bin/cmake --build /home/hanjiang/Desktop/my_try/my_try_ws/build/mybot_moveit2 -- -j20 -l20
[0.285s] DEBUG:colcon.colcon_core.event_handler.log_command:Invoked command in '/home/hanjiang/Desktop/my_try/my_try_ws/build/mybot_moveit2' returned '0': AMENT_PREFIX_PATH=/home/hanjiang/Desktop/my_try/my_try_ws/install/hjarm_golden:${AMENT_PREFIX_PATH} CMAKE_PREFIX_PATH=/home/hanjiang/Desktop/my_try/my_try_ws/install/hjarm_golden:/opt/ros/humble /usr/bin/cmake --build /home/hanjiang/Desktop/my_try/my_try_ws/build/mybot_moveit2 -- -j20 -l20
[0.287s] DEBUG:colcon.colcon_core.event_handler.log_command:Invoking command in '/home/hanjiang/Desktop/my_try/my_try_ws/build/mybot_moveit2': AMENT_PREFIX_PATH=/home/hanjiang/Desktop/my_try/my_try_ws/install/hjarm_golden:${AMENT_PREFIX_PATH} CMAKE_PREFIX_PATH=/home/hanjiang/Desktop/my_try/my_try_ws/install/hjarm_golden:/opt/ros/humble /usr/bin/cmake --install /home/hanjiang/Desktop/my_try/my_try_ws/build/mybot_moveit2
[0.296s] Level 1:colcon.colcon_core.environment:create_environment_scripts_only(mybot_moveit2)
[0.296s] Level 1:colcon.colcon_core.environment:checking '/home/hanjiang/Desktop/my_try/my_try_ws/install/mybot_moveit2' for CMake module files
[0.296s] DEBUG:colcon.colcon_core.event_handler.log_command:Invoked command in '/home/hanjiang/Desktop/my_try/my_try_ws/build/mybot_moveit2' returned '0': AMENT_PREFIX_PATH=/home/hanjiang/Desktop/my_try/my_try_ws/install/hjarm_golden:${AMENT_PREFIX_PATH} CMAKE_PREFIX_PATH=/home/hanjiang/Desktop/my_try/my_try_ws/install/hjarm_golden:/opt/ros/humble /usr/bin/cmake --install /home/hanjiang/Desktop/my_try/my_try_ws/build/mybot_moveit2
[0.296s] Level 1:colcon.colcon_core.environment:checking '/home/hanjiang/Desktop/my_try/my_try_ws/install/mybot_moveit2' for CMake config files
[0.297s] Level 1:colcon.colcon_core.shell:create_environment_hook('mybot_moveit2', 'cmake_prefix_path')
[0.297s] INFO:colcon.colcon_core.shell:Creating environment hook '/home/hanjiang/Desktop/my_try/my_try_ws/install/mybot_moveit2/share/mybot_moveit2/hook/cmake_prefix_path.ps1'
[0.297s] INFO:colcon.colcon_core.shell:Creating environment descriptor '/home/hanjiang/Desktop/my_try/my_try_ws/install/mybot_moveit2/share/mybot_moveit2/hook/cmake_prefix_path.dsv'
[0.297s] INFO:colcon.colcon_core.shell:Creating environment hook '/home/hanjiang/Desktop/my_try/my_try_ws/install/mybot_moveit2/share/mybot_moveit2/hook/cmake_prefix_path.sh'
[0.298s] Level 1:colcon.colcon_core.environment:checking '/home/hanjiang/Desktop/my_try/my_try_ws/install/mybot_moveit2/lib'
[0.298s] Level 1:colcon.colcon_core.environment:checking '/home/hanjiang/Desktop/my_try/my_try_ws/install/mybot_moveit2/bin'
[0.298s] Level 1:colcon.colcon_core.environment:checking '/home/hanjiang/Desktop/my_try/my_try_ws/install/mybot_moveit2/lib/pkgconfig/mybot_moveit2.pc'
[0.298s] Level 1:colcon.colcon_core.environment:checking '/home/hanjiang/Desktop/my_try/my_try_ws/install/mybot_moveit2/lib/python3.10/site-packages'
[0.298s] Level 1:colcon.colcon_core.environment:checking '/home/hanjiang/Desktop/my_try/my_try_ws/install/mybot_moveit2/bin'
[0.299s] INFO:colcon.colcon_core.shell:Creating package script '/home/hanjiang/Desktop/my_try/my_try_ws/install/mybot_moveit2/share/mybot_moveit2/package.ps1'
[0.299s] INFO:colcon.colcon_core.shell:Creating package descriptor '/home/hanjiang/Desktop/my_try/my_try_ws/install/mybot_moveit2/share/mybot_moveit2/package.dsv'
[0.299s] INFO:colcon.colcon_core.shell:Creating package script '/home/hanjiang/Desktop/my_try/my_try_ws/install/mybot_moveit2/share/mybot_moveit2/package.sh'
[0.299s] INFO:colcon.colcon_core.shell:Creating package script '/home/hanjiang/Desktop/my_try/my_try_ws/install/mybot_moveit2/share/mybot_moveit2/package.bash'
[0.300s] INFO:colcon.colcon_core.shell:Creating package script '/home/hanjiang/Desktop/my_try/my_try_ws/install/mybot_moveit2/share/mybot_moveit2/package.zsh'
[0.300s] Level 1:colcon.colcon_core.environment:create_file_with_runtime_dependencies(/home/hanjiang/Desktop/my_try/my_try_ws/install/mybot_moveit2/share/colcon-core/packages/mybot_moveit2)
[0.300s] Level 1:colcon.colcon_core.environment:create_environment_scripts_only(mybot_moveit2)
[0.300s] Level 1:colcon.colcon_core.environment:checking '/home/hanjiang/Desktop/my_try/my_try_ws/install/mybot_moveit2' for CMake module files
[0.301s] Level 1:colcon.colcon_core.environment:checking '/home/hanjiang/Desktop/my_try/my_try_ws/install/mybot_moveit2' for CMake config files
[0.301s] Level 1:colcon.colcon_core.shell:create_environment_hook('mybot_moveit2', 'cmake_prefix_path')
[0.301s] INFO:colcon.colcon_core.shell:Creating environment hook '/home/hanjiang/Desktop/my_try/my_try_ws/install/mybot_moveit2/share/mybot_moveit2/hook/cmake_prefix_path.ps1'
[0.301s] INFO:colcon.colcon_core.shell:Creating environment descriptor '/home/hanjiang/Desktop/my_try/my_try_ws/install/mybot_moveit2/share/mybot_moveit2/hook/cmake_prefix_path.dsv'
[0.302s] INFO:colcon.colcon_core.shell:Creating environment hook '/home/hanjiang/Desktop/my_try/my_try_ws/install/mybot_moveit2/share/mybot_moveit2/hook/cmake_prefix_path.sh'
[0.302s] Level 1:colcon.colcon_core.environment:checking '/home/hanjiang/Desktop/my_try/my_try_ws/install/mybot_moveit2/lib'
[0.302s] Level 1:colcon.colcon_core.environment:checking '/home/hanjiang/Desktop/my_try/my_try_ws/install/mybot_moveit2/bin'
[0.302s] Level 1:colcon.colcon_core.environment:checking '/home/hanjiang/Desktop/my_try/my_try_ws/install/mybot_moveit2/lib/pkgconfig/mybot_moveit2.pc'
[0.303s] Level 1:colcon.colcon_core.environment:checking '/home/hanjiang/Desktop/my_try/my_try_ws/install/mybot_moveit2/lib/python3.10/site-packages'
[0.303s] Level 1:colcon.colcon_core.environment:checking '/home/hanjiang/Desktop/my_try/my_try_ws/install/mybot_moveit2/bin'
[0.303s] INFO:colcon.colcon_core.shell:Creating package script '/home/hanjiang/Desktop/my_try/my_try_ws/install/mybot_moveit2/share/mybot_moveit2/package.ps1'
[0.304s] INFO:colcon.colcon_core.shell:Creating package descriptor '/home/hanjiang/Desktop/my_try/my_try_ws/install/mybot_moveit2/share/mybot_moveit2/package.dsv'
[0.304s] INFO:colcon.colcon_core.shell:Creating package script '/home/hanjiang/Desktop/my_try/my_try_ws/install/mybot_moveit2/share/mybot_moveit2/package.sh'
[0.305s] INFO:colcon.colcon_core.shell:Creating package script '/home/hanjiang/Desktop/my_try/my_try_ws/install/mybot_moveit2/share/mybot_moveit2/package.bash'
[0.305s] INFO:colcon.colcon_core.shell:Creating package script '/home/hanjiang/Desktop/my_try/my_try_ws/install/mybot_moveit2/share/mybot_moveit2/package.zsh'
[0.305s] Level 1:colcon.colcon_core.environment:create_file_with_runtime_dependencies(/home/hanjiang/Desktop/my_try/my_try_ws/install/mybot_moveit2/share/colcon-core/packages/mybot_moveit2)
[4.071s] DEBUG:colcon.colcon_core.event_handler.log_command:Invoked command in '/home/hanjiang/Desktop/my_try/my_try_ws/build/arm_driver' returned '0': CMAKE_PREFIX_PATH=/opt/ros/humble /usr/bin/cmake --build /home/hanjiang/Desktop/my_try/my_try_ws/build/arm_driver -- -j20 -l20
[4.072s] DEBUG:colcon.colcon_core.event_handler.log_command:Invoking command in '/home/hanjiang/Desktop/my_try/my_try_ws/build/arm_driver': CMAKE_PREFIX_PATH=/opt/ros/humble /usr/bin/cmake --install /home/hanjiang/Desktop/my_try/my_try_ws/build/arm_driver
[4.123s] Level 1:colcon.colcon_core.environment:create_environment_scripts_only(arm_driver)
[4.123s] Level 1:colcon.colcon_core.environment:checking '/home/hanjiang/Desktop/my_try/my_try_ws/install/arm_driver' for CMake module files
[4.124s] DEBUG:colcon.colcon_core.event_handler.log_command:Invoked command in '/home/hanjiang/Desktop/my_try/my_try_ws/build/arm_driver' returned '0': CMAKE_PREFIX_PATH=/opt/ros/humble /usr/bin/cmake --install /home/hanjiang/Desktop/my_try/my_try_ws/build/arm_driver
[4.124s] Level 1:colcon.colcon_core.environment:checking '/home/hanjiang/Desktop/my_try/my_try_ws/install/arm_driver' for CMake config files
[4.124s] Level 1:colcon.colcon_core.shell:create_environment_hook('arm_driver', 'cmake_prefix_path')
[4.124s] INFO:colcon.colcon_core.shell:Creating environment hook '/home/hanjiang/Desktop/my_try/my_try_ws/install/arm_driver/share/arm_driver/hook/cmake_prefix_path.ps1'
[4.125s] INFO:colcon.colcon_core.shell:Creating environment descriptor '/home/hanjiang/Desktop/my_try/my_try_ws/install/arm_driver/share/arm_driver/hook/cmake_prefix_path.dsv'
[4.125s] INFO:colcon.colcon_core.shell:Creating environment hook '/home/hanjiang/Desktop/my_try/my_try_ws/install/arm_driver/share/arm_driver/hook/cmake_prefix_path.sh'
[4.125s] Level 1:colcon.colcon_core.environment:checking '/home/hanjiang/Desktop/my_try/my_try_ws/install/arm_driver/lib'
[4.125s] Level 1:colcon.colcon_core.shell:create_environment_hook('arm_driver', 'ld_library_path_lib')
[4.126s] INFO:colcon.colcon_core.shell:Creating environment hook '/home/hanjiang/Desktop/my_try/my_try_ws/install/arm_driver/share/arm_driver/hook/ld_library_path_lib.ps1'
[4.126s] INFO:colcon.colcon_core.shell:Creating environment descriptor '/home/hanjiang/Desktop/my_try/my_try_ws/install/arm_driver/share/arm_driver/hook/ld_library_path_lib.dsv'
[4.126s] INFO:colcon.colcon_core.shell:Creating environment hook '/home/hanjiang/Desktop/my_try/my_try_ws/install/arm_driver/share/arm_driver/hook/ld_library_path_lib.sh'
[4.126s] Level 1:colcon.colcon_core.environment:checking '/home/hanjiang/Desktop/my_try/my_try_ws/install/arm_driver/bin'
[4.126s] Level 1:colcon.colcon_core.environment:checking '/home/hanjiang/Desktop/my_try/my_try_ws/install/arm_driver/lib/pkgconfig/arm_driver.pc'
[4.127s] Level 1:colcon.colcon_core.environment:checking '/home/hanjiang/Desktop/my_try/my_try_ws/install/arm_driver/lib/python3.10/site-packages'
[4.127s] Level 1:colcon.colcon_core.environment:checking '/home/hanjiang/Desktop/my_try/my_try_ws/install/arm_driver/bin'
[4.127s] INFO:colcon.colcon_core.shell:Creating package script '/home/hanjiang/Desktop/my_try/my_try_ws/install/arm_driver/share/arm_driver/package.ps1'
[4.127s] INFO:colcon.colcon_core.shell:Creating package descriptor '/home/hanjiang/Desktop/my_try/my_try_ws/install/arm_driver/share/arm_driver/package.dsv'
[4.127s] INFO:colcon.colcon_core.shell:Creating package script '/home/hanjiang/Desktop/my_try/my_try_ws/install/arm_driver/share/arm_driver/package.sh'
[4.128s] INFO:colcon.colcon_core.shell:Creating package script '/home/hanjiang/Desktop/my_try/my_try_ws/install/arm_driver/share/arm_driver/package.bash'
[4.128s] INFO:colcon.colcon_core.shell:Creating package script '/home/hanjiang/Desktop/my_try/my_try_ws/install/arm_driver/share/arm_driver/package.zsh'
[4.128s] Level 1:colcon.colcon_core.environment:create_file_with_runtime_dependencies(/home/hanjiang/Desktop/my_try/my_try_ws/install/arm_driver/share/colcon-core/packages/arm_driver)
[4.128s] Level 1:colcon.colcon_core.environment:create_environment_scripts_only(arm_driver)
[4.129s] Level 1:colcon.colcon_core.environment:checking '/home/hanjiang/Desktop/my_try/my_try_ws/install/arm_driver' for CMake module files
[4.129s] Level 1:colcon.colcon_core.environment:checking '/home/hanjiang/Desktop/my_try/my_try_ws/install/arm_driver' for CMake config files
[4.129s] Level 1:colcon.colcon_core.shell:create_environment_hook('arm_driver', 'cmake_prefix_path')
[4.129s] INFO:colcon.colcon_core.shell:Creating environment hook '/home/hanjiang/Desktop/my_try/my_try_ws/install/arm_driver/share/arm_driver/hook/cmake_prefix_path.ps1'
[4.129s] INFO:colcon.colcon_core.shell:Creating environment descriptor '/home/hanjiang/Desktop/my_try/my_try_ws/install/arm_driver/share/arm_driver/hook/cmake_prefix_path.dsv'
[4.130s] INFO:colcon.colcon_core.shell:Creating environment hook '/home/hanjiang/Desktop/my_try/my_try_ws/install/arm_driver/share/arm_driver/hook/cmake_prefix_path.sh'
[4.130s] Level 1:colcon.colcon_core.environment:checking '/home/hanjiang/Desktop/my_try/my_try_ws/install/arm_driver/lib'
[4.130s] Level 1:colcon.colcon_core.shell:create_environment_hook('arm_driver', 'ld_library_path_lib')
[4.130s] INFO:colcon.colcon_core.shell:Creating environment hook '/home/hanjiang/Desktop/my_try/my_try_ws/install/arm_driver/share/arm_driver/hook/ld_library_path_lib.ps1'
[4.130s] INFO:colcon.colcon_core.shell:Creating environment descriptor '/home/hanjiang/Desktop/my_try/my_try_ws/install/arm_driver/share/arm_driver/hook/ld_library_path_lib.dsv'
[4.131s] INFO:colcon.colcon_core.shell:Creating environment hook '/home/hanjiang/Desktop/my_try/my_try_ws/install/arm_driver/share/arm_driver/hook/ld_library_path_lib.sh'
[4.131s] Level 1:colcon.colcon_core.environment:checking '/home/hanjiang/Desktop/my_try/my_try_ws/install/arm_driver/bin'
[4.131s] Level 1:colcon.colcon_core.environment:checking '/home/hanjiang/Desktop/my_try/my_try_ws/install/arm_driver/lib/pkgconfig/arm_driver.pc'
[4.131s] Level 1:colcon.colcon_core.environment:checking '/home/hanjiang/Desktop/my_try/my_try_ws/install/arm_driver/lib/python3.10/site-packages'
[4.131s] Level 1:colcon.colcon_core.environment:checking '/home/hanjiang/Desktop/my_try/my_try_ws/install/arm_driver/bin'
[4.131s] INFO:colcon.colcon_core.shell:Creating package script '/home/hanjiang/Desktop/my_try/my_try_ws/install/arm_driver/share/arm_driver/package.ps1'
[4.132s] INFO:colcon.colcon_core.shell:Creating package descriptor '/home/hanjiang/Desktop/my_try/my_try_ws/install/arm_driver/share/arm_driver/package.dsv'
[4.132s] INFO:colcon.colcon_core.shell:Creating package script '/home/hanjiang/Desktop/my_try/my_try_ws/install/arm_driver/share/arm_driver/package.sh'
[4.132s] INFO:colcon.colcon_core.shell:Creating package script '/home/hanjiang/Desktop/my_try/my_try_ws/install/arm_driver/share/arm_driver/package.bash'
[4.132s] INFO:colcon.colcon_core.shell:Creating package script '/home/hanjiang/Desktop/my_try/my_try_ws/install/arm_driver/share/arm_driver/package.zsh'
[4.132s] Level 1:colcon.colcon_core.environment:create_file_with_runtime_dependencies(/home/hanjiang/Desktop/my_try/my_try_ws/install/arm_driver/share/colcon-core/packages/arm_driver)
[4.133s] DEBUG:colcon.colcon_parallel_executor.executor.parallel:closing loop
[4.133s] DEBUG:colcon.colcon_parallel_executor.executor.parallel:loop closed
[4.133s] DEBUG:colcon.colcon_parallel_executor.executor.parallel:run_until_complete finished with '0'
[4.133s] DEBUG:colcon.colcon_core.event_reactor:joining thread
[4.137s] INFO:colcon.colcon_core.plugin_system:Skipping extension 'colcon_notification.desktop_notification.terminal_notifier': Not used on non-Darwin systems
[4.137s] INFO:colcon.colcon_core.plugin_system:Skipping extension 'colcon_notification.desktop_notification.win32': Not used on non-Windows systems
[4.137s] INFO:colcon.colcon_notification.desktop_notification:Sending desktop notification using 'notify2'
[4.145s] DEBUG:colcon.colcon_core.event_reactor:joined thread
[4.146s] INFO:colcon.colcon_core.shell:Creating prefix script '/home/hanjiang/Desktop/my_try/my_try_ws/install/local_setup.ps1'
[4.146s] INFO:colcon.colcon_core.shell:Creating prefix util module '/home/hanjiang/Desktop/my_try/my_try_ws/install/_local_setup_util_ps1.py'
[4.147s] INFO:colcon.colcon_core.shell:Creating prefix chain script '/home/hanjiang/Desktop/my_try/my_try_ws/install/setup.ps1'
[4.148s] INFO:colcon.colcon_core.shell:Creating prefix script '/home/hanjiang/Desktop/my_try/my_try_ws/install/local_setup.sh'
[4.148s] INFO:colcon.colcon_core.shell:Creating prefix util module '/home/hanjiang/Desktop/my_try/my_try_ws/install/_local_setup_util_sh.py'
[4.149s] INFO:colcon.colcon_core.shell:Creating prefix chain script '/home/hanjiang/Desktop/my_try/my_try_ws/install/setup.sh'
[4.149s] INFO:colcon.colcon_core.shell:Creating prefix script '/home/hanjiang/Desktop/my_try/my_try_ws/install/local_setup.bash'
[4.150s] INFO:colcon.colcon_core.shell:Creating prefix chain script '/home/hanjiang/Desktop/my_try/my_try_ws/install/setup.bash'
[4.150s] INFO:colcon.colcon_core.shell:Creating prefix script '/home/hanjiang/Desktop/my_try/my_try_ws/install/local_setup.zsh'
[4.151s] INFO:colcon.colcon_core.shell:Creating prefix chain script '/home/hanjiang/Desktop/my_try/my_try_ws/install/setup.zsh'
