[0.083s] DEBUG:colcon:Command line arguments: ['/usr/bin/colcon', 'build']
[0.083s] DEBUG:colcon:Parsed command line arguments: Namespace(log_base=None, log_level=None, verb_name='build', build_base='build', install_base='install', merge_install=False, symlink_install=False, test_result_base=None, continue_on_error=False, executor='parallel', parallel_workers=20, event_handlers=None, ignore_user_meta=False, metas=['./colcon.meta'], base_paths=['.'], packages_ignore=None, packages_ignore_regex=None, paths=None, packages_up_to=None, packages_up_to_regex=None, packages_above=None, packages_above_and_dependencies=None, packages_above_depth=None, packages_select_by_dep=None, packages_skip_by_dep=None, packages_skip_up_to=None, packages_select_build_failed=False, packages_skip_build_finished=False, packages_select_test_failures=False, packages_skip_test_passed=False, packages_select=None, packages_skip=None, packages_select_regex=None, packages_skip_regex=None, packages_start=None, packages_end=None, allow_overriding=[], cmake_args=None, cmake_target=None, cmake_target_skip_unavailable=False, cmake_clean_cache=False, cmake_clean_first=False, cmake_force_configure=False, ament_cmake_args=None, catkin_cmake_args=None, catkin_skip_building_tests=False, verb_parser=<colcon_defaults.argument_parser.defaults.DefaultArgumentsDecorator object at 0x76f5d0adca30>, verb_extension=<colcon_core.verb.build.BuildVerb object at 0x76f5d0adc250>, main=<bound method BuildVerb.main of <colcon_core.verb.build.BuildVerb object at 0x76f5d0adc250>>)
[0.197s] Level 1:colcon.colcon_core.package_discovery:discover_packages(colcon_meta) check parameters
[0.197s] Level 1:colcon.colcon_core.package_discovery:discover_packages(recursive) check parameters
[0.197s] Level 1:colcon.colcon_core.package_discovery:discover_packages(ignore) check parameters
[0.197s] Level 1:colcon.colcon_core.package_discovery:discover_packages(path) check parameters
[0.197s] Level 1:colcon.colcon_core.package_discovery:discover_packages(colcon_meta) discover
[0.197s] Level 1:colcon.colcon_core.package_discovery:discover_packages(recursive) discover
[0.197s] INFO:colcon.colcon_core.package_discovery:Crawling recursively for packages in '/home/hanjiang/Desktop/my_try/my_try_ws'
[0.197s] Level 1:colcon.colcon_core.package_identification:_identify(.) by extensions ['ignore', 'ignore_ament_install']
[0.197s] Level 1:colcon.colcon_core.package_identification:_identify(.) by extension 'ignore'
[0.197s] Level 1:colcon.colcon_core.package_identification:_identify(.) by extension 'ignore_ament_install'
[0.197s] Level 1:colcon.colcon_core.package_identification:_identify(.) by extensions ['colcon_pkg']
[0.197s] Level 1:colcon.colcon_core.package_identification:_identify(.) by extension 'colcon_pkg'
[0.197s] Level 1:colcon.colcon_core.package_identification:_identify(.) by extensions ['colcon_meta']
[0.197s] Level 1:colcon.colcon_core.package_identification:_identify(.) by extension 'colcon_meta'
[0.197s] Level 1:colcon.colcon_core.package_identification:_identify(.) by extensions ['ros']
[0.197s] Level 1:colcon.colcon_core.package_identification:_identify(.) by extension 'ros'
[0.204s] Level 1:colcon.colcon_core.package_identification:_identify(.) by extensions ['cmake', 'python']
[0.204s] Level 1:colcon.colcon_core.package_identification:_identify(.) by extension 'cmake'
[0.204s] Level 1:colcon.colcon_core.package_identification:_identify(.) by extension 'python'
[0.204s] Level 1:colcon.colcon_core.package_identification:_identify(.) by extensions ['python_setup_py']
[0.204s] Level 1:colcon.colcon_core.package_identification:_identify(.) by extension 'python_setup_py'
[0.204s] Level 1:colcon.colcon_core.package_identification:_identify(build) by extensions ['ignore', 'ignore_ament_install']
[0.204s] Level 1:colcon.colcon_core.package_identification:_identify(build) by extension 'ignore'
[0.204s] Level 1:colcon.colcon_core.package_identification:_identify(build) ignored
[0.204s] Level 1:colcon.colcon_core.package_identification:_identify(install) by extensions ['ignore', 'ignore_ament_install']
[0.204s] Level 1:colcon.colcon_core.package_identification:_identify(install) by extension 'ignore'
[0.204s] Level 1:colcon.colcon_core.package_identification:_identify(install) ignored
[0.204s] Level 1:colcon.colcon_core.package_identification:_identify(log) by extensions ['ignore', 'ignore_ament_install']
[0.205s] Level 1:colcon.colcon_core.package_identification:_identify(log) by extension 'ignore'
[0.205s] Level 1:colcon.colcon_core.package_identification:_identify(log) ignored
[0.205s] Level 1:colcon.colcon_core.package_identification:_identify(src) by extensions ['ignore', 'ignore_ament_install']
[0.205s] Level 1:colcon.colcon_core.package_identification:_identify(src) by extension 'ignore'
[0.205s] Level 1:colcon.colcon_core.package_identification:_identify(src) by extension 'ignore_ament_install'
[0.205s] Level 1:colcon.colcon_core.package_identification:_identify(src) by extensions ['colcon_pkg']
[0.205s] Level 1:colcon.colcon_core.package_identification:_identify(src) by extension 'colcon_pkg'
[0.205s] Level 1:colcon.colcon_core.package_identification:_identify(src) by extensions ['colcon_meta']
[0.205s] Level 1:colcon.colcon_core.package_identification:_identify(src) by extension 'colcon_meta'
[0.205s] Level 1:colcon.colcon_core.package_identification:_identify(src) by extensions ['ros']
[0.205s] Level 1:colcon.colcon_core.package_identification:_identify(src) by extension 'ros'
[0.205s] Level 1:colcon.colcon_core.package_identification:_identify(src) by extensions ['cmake', 'python']
[0.205s] Level 1:colcon.colcon_core.package_identification:_identify(src) by extension 'cmake'
[0.205s] Level 1:colcon.colcon_core.package_identification:_identify(src) by extension 'python'
[0.205s] Level 1:colcon.colcon_core.package_identification:_identify(src) by extensions ['python_setup_py']
[0.205s] Level 1:colcon.colcon_core.package_identification:_identify(src) by extension 'python_setup_py'
[0.205s] Level 1:colcon.colcon_core.package_identification:_identify(src/arm_driver) by extensions ['ignore', 'ignore_ament_install']
[0.205s] Level 1:colcon.colcon_core.package_identification:_identify(src/arm_driver) by extension 'ignore'
[0.205s] Level 1:colcon.colcon_core.package_identification:_identify(src/arm_driver) by extension 'ignore_ament_install'
[0.205s] Level 1:colcon.colcon_core.package_identification:_identify(src/arm_driver) by extensions ['colcon_pkg']
[0.205s] Level 1:colcon.colcon_core.package_identification:_identify(src/arm_driver) by extension 'colcon_pkg'
[0.205s] Level 1:colcon.colcon_core.package_identification:_identify(src/arm_driver) by extensions ['colcon_meta']
[0.205s] Level 1:colcon.colcon_core.package_identification:_identify(src/arm_driver) by extension 'colcon_meta'
[0.205s] Level 1:colcon.colcon_core.package_identification:_identify(src/arm_driver) by extensions ['ros']
[0.205s] Level 1:colcon.colcon_core.package_identification:_identify(src/arm_driver) by extension 'ros'
[0.209s] DEBUG:colcon.colcon_core.package_identification:Package 'src/arm_driver' with type 'ros.ament_cmake' and name 'arm_driver'
[0.209s] Level 1:colcon.colcon_core.package_identification:_identify(src/hjarm_golden) by extensions ['ignore', 'ignore_ament_install']
[0.209s] Level 1:colcon.colcon_core.package_identification:_identify(src/hjarm_golden) by extension 'ignore'
[0.209s] Level 1:colcon.colcon_core.package_identification:_identify(src/hjarm_golden) by extension 'ignore_ament_install'
[0.209s] Level 1:colcon.colcon_core.package_identification:_identify(src/hjarm_golden) by extensions ['colcon_pkg']
[0.209s] Level 1:colcon.colcon_core.package_identification:_identify(src/hjarm_golden) by extension 'colcon_pkg'
[0.209s] Level 1:colcon.colcon_core.package_identification:_identify(src/hjarm_golden) by extensions ['colcon_meta']
[0.209s] Level 1:colcon.colcon_core.package_identification:_identify(src/hjarm_golden) by extension 'colcon_meta'
[0.209s] Level 1:colcon.colcon_core.package_identification:_identify(src/hjarm_golden) by extensions ['ros']
[0.209s] Level 1:colcon.colcon_core.package_identification:_identify(src/hjarm_golden) by extension 'ros'
[0.210s] DEBUG:colcon.colcon_core.package_identification:Package 'src/hjarm_golden' with type 'ros.ament_cmake' and name 'hjarm_golden'
[0.210s] Level 1:colcon.colcon_core.package_identification:_identify(src/mybot_moveit2) by extensions ['ignore', 'ignore_ament_install']
[0.210s] Level 1:colcon.colcon_core.package_identification:_identify(src/mybot_moveit2) by extension 'ignore'
[0.210s] Level 1:colcon.colcon_core.package_identification:_identify(src/mybot_moveit2) by extension 'ignore_ament_install'
[0.210s] Level 1:colcon.colcon_core.package_identification:_identify(src/mybot_moveit2) by extensions ['colcon_pkg']
[0.210s] Level 1:colcon.colcon_core.package_identification:_identify(src/mybot_moveit2) by extension 'colcon_pkg'
[0.210s] Level 1:colcon.colcon_core.package_identification:_identify(src/mybot_moveit2) by extensions ['colcon_meta']
[0.210s] Level 1:colcon.colcon_core.package_identification:_identify(src/mybot_moveit2) by extension 'colcon_meta'
[0.210s] Level 1:colcon.colcon_core.package_identification:_identify(src/mybot_moveit2) by extensions ['ros']
[0.210s] Level 1:colcon.colcon_core.package_identification:_identify(src/mybot_moveit2) by extension 'ros'
[0.211s] DEBUG:colcon.colcon_core.package_identification:Package 'src/mybot_moveit2' with type 'ros.ament_cmake' and name 'mybot_moveit2'
[0.211s] Level 1:colcon.colcon_core.package_discovery:discover_packages(recursive) using defaults
[0.211s] Level 1:colcon.colcon_core.package_discovery:discover_packages(ignore) discover
[0.211s] Level 1:colcon.colcon_core.package_discovery:discover_packages(ignore) using defaults
[0.211s] Level 1:colcon.colcon_core.package_discovery:discover_packages(path) discover
[0.211s] Level 1:colcon.colcon_core.package_discovery:discover_packages(path) using defaults
[0.231s] Level 1:colcon.colcon_core.package_discovery:discover_packages(prefix_path) check parameters
[0.231s] Level 1:colcon.colcon_core.package_discovery:discover_packages(prefix_path) discover
[0.233s] DEBUG:colcon.colcon_installed_package_information.package_discovery:Found 3 installed packages in /home/hanjiang/Desktop/my_try/my_try_ws/install
[0.234s] DEBUG:colcon.colcon_installed_package_information.package_discovery:Found 376 installed packages in /opt/ros/humble
[0.235s] Level 1:colcon.colcon_core.package_discovery:discover_packages(prefix_path) using defaults
[0.257s] Level 5:colcon.colcon_core.verb:set package 'arm_driver' build argument 'cmake_args' from command line to 'None'
[0.257s] Level 5:colcon.colcon_core.verb:set package 'arm_driver' build argument 'cmake_target' from command line to 'None'
[0.257s] Level 5:colcon.colcon_core.verb:set package 'arm_driver' build argument 'cmake_target_skip_unavailable' from command line to 'False'
[0.257s] Level 5:colcon.colcon_core.verb:set package 'arm_driver' build argument 'cmake_clean_cache' from command line to 'False'
[0.257s] Level 5:colcon.colcon_core.verb:set package 'arm_driver' build argument 'cmake_clean_first' from command line to 'False'
[0.257s] Level 5:colcon.colcon_core.verb:set package 'arm_driver' build argument 'cmake_force_configure' from command line to 'False'
[0.257s] Level 5:colcon.colcon_core.verb:set package 'arm_driver' build argument 'ament_cmake_args' from command line to 'None'
[0.257s] Level 5:colcon.colcon_core.verb:set package 'arm_driver' build argument 'catkin_cmake_args' from command line to 'None'
[0.257s] Level 5:colcon.colcon_core.verb:set package 'arm_driver' build argument 'catkin_skip_building_tests' from command line to 'False'
[0.257s] DEBUG:colcon.colcon_core.verb:Building package 'arm_driver' with the following arguments: {'ament_cmake_args': None, 'build_base': '/home/hanjiang/Desktop/my_try/my_try_ws/build/arm_driver', 'catkin_cmake_args': None, 'catkin_skip_building_tests': False, 'cmake_args': None, 'cmake_clean_cache': False, 'cmake_clean_first': False, 'cmake_force_configure': False, 'cmake_target': None, 'cmake_target_skip_unavailable': False, 'install_base': '/home/hanjiang/Desktop/my_try/my_try_ws/install/arm_driver', 'merge_install': False, 'path': '/home/hanjiang/Desktop/my_try/my_try_ws/src/arm_driver', 'symlink_install': False, 'test_result_base': None}
[0.258s] Level 5:colcon.colcon_core.verb:set package 'hjarm_golden' build argument 'cmake_args' from command line to 'None'
[0.258s] Level 5:colcon.colcon_core.verb:set package 'hjarm_golden' build argument 'cmake_target' from command line to 'None'
[0.258s] Level 5:colcon.colcon_core.verb:set package 'hjarm_golden' build argument 'cmake_target_skip_unavailable' from command line to 'False'
[0.258s] Level 5:colcon.colcon_core.verb:set package 'hjarm_golden' build argument 'cmake_clean_cache' from command line to 'False'
[0.258s] Level 5:colcon.colcon_core.verb:set package 'hjarm_golden' build argument 'cmake_clean_first' from command line to 'False'
[0.258s] Level 5:colcon.colcon_core.verb:set package 'hjarm_golden' build argument 'cmake_force_configure' from command line to 'False'
[0.258s] Level 5:colcon.colcon_core.verb:set package 'hjarm_golden' build argument 'ament_cmake_args' from command line to 'None'
[0.258s] Level 5:colcon.colcon_core.verb:set package 'hjarm_golden' build argument 'catkin_cmake_args' from command line to 'None'
[0.258s] Level 5:colcon.colcon_core.verb:set package 'hjarm_golden' build argument 'catkin_skip_building_tests' from command line to 'False'
[0.258s] DEBUG:colcon.colcon_core.verb:Building package 'hjarm_golden' with the following arguments: {'ament_cmake_args': None, 'build_base': '/home/hanjiang/Desktop/my_try/my_try_ws/build/hjarm_golden', 'catkin_cmake_args': None, 'catkin_skip_building_tests': False, 'cmake_args': None, 'cmake_clean_cache': False, 'cmake_clean_first': False, 'cmake_force_configure': False, 'cmake_target': None, 'cmake_target_skip_unavailable': False, 'install_base': '/home/hanjiang/Desktop/my_try/my_try_ws/install/hjarm_golden', 'merge_install': False, 'path': '/home/hanjiang/Desktop/my_try/my_try_ws/src/hjarm_golden', 'symlink_install': False, 'test_result_base': None}
[0.258s] Level 5:colcon.colcon_core.verb:set package 'mybot_moveit2' build argument 'cmake_args' from command line to 'None'
[0.258s] Level 5:colcon.colcon_core.verb:set package 'mybot_moveit2' build argument 'cmake_target' from command line to 'None'
[0.258s] Level 5:colcon.colcon_core.verb:set package 'mybot_moveit2' build argument 'cmake_target_skip_unavailable' from command line to 'False'
[0.258s] Level 5:colcon.colcon_core.verb:set package 'mybot_moveit2' build argument 'cmake_clean_cache' from command line to 'False'
[0.258s] Level 5:colcon.colcon_core.verb:set package 'mybot_moveit2' build argument 'cmake_clean_first' from command line to 'False'
[0.258s] Level 5:colcon.colcon_core.verb:set package 'mybot_moveit2' build argument 'cmake_force_configure' from command line to 'False'
[0.258s] Level 5:colcon.colcon_core.verb:set package 'mybot_moveit2' build argument 'ament_cmake_args' from command line to 'None'
[0.258s] Level 5:colcon.colcon_core.verb:set package 'mybot_moveit2' build argument 'catkin_cmake_args' from command line to 'None'
[0.258s] Level 5:colcon.colcon_core.verb:set package 'mybot_moveit2' build argument 'catkin_skip_building_tests' from command line to 'False'
[0.258s] DEBUG:colcon.colcon_core.verb:Building package 'mybot_moveit2' with the following arguments: {'ament_cmake_args': None, 'build_base': '/home/hanjiang/Desktop/my_try/my_try_ws/build/mybot_moveit2', 'catkin_cmake_args': None, 'catkin_skip_building_tests': False, 'cmake_args': None, 'cmake_clean_cache': False, 'cmake_clean_first': False, 'cmake_force_configure': False, 'cmake_target': None, 'cmake_target_skip_unavailable': False, 'install_base': '/home/hanjiang/Desktop/my_try/my_try_ws/install/mybot_moveit2', 'merge_install': False, 'path': '/home/hanjiang/Desktop/my_try/my_try_ws/src/mybot_moveit2', 'symlink_install': False, 'test_result_base': None}
[0.258s] INFO:colcon.colcon_core.executor:Executing jobs using 'parallel' executor
[0.259s] DEBUG:colcon.colcon_parallel_executor.executor.parallel:run_until_complete
[0.259s] INFO:colcon.colcon_ros.task.ament_cmake.build:Building ROS package in '/home/hanjiang/Desktop/my_try/my_try_ws/src/hjarm_golden' with build type 'ament_cmake'
[0.259s] INFO:colcon.colcon_cmake.task.cmake.build:Building CMake package in '/home/hanjiang/Desktop/my_try/my_try_ws/src/hjarm_golden'
[0.261s] INFO:colcon.colcon_core.plugin_system:Skipping extension 'colcon_core.shell.bat': Not used on non-Windows systems
[0.261s] INFO:colcon.colcon_core.shell:Skip shell extension 'powershell' for command environment: Not usable outside of PowerShell
[0.261s] DEBUG:colcon.colcon_core.shell:Skip shell extension 'dsv' for command environment
[0.264s] INFO:colcon.colcon_ros.task.ament_cmake.build:Building ROS package in '/home/hanjiang/Desktop/my_try/my_try_ws/src/arm_driver' with build type 'ament_cmake'
[0.264s] INFO:colcon.colcon_cmake.task.cmake.build:Building CMake package in '/home/hanjiang/Desktop/my_try/my_try_ws/src/arm_driver'
[0.264s] INFO:colcon.colcon_core.shell:Skip shell extension 'powershell' for command environment: Not usable outside of PowerShell
[0.264s] DEBUG:colcon.colcon_core.shell:Skip shell extension 'dsv' for command environment
[0.268s] DEBUG:colcon.colcon_core.event_handler.log_command:Invoking command in '/home/hanjiang/Desktop/my_try/my_try_ws/build/hjarm_golden': CMAKE_PREFIX_PATH=${CMAKE_PREFIX_PATH}:/opt/ros/humble /usr/bin/cmake --build /home/hanjiang/Desktop/my_try/my_try_ws/build/hjarm_golden -- -j20 -l20
[0.272s] DEBUG:colcon.colcon_core.event_handler.log_command:Invoking command in '/home/hanjiang/Desktop/my_try/my_try_ws/build/arm_driver': CMAKE_PREFIX_PATH=${CMAKE_PREFIX_PATH}:/opt/ros/humble /usr/bin/cmake --build /home/hanjiang/Desktop/my_try/my_try_ws/build/arm_driver -- -j20 -l20
[0.302s] DEBUG:colcon.colcon_core.event_handler.log_command:Invoked command in '/home/hanjiang/Desktop/my_try/my_try_ws/build/hjarm_golden' returned '0': CMAKE_PREFIX_PATH=${CMAKE_PREFIX_PATH}:/opt/ros/humble /usr/bin/cmake --build /home/hanjiang/Desktop/my_try/my_try_ws/build/hjarm_golden -- -j20 -l20
[0.310s] DEBUG:colcon.colcon_core.event_handler.log_command:Invoking command in '/home/hanjiang/Desktop/my_try/my_try_ws/build/hjarm_golden': CMAKE_PREFIX_PATH=${CMAKE_PREFIX_PATH}:/opt/ros/humble /usr/bin/cmake --install /home/hanjiang/Desktop/my_try/my_try_ws/build/hjarm_golden
[0.356s] Level 1:colcon.colcon_core.environment:create_environment_scripts_only(hjarm_golden)
[0.357s] DEBUG:colcon.colcon_core.event_handler.log_command:Invoked command in '/home/hanjiang/Desktop/my_try/my_try_ws/build/hjarm_golden' returned '0': CMAKE_PREFIX_PATH=${CMAKE_PREFIX_PATH}:/opt/ros/humble /usr/bin/cmake --install /home/hanjiang/Desktop/my_try/my_try_ws/build/hjarm_golden
[0.361s] Level 1:colcon.colcon_core.environment:checking '/home/hanjiang/Desktop/my_try/my_try_ws/install/hjarm_golden' for CMake module files
[0.361s] Level 1:colcon.colcon_core.environment:checking '/home/hanjiang/Desktop/my_try/my_try_ws/install/hjarm_golden' for CMake config files
[0.361s] Level 1:colcon.colcon_core.shell:create_environment_hook('hjarm_golden', 'cmake_prefix_path')
[0.362s] INFO:colcon.colcon_core.shell:Creating environment hook '/home/hanjiang/Desktop/my_try/my_try_ws/install/hjarm_golden/share/hjarm_golden/hook/cmake_prefix_path.ps1'
[0.362s] INFO:colcon.colcon_core.shell:Creating environment descriptor '/home/hanjiang/Desktop/my_try/my_try_ws/install/hjarm_golden/share/hjarm_golden/hook/cmake_prefix_path.dsv'
[0.363s] INFO:colcon.colcon_core.shell:Creating environment hook '/home/hanjiang/Desktop/my_try/my_try_ws/install/hjarm_golden/share/hjarm_golden/hook/cmake_prefix_path.sh'
[0.363s] Level 1:colcon.colcon_core.environment:checking '/home/hanjiang/Desktop/my_try/my_try_ws/install/hjarm_golden/bin'
[0.363s] Level 1:colcon.colcon_core.environment:checking '/home/hanjiang/Desktop/my_try/my_try_ws/install/hjarm_golden/lib/pkgconfig/hjarm_golden.pc'
[0.364s] Level 1:colcon.colcon_core.environment:checking '/home/hanjiang/Desktop/my_try/my_try_ws/install/hjarm_golden/lib/python3.10/site-packages'
[0.364s] Level 1:colcon.colcon_core.environment:checking '/home/hanjiang/Desktop/my_try/my_try_ws/install/hjarm_golden/bin'
[0.364s] INFO:colcon.colcon_core.shell:Creating package script '/home/hanjiang/Desktop/my_try/my_try_ws/install/hjarm_golden/share/hjarm_golden/package.ps1'
[0.365s] INFO:colcon.colcon_core.shell:Creating package descriptor '/home/hanjiang/Desktop/my_try/my_try_ws/install/hjarm_golden/share/hjarm_golden/package.dsv'
[0.365s] INFO:colcon.colcon_core.shell:Creating package script '/home/hanjiang/Desktop/my_try/my_try_ws/install/hjarm_golden/share/hjarm_golden/package.sh'
[0.366s] INFO:colcon.colcon_core.shell:Creating package script '/home/hanjiang/Desktop/my_try/my_try_ws/install/hjarm_golden/share/hjarm_golden/package.bash'
[0.367s] INFO:colcon.colcon_core.shell:Creating package script '/home/hanjiang/Desktop/my_try/my_try_ws/install/hjarm_golden/share/hjarm_golden/package.zsh'
[0.367s] Level 1:colcon.colcon_core.environment:create_file_with_runtime_dependencies(/home/hanjiang/Desktop/my_try/my_try_ws/install/hjarm_golden/share/colcon-core/packages/hjarm_golden)
[0.367s] Level 1:colcon.colcon_core.environment:create_environment_scripts_only(hjarm_golden)
[0.368s] Level 1:colcon.colcon_core.environment:checking '/home/hanjiang/Desktop/my_try/my_try_ws/install/hjarm_golden' for CMake module files
[0.368s] Level 1:colcon.colcon_core.environment:checking '/home/hanjiang/Desktop/my_try/my_try_ws/install/hjarm_golden' for CMake config files
[0.368s] Level 1:colcon.colcon_core.shell:create_environment_hook('hjarm_golden', 'cmake_prefix_path')
[0.368s] INFO:colcon.colcon_core.shell:Creating environment hook '/home/hanjiang/Desktop/my_try/my_try_ws/install/hjarm_golden/share/hjarm_golden/hook/cmake_prefix_path.ps1'
[0.368s] INFO:colcon.colcon_core.shell:Creating environment descriptor '/home/hanjiang/Desktop/my_try/my_try_ws/install/hjarm_golden/share/hjarm_golden/hook/cmake_prefix_path.dsv'
[0.369s] INFO:colcon.colcon_core.shell:Creating environment hook '/home/hanjiang/Desktop/my_try/my_try_ws/install/hjarm_golden/share/hjarm_golden/hook/cmake_prefix_path.sh'
[0.369s] Level 1:colcon.colcon_core.environment:checking '/home/hanjiang/Desktop/my_try/my_try_ws/install/hjarm_golden/bin'
[0.369s] Level 1:colcon.colcon_core.environment:checking '/home/hanjiang/Desktop/my_try/my_try_ws/install/hjarm_golden/lib/pkgconfig/hjarm_golden.pc'
[0.369s] Level 1:colcon.colcon_core.environment:checking '/home/hanjiang/Desktop/my_try/my_try_ws/install/hjarm_golden/lib/python3.10/site-packages'
[0.369s] Level 1:colcon.colcon_core.environment:checking '/home/hanjiang/Desktop/my_try/my_try_ws/install/hjarm_golden/bin'
[0.370s] INFO:colcon.colcon_core.shell:Creating package script '/home/hanjiang/Desktop/my_try/my_try_ws/install/hjarm_golden/share/hjarm_golden/package.ps1'
[0.370s] INFO:colcon.colcon_core.shell:Creating package descriptor '/home/hanjiang/Desktop/my_try/my_try_ws/install/hjarm_golden/share/hjarm_golden/package.dsv'
[0.370s] INFO:colcon.colcon_core.shell:Creating package script '/home/hanjiang/Desktop/my_try/my_try_ws/install/hjarm_golden/share/hjarm_golden/package.sh'
[0.370s] INFO:colcon.colcon_core.shell:Creating package script '/home/hanjiang/Desktop/my_try/my_try_ws/install/hjarm_golden/share/hjarm_golden/package.bash'
[0.371s] INFO:colcon.colcon_core.shell:Creating package script '/home/hanjiang/Desktop/my_try/my_try_ws/install/hjarm_golden/share/hjarm_golden/package.zsh'
[0.371s] Level 1:colcon.colcon_core.environment:create_file_with_runtime_dependencies(/home/hanjiang/Desktop/my_try/my_try_ws/install/hjarm_golden/share/colcon-core/packages/hjarm_golden)
[0.371s] INFO:colcon.colcon_ros.task.ament_cmake.build:Building ROS package in '/home/hanjiang/Desktop/my_try/my_try_ws/src/mybot_moveit2' with build type 'ament_cmake'
[0.372s] INFO:colcon.colcon_cmake.task.cmake.build:Building CMake package in '/home/hanjiang/Desktop/my_try/my_try_ws/src/mybot_moveit2'
[0.372s] INFO:colcon.colcon_core.shell:Skip shell extension 'powershell' for command environment: Not usable outside of PowerShell
[0.372s] DEBUG:colcon.colcon_core.shell:Skip shell extension 'dsv' for command environment
[0.378s] DEBUG:colcon.colcon_core.event_handler.log_command:Invoking command in '/home/hanjiang/Desktop/my_try/my_try_ws/build/mybot_moveit2': CMAKE_PREFIX_PATH=/home/hanjiang/Desktop/my_try/my_try_ws/install/hjarm_golden:/home/hanjiang/Desktop/my_try/my_try_ws/install/mybot_moveit2:/home/hanjiang/Desktop/my_try/my_try_ws/install/arm_driver:/opt/ros/humble /usr/bin/cmake --build /home/hanjiang/Desktop/my_try/my_try_ws/build/mybot_moveit2 -- -j20 -l20
[0.405s] DEBUG:colcon.colcon_core.event_handler.log_command:Invoked command in '/home/hanjiang/Desktop/my_try/my_try_ws/build/mybot_moveit2' returned '0': CMAKE_PREFIX_PATH=/home/hanjiang/Desktop/my_try/my_try_ws/install/hjarm_golden:/home/hanjiang/Desktop/my_try/my_try_ws/install/mybot_moveit2:/home/hanjiang/Desktop/my_try/my_try_ws/install/arm_driver:/opt/ros/humble /usr/bin/cmake --build /home/hanjiang/Desktop/my_try/my_try_ws/build/mybot_moveit2 -- -j20 -l20
[0.407s] DEBUG:colcon.colcon_core.event_handler.log_command:Invoking command in '/home/hanjiang/Desktop/my_try/my_try_ws/build/mybot_moveit2': CMAKE_PREFIX_PATH=/home/hanjiang/Desktop/my_try/my_try_ws/install/hjarm_golden:/home/hanjiang/Desktop/my_try/my_try_ws/install/mybot_moveit2:/home/hanjiang/Desktop/my_try/my_try_ws/install/arm_driver:/opt/ros/humble /usr/bin/cmake --install /home/hanjiang/Desktop/my_try/my_try_ws/build/mybot_moveit2
[0.415s] Level 1:colcon.colcon_core.environment:create_environment_scripts_only(mybot_moveit2)
[0.415s] DEBUG:colcon.colcon_core.event_handler.log_command:Invoked command in '/home/hanjiang/Desktop/my_try/my_try_ws/build/mybot_moveit2' returned '0': CMAKE_PREFIX_PATH=/home/hanjiang/Desktop/my_try/my_try_ws/install/hjarm_golden:/home/hanjiang/Desktop/my_try/my_try_ws/install/mybot_moveit2:/home/hanjiang/Desktop/my_try/my_try_ws/install/arm_driver:/opt/ros/humble /usr/bin/cmake --install /home/hanjiang/Desktop/my_try/my_try_ws/build/mybot_moveit2
[0.415s] Level 1:colcon.colcon_core.environment:checking '/home/hanjiang/Desktop/my_try/my_try_ws/install/mybot_moveit2' for CMake module files
[0.416s] Level 1:colcon.colcon_core.environment:checking '/home/hanjiang/Desktop/my_try/my_try_ws/install/mybot_moveit2' for CMake config files
[0.416s] Level 1:colcon.colcon_core.shell:create_environment_hook('mybot_moveit2', 'cmake_prefix_path')
[0.417s] INFO:colcon.colcon_core.shell:Creating environment hook '/home/hanjiang/Desktop/my_try/my_try_ws/install/mybot_moveit2/share/mybot_moveit2/hook/cmake_prefix_path.ps1'
[0.417s] INFO:colcon.colcon_core.shell:Creating environment descriptor '/home/hanjiang/Desktop/my_try/my_try_ws/install/mybot_moveit2/share/mybot_moveit2/hook/cmake_prefix_path.dsv'
[0.417s] INFO:colcon.colcon_core.shell:Creating environment hook '/home/hanjiang/Desktop/my_try/my_try_ws/install/mybot_moveit2/share/mybot_moveit2/hook/cmake_prefix_path.sh'
[0.418s] Level 1:colcon.colcon_core.environment:checking '/home/hanjiang/Desktop/my_try/my_try_ws/install/mybot_moveit2/lib'
[0.418s] Level 1:colcon.colcon_core.environment:checking '/home/hanjiang/Desktop/my_try/my_try_ws/install/mybot_moveit2/bin'
[0.418s] Level 1:colcon.colcon_core.environment:checking '/home/hanjiang/Desktop/my_try/my_try_ws/install/mybot_moveit2/lib/pkgconfig/mybot_moveit2.pc'
[0.418s] Level 1:colcon.colcon_core.environment:checking '/home/hanjiang/Desktop/my_try/my_try_ws/install/mybot_moveit2/lib/python3.10/site-packages'
[0.419s] Level 1:colcon.colcon_core.environment:checking '/home/hanjiang/Desktop/my_try/my_try_ws/install/mybot_moveit2/bin'
[0.419s] INFO:colcon.colcon_core.shell:Creating package script '/home/hanjiang/Desktop/my_try/my_try_ws/install/mybot_moveit2/share/mybot_moveit2/package.ps1'
[0.419s] INFO:colcon.colcon_core.shell:Creating package descriptor '/home/hanjiang/Desktop/my_try/my_try_ws/install/mybot_moveit2/share/mybot_moveit2/package.dsv'
[0.420s] INFO:colcon.colcon_core.shell:Creating package script '/home/hanjiang/Desktop/my_try/my_try_ws/install/mybot_moveit2/share/mybot_moveit2/package.sh'
[0.420s] INFO:colcon.colcon_core.shell:Creating package script '/home/hanjiang/Desktop/my_try/my_try_ws/install/mybot_moveit2/share/mybot_moveit2/package.bash'
[0.420s] INFO:colcon.colcon_core.shell:Creating package script '/home/hanjiang/Desktop/my_try/my_try_ws/install/mybot_moveit2/share/mybot_moveit2/package.zsh'
[0.421s] Level 1:colcon.colcon_core.environment:create_file_with_runtime_dependencies(/home/hanjiang/Desktop/my_try/my_try_ws/install/mybot_moveit2/share/colcon-core/packages/mybot_moveit2)
[0.421s] Level 1:colcon.colcon_core.environment:create_environment_scripts_only(mybot_moveit2)
[0.422s] Level 1:colcon.colcon_core.environment:checking '/home/hanjiang/Desktop/my_try/my_try_ws/install/mybot_moveit2' for CMake module files
[0.422s] Level 1:colcon.colcon_core.environment:checking '/home/hanjiang/Desktop/my_try/my_try_ws/install/mybot_moveit2' for CMake config files
[0.423s] Level 1:colcon.colcon_core.shell:create_environment_hook('mybot_moveit2', 'cmake_prefix_path')
[0.423s] INFO:colcon.colcon_core.shell:Creating environment hook '/home/hanjiang/Desktop/my_try/my_try_ws/install/mybot_moveit2/share/mybot_moveit2/hook/cmake_prefix_path.ps1'
[0.423s] INFO:colcon.colcon_core.shell:Creating environment descriptor '/home/hanjiang/Desktop/my_try/my_try_ws/install/mybot_moveit2/share/mybot_moveit2/hook/cmake_prefix_path.dsv'
[0.424s] INFO:colcon.colcon_core.shell:Creating environment hook '/home/hanjiang/Desktop/my_try/my_try_ws/install/mybot_moveit2/share/mybot_moveit2/hook/cmake_prefix_path.sh'
[0.424s] Level 1:colcon.colcon_core.environment:checking '/home/hanjiang/Desktop/my_try/my_try_ws/install/mybot_moveit2/lib'
[0.424s] Level 1:colcon.colcon_core.environment:checking '/home/hanjiang/Desktop/my_try/my_try_ws/install/mybot_moveit2/bin'
[0.424s] Level 1:colcon.colcon_core.environment:checking '/home/hanjiang/Desktop/my_try/my_try_ws/install/mybot_moveit2/lib/pkgconfig/mybot_moveit2.pc'
[0.425s] Level 1:colcon.colcon_core.environment:checking '/home/hanjiang/Desktop/my_try/my_try_ws/install/mybot_moveit2/lib/python3.10/site-packages'
[0.425s] Level 1:colcon.colcon_core.environment:checking '/home/hanjiang/Desktop/my_try/my_try_ws/install/mybot_moveit2/bin'
[0.425s] INFO:colcon.colcon_core.shell:Creating package script '/home/hanjiang/Desktop/my_try/my_try_ws/install/mybot_moveit2/share/mybot_moveit2/package.ps1'
[0.425s] INFO:colcon.colcon_core.shell:Creating package descriptor '/home/hanjiang/Desktop/my_try/my_try_ws/install/mybot_moveit2/share/mybot_moveit2/package.dsv'
[0.426s] INFO:colcon.colcon_core.shell:Creating package script '/home/hanjiang/Desktop/my_try/my_try_ws/install/mybot_moveit2/share/mybot_moveit2/package.sh'
[0.426s] INFO:colcon.colcon_core.shell:Creating package script '/home/hanjiang/Desktop/my_try/my_try_ws/install/mybot_moveit2/share/mybot_moveit2/package.bash'
[0.426s] INFO:colcon.colcon_core.shell:Creating package script '/home/hanjiang/Desktop/my_try/my_try_ws/install/mybot_moveit2/share/mybot_moveit2/package.zsh'
[0.426s] Level 1:colcon.colcon_core.environment:create_file_with_runtime_dependencies(/home/hanjiang/Desktop/my_try/my_try_ws/install/mybot_moveit2/share/colcon-core/packages/mybot_moveit2)
[0.520s] DEBUG:colcon.colcon_core.event_handler.log_command:Invoked command in '/home/hanjiang/Desktop/my_try/my_try_ws/build/arm_driver' returned '0': CMAKE_PREFIX_PATH=${CMAKE_PREFIX_PATH}:/opt/ros/humble /usr/bin/cmake --build /home/hanjiang/Desktop/my_try/my_try_ws/build/arm_driver -- -j20 -l20
[0.521s] DEBUG:colcon.colcon_core.event_handler.log_command:Invoking command in '/home/hanjiang/Desktop/my_try/my_try_ws/build/arm_driver': CMAKE_PREFIX_PATH=${CMAKE_PREFIX_PATH}:/opt/ros/humble /usr/bin/cmake --install /home/hanjiang/Desktop/my_try/my_try_ws/build/arm_driver
[0.565s] Level 1:colcon.colcon_core.environment:create_environment_scripts_only(arm_driver)
[0.566s] Level 1:colcon.colcon_core.environment:checking '/home/hanjiang/Desktop/my_try/my_try_ws/install/arm_driver' for CMake module files
[0.566s] DEBUG:colcon.colcon_core.event_handler.log_command:Invoked command in '/home/hanjiang/Desktop/my_try/my_try_ws/build/arm_driver' returned '0': CMAKE_PREFIX_PATH=${CMAKE_PREFIX_PATH}:/opt/ros/humble /usr/bin/cmake --install /home/hanjiang/Desktop/my_try/my_try_ws/build/arm_driver
[0.567s] Level 1:colcon.colcon_core.environment:checking '/home/hanjiang/Desktop/my_try/my_try_ws/install/arm_driver' for CMake config files
[0.567s] Level 1:colcon.colcon_core.shell:create_environment_hook('arm_driver', 'cmake_prefix_path')
[0.567s] INFO:colcon.colcon_core.shell:Creating environment hook '/home/hanjiang/Desktop/my_try/my_try_ws/install/arm_driver/share/arm_driver/hook/cmake_prefix_path.ps1'
[0.567s] INFO:colcon.colcon_core.shell:Creating environment descriptor '/home/hanjiang/Desktop/my_try/my_try_ws/install/arm_driver/share/arm_driver/hook/cmake_prefix_path.dsv'
[0.568s] INFO:colcon.colcon_core.shell:Creating environment hook '/home/hanjiang/Desktop/my_try/my_try_ws/install/arm_driver/share/arm_driver/hook/cmake_prefix_path.sh'
[0.568s] Level 1:colcon.colcon_core.environment:checking '/home/hanjiang/Desktop/my_try/my_try_ws/install/arm_driver/lib'
[0.568s] Level 1:colcon.colcon_core.shell:create_environment_hook('arm_driver', 'ld_library_path_lib')
[0.569s] INFO:colcon.colcon_core.shell:Creating environment hook '/home/hanjiang/Desktop/my_try/my_try_ws/install/arm_driver/share/arm_driver/hook/ld_library_path_lib.ps1'
[0.569s] INFO:colcon.colcon_core.shell:Creating environment descriptor '/home/hanjiang/Desktop/my_try/my_try_ws/install/arm_driver/share/arm_driver/hook/ld_library_path_lib.dsv'
[0.569s] INFO:colcon.colcon_core.shell:Creating environment hook '/home/hanjiang/Desktop/my_try/my_try_ws/install/arm_driver/share/arm_driver/hook/ld_library_path_lib.sh'
[0.569s] Level 1:colcon.colcon_core.environment:checking '/home/hanjiang/Desktop/my_try/my_try_ws/install/arm_driver/bin'
[0.570s] Level 1:colcon.colcon_core.environment:checking '/home/hanjiang/Desktop/my_try/my_try_ws/install/arm_driver/lib/pkgconfig/arm_driver.pc'
[0.570s] Level 1:colcon.colcon_core.environment:checking '/home/hanjiang/Desktop/my_try/my_try_ws/install/arm_driver/lib/python3.10/site-packages'
[0.570s] Level 1:colcon.colcon_core.environment:checking '/home/hanjiang/Desktop/my_try/my_try_ws/install/arm_driver/bin'
[0.570s] INFO:colcon.colcon_core.shell:Creating package script '/home/hanjiang/Desktop/my_try/my_try_ws/install/arm_driver/share/arm_driver/package.ps1'
[0.571s] INFO:colcon.colcon_core.shell:Creating package descriptor '/home/hanjiang/Desktop/my_try/my_try_ws/install/arm_driver/share/arm_driver/package.dsv'
[0.571s] INFO:colcon.colcon_core.shell:Creating package script '/home/hanjiang/Desktop/my_try/my_try_ws/install/arm_driver/share/arm_driver/package.sh'
[0.571s] INFO:colcon.colcon_core.shell:Creating package script '/home/hanjiang/Desktop/my_try/my_try_ws/install/arm_driver/share/arm_driver/package.bash'
[0.572s] INFO:colcon.colcon_core.shell:Creating package script '/home/hanjiang/Desktop/my_try/my_try_ws/install/arm_driver/share/arm_driver/package.zsh'
[0.572s] Level 1:colcon.colcon_core.environment:create_file_with_runtime_dependencies(/home/hanjiang/Desktop/my_try/my_try_ws/install/arm_driver/share/colcon-core/packages/arm_driver)
[0.573s] Level 1:colcon.colcon_core.environment:create_environment_scripts_only(arm_driver)
[0.573s] Level 1:colcon.colcon_core.environment:checking '/home/hanjiang/Desktop/my_try/my_try_ws/install/arm_driver' for CMake module files
[0.573s] Level 1:colcon.colcon_core.environment:checking '/home/hanjiang/Desktop/my_try/my_try_ws/install/arm_driver' for CMake config files
[0.574s] Level 1:colcon.colcon_core.shell:create_environment_hook('arm_driver', 'cmake_prefix_path')
[0.574s] INFO:colcon.colcon_core.shell:Creating environment hook '/home/hanjiang/Desktop/my_try/my_try_ws/install/arm_driver/share/arm_driver/hook/cmake_prefix_path.ps1'
[0.574s] INFO:colcon.colcon_core.shell:Creating environment descriptor '/home/hanjiang/Desktop/my_try/my_try_ws/install/arm_driver/share/arm_driver/hook/cmake_prefix_path.dsv'
[0.574s] INFO:colcon.colcon_core.shell:Creating environment hook '/home/hanjiang/Desktop/my_try/my_try_ws/install/arm_driver/share/arm_driver/hook/cmake_prefix_path.sh'
[0.575s] Level 1:colcon.colcon_core.environment:checking '/home/hanjiang/Desktop/my_try/my_try_ws/install/arm_driver/lib'
[0.575s] Level 1:colcon.colcon_core.shell:create_environment_hook('arm_driver', 'ld_library_path_lib')
[0.575s] INFO:colcon.colcon_core.shell:Creating environment hook '/home/hanjiang/Desktop/my_try/my_try_ws/install/arm_driver/share/arm_driver/hook/ld_library_path_lib.ps1'
[0.575s] INFO:colcon.colcon_core.shell:Creating environment descriptor '/home/hanjiang/Desktop/my_try/my_try_ws/install/arm_driver/share/arm_driver/hook/ld_library_path_lib.dsv'
[0.576s] INFO:colcon.colcon_core.shell:Creating environment hook '/home/hanjiang/Desktop/my_try/my_try_ws/install/arm_driver/share/arm_driver/hook/ld_library_path_lib.sh'
[0.576s] Level 1:colcon.colcon_core.environment:checking '/home/hanjiang/Desktop/my_try/my_try_ws/install/arm_driver/bin'
[0.576s] Level 1:colcon.colcon_core.environment:checking '/home/hanjiang/Desktop/my_try/my_try_ws/install/arm_driver/lib/pkgconfig/arm_driver.pc'
[0.576s] Level 1:colcon.colcon_core.environment:checking '/home/hanjiang/Desktop/my_try/my_try_ws/install/arm_driver/lib/python3.10/site-packages'
[0.576s] Level 1:colcon.colcon_core.environment:checking '/home/hanjiang/Desktop/my_try/my_try_ws/install/arm_driver/bin'
[0.577s] INFO:colcon.colcon_core.shell:Creating package script '/home/hanjiang/Desktop/my_try/my_try_ws/install/arm_driver/share/arm_driver/package.ps1'
[0.577s] INFO:colcon.colcon_core.shell:Creating package descriptor '/home/hanjiang/Desktop/my_try/my_try_ws/install/arm_driver/share/arm_driver/package.dsv'
[0.578s] INFO:colcon.colcon_core.shell:Creating package script '/home/hanjiang/Desktop/my_try/my_try_ws/install/arm_driver/share/arm_driver/package.sh'
[0.578s] INFO:colcon.colcon_core.shell:Creating package script '/home/hanjiang/Desktop/my_try/my_try_ws/install/arm_driver/share/arm_driver/package.bash'
[0.578s] INFO:colcon.colcon_core.shell:Creating package script '/home/hanjiang/Desktop/my_try/my_try_ws/install/arm_driver/share/arm_driver/package.zsh'
[0.579s] Level 1:colcon.colcon_core.environment:create_file_with_runtime_dependencies(/home/hanjiang/Desktop/my_try/my_try_ws/install/arm_driver/share/colcon-core/packages/arm_driver)
[0.579s] DEBUG:colcon.colcon_parallel_executor.executor.parallel:closing loop
[0.579s] DEBUG:colcon.colcon_parallel_executor.executor.parallel:loop closed
[0.579s] DEBUG:colcon.colcon_parallel_executor.executor.parallel:run_until_complete finished with '0'
[0.579s] DEBUG:colcon.colcon_core.event_reactor:joining thread
[0.584s] INFO:colcon.colcon_core.plugin_system:Skipping extension 'colcon_notification.desktop_notification.terminal_notifier': Not used on non-Darwin systems
[0.584s] INFO:colcon.colcon_core.plugin_system:Skipping extension 'colcon_notification.desktop_notification.win32': Not used on non-Windows systems
[0.584s] INFO:colcon.colcon_notification.desktop_notification:Sending desktop notification using 'notify2'
[0.596s] DEBUG:colcon.colcon_core.event_reactor:joined thread
[0.596s] INFO:colcon.colcon_core.shell:Creating prefix script '/home/hanjiang/Desktop/my_try/my_try_ws/install/local_setup.ps1'
[0.598s] INFO:colcon.colcon_core.shell:Creating prefix util module '/home/hanjiang/Desktop/my_try/my_try_ws/install/_local_setup_util_ps1.py'
[0.600s] INFO:colcon.colcon_core.shell:Creating prefix chain script '/home/hanjiang/Desktop/my_try/my_try_ws/install/setup.ps1'
[0.602s] INFO:colcon.colcon_core.shell:Creating prefix script '/home/hanjiang/Desktop/my_try/my_try_ws/install/local_setup.sh'
[0.602s] INFO:colcon.colcon_core.shell:Creating prefix util module '/home/hanjiang/Desktop/my_try/my_try_ws/install/_local_setup_util_sh.py'
[0.603s] INFO:colcon.colcon_core.shell:Creating prefix chain script '/home/hanjiang/Desktop/my_try/my_try_ws/install/setup.sh'
[0.604s] INFO:colcon.colcon_core.shell:Creating prefix script '/home/hanjiang/Desktop/my_try/my_try_ws/install/local_setup.bash'
[0.605s] INFO:colcon.colcon_core.shell:Creating prefix chain script '/home/hanjiang/Desktop/my_try/my_try_ws/install/setup.bash'
[0.606s] INFO:colcon.colcon_core.shell:Creating prefix script '/home/hanjiang/Desktop/my_try/my_try_ws/install/local_setup.zsh'
[0.606s] INFO:colcon.colcon_core.shell:Creating prefix chain script '/home/hanjiang/Desktop/my_try/my_try_ws/install/setup.zsh'
