[0.006s] Invoking command in '/home/hanjiang/Desktop/my_try/my_try_ws/build/hjarm_golden': CMAKE_PREFIX_PATH=${CMAKE_PREFIX_PATH}:/opt/ros/humble /usr/bin/cmake --build /home/hanjiang/Desktop/my_try/my_try_ws/build/hjarm_golden -- -j20 -l20
[0.032s] Invoked command in '/home/hanjiang/Desktop/my_try/my_try_ws/build/hjarm_golden' returned '0': CMAKE_PREFIX_PATH=${CMAKE_PREFIX_PATH}:/opt/ros/humble /usr/bin/cmake --build /home/hanjiang/Desktop/my_try/my_try_ws/build/hjarm_golden -- -j20 -l20
[0.039s] Invoking command in '/home/hanjiang/Desktop/my_try/my_try_ws/build/hjarm_golden': CMAKE_PREFIX_PATH=${CMAKE_PREFIX_PATH}:/opt/ros/humble /usr/bin/cmake --install /home/hanjiang/Desktop/my_try/my_try_ws/build/hjarm_golden
[0.043s] -- Install configuration: ""
[0.043s] -- Up-to-date: /home/hanjiang/Desktop/my_try/my_try_ws/install/hjarm_golden/share/hjarm_golden/meshes
[0.043s] -- Up-to-date: /home/hanjiang/Desktop/my_try/my_try_ws/install/hjarm_golden/share/hjarm_golden/meshes/Link4.STL
[0.043s] -- Up-to-date: /home/hanjiang/Desktop/my_try/my_try_ws/install/hjarm_golden/share/hjarm_golden/meshes/Link2.STL
[0.043s] -- Up-to-date: /home/hanjiang/Desktop/my_try/my_try_ws/install/hjarm_golden/share/hjarm_golden/meshes/Link1.STL
[0.043s] -- Up-to-date: /home/hanjiang/Desktop/my_try/my_try_ws/install/hjarm_golden/share/hjarm_golden/meshes/base_link.STL
[0.044s] -- Up-to-date: /home/hanjiang/Desktop/my_try/my_try_ws/install/hjarm_golden/share/hjarm_golden/meshes/Link5.STL
[0.044s] -- Up-to-date: /home/hanjiang/Desktop/my_try/my_try_ws/install/hjarm_golden/share/hjarm_golden/meshes/Link6.STL
[0.044s] -- Up-to-date: /home/hanjiang/Desktop/my_try/my_try_ws/install/hjarm_golden/share/hjarm_golden/meshes/Link3.STL
[0.044s] -- Up-to-date: /home/hanjiang/Desktop/my_try/my_try_ws/install/hjarm_golden/share/hjarm_golden/urdf
[0.044s] -- Installing: /home/hanjiang/Desktop/my_try/my_try_ws/install/hjarm_golden/share/hjarm_golden/urdf/hjarm_golden.urdf
[0.044s] -- Up-to-date: /home/hanjiang/Desktop/my_try/my_try_ws/install/hjarm_golden/share/hjarm_golden/urdf/hjarm_golden.csv
[0.044s] -- Up-to-date: /home/hanjiang/Desktop/my_try/my_try_ws/install/hjarm_golden/share/ament_index/resource_index/package_run_dependencies/hjarm_golden
[0.044s] -- Up-to-date: /home/hanjiang/Desktop/my_try/my_try_ws/install/hjarm_golden/share/ament_index/resource_index/parent_prefix_path/hjarm_golden
[0.044s] -- Up-to-date: /home/hanjiang/Desktop/my_try/my_try_ws/install/hjarm_golden/share/hjarm_golden/environment/ament_prefix_path.sh
[0.044s] -- Up-to-date: /home/hanjiang/Desktop/my_try/my_try_ws/install/hjarm_golden/share/hjarm_golden/environment/ament_prefix_path.dsv
[0.044s] -- Up-to-date: /home/hanjiang/Desktop/my_try/my_try_ws/install/hjarm_golden/share/hjarm_golden/environment/path.sh
[0.044s] -- Up-to-date: /home/hanjiang/Desktop/my_try/my_try_ws/install/hjarm_golden/share/hjarm_golden/environment/path.dsv
[0.044s] -- Up-to-date: /home/hanjiang/Desktop/my_try/my_try_ws/install/hjarm_golden/share/hjarm_golden/local_setup.bash
[0.044s] -- Up-to-date: /home/hanjiang/Desktop/my_try/my_try_ws/install/hjarm_golden/share/hjarm_golden/local_setup.sh
[0.044s] -- Up-to-date: /home/hanjiang/Desktop/my_try/my_try_ws/install/hjarm_golden/share/hjarm_golden/local_setup.zsh
[0.044s] -- Up-to-date: /home/hanjiang/Desktop/my_try/my_try_ws/install/hjarm_golden/share/hjarm_golden/local_setup.dsv
[0.044s] -- Installing: /home/hanjiang/Desktop/my_try/my_try_ws/install/hjarm_golden/share/hjarm_golden/package.dsv
[0.044s] -- Up-to-date: /home/hanjiang/Desktop/my_try/my_try_ws/install/hjarm_golden/share/ament_index/resource_index/packages/hjarm_golden
[0.044s] -- Up-to-date: /home/hanjiang/Desktop/my_try/my_try_ws/install/hjarm_golden/share/hjarm_golden/cmake/hjarm_goldenConfig.cmake
[0.044s] -- Up-to-date: /home/hanjiang/Desktop/my_try/my_try_ws/install/hjarm_golden/share/hjarm_golden/cmake/hjarm_goldenConfig-version.cmake
[0.044s] -- Up-to-date: /home/hanjiang/Desktop/my_try/my_try_ws/install/hjarm_golden/share/hjarm_golden/package.xml
[0.045s] Invoked command in '/home/hanjiang/Desktop/my_try/my_try_ws/build/hjarm_golden' returned '0': CMAKE_PREFIX_PATH=${CMAKE_PREFIX_PATH}:/opt/ros/humble /usr/bin/cmake --install /home/hanjiang/Desktop/my_try/my_try_ws/build/hjarm_golden
