-- The C compiler identification is GNU 11.4.0
-- The CXX compiler identification is GNU 11.4.0
-- Detecting C compiler ABI info
-- Detecting C compiler ABI info - done
-- Check for working C compiler: /usr/bin/cc - skipped
-- Detecting C compile features
-- Detecting C compile features - done
-- Detecting CXX compiler ABI info
-- Detecting CXX compiler ABI info - done
-- Check for working CXX compiler: /usr/bin/c++ - skipped
-- Detecting CXX compile features
-- Detecting CXX compile features - done
-- Found ament_cmake: 1.3.11 (/opt/ros/humble/share/ament_cmake/cmake)
-- Found Python3: /usr/bin/python3 (found version "3.10.12") found components: Interpreter 
-- Found rclcpp: 16.0.15 (/opt/ros/humble/share/rclcpp/cmake)
-- Found rosidl_generator_c: 3.1.6 (/opt/ros/humble/share/rosidl_generator_c/cmake)
-- Found rosidl_adapter: 3.1.6 (/opt/ros/humble/share/rosidl_adapter/cmake)
-- Found rosidl_generator_cpp: 3.1.6 (/opt/ros/humble/share/rosidl_generator_cpp/cmake)
-- Using all available rosidl_typesupport_c: rosidl_typesupport_fastrtps_c;rosidl_typesupport_introspection_c
-- Using all available rosidl_typesupport_cpp: rosidl_typesupport_fastrtps_cpp;rosidl_typesupport_introspection_cpp
-- Found rmw_implementation_cmake: 6.1.2 (/opt/ros/humble/share/rmw_implementation_cmake/cmake)
-- Found rmw_fastrtps_cpp: 6.2.7 (/opt/ros/humble/share/rmw_fastrtps_cpp/cmake)
-- Found OpenSSL: /usr/lib/x86_64-linux-gnu/libcrypto.so (found version "3.0.2")  
-- Found FastRTPS: /opt/ros/humble/include  
-- Using RMW implementation 'rmw_fastrtps_cpp' as default
-- Looking for pthread.h
-- Looking for pthread.h - found
-- Performing Test CMAKE_HAVE_LIBC_PTHREAD
-- Performing Test CMAKE_HAVE_LIBC_PTHREAD - Success
-- Found Threads: TRUE  
-- Found rclcpp_action: 16.0.12 (/opt/ros/humble/share/rclcpp_action/cmake)
-- Found rclpy: 3.3.16 (/opt/ros/humble/share/rclpy/cmake)
-- Found moveit_core: 2.5.9 (/opt/ros/humble/moveit_core/cmake)
-- Found Boost: /usr/lib/x86_64-linux-gnu/cmake/Boost-1.74.0/BoostConfig.cmake (found version "1.74.0") found components: chrono date_time filesystem iostreams program_options regex serialization system thread 
-- Found parameter_traits: 0.5.0 (/opt/ros/humble/share/parameter_traits/cmake)
-- Found rclcpp_lifecycle: 16.0.12 (/opt/ros/humble/share/rclcpp_lifecycle/cmake)
-- Found Boost: /usr/lib/x86_64-linux-gnu/cmake/Boost-1.74.0/BoostConfig.cmake (found version "1.74.0") found components: filesystem 
-- library: /usr/lib/x86_64-linux-gnu/libcurl.so
-- Found Eigen3: TRUE (found version "3.4.0") 
-- Ensuring Eigen3 include directory is part of orocos-kdl CMake target
-- Found moveit_ros_planning: 2.5.9 (/opt/ros/humble/moveit_ros_planning/cmake)
-- Found Boost: /usr/lib/x86_64-linux-gnu/cmake/Boost-1.74.0/BoostConfig.cmake (found version "1.74.0") found components: system filesystem date_time program_options thread chrono 
-- Found moveit_ros_planning_interface: 2.5.9 (/opt/ros/humble/moveit_ros_planning_interface/cmake)
-- Found Boost: /usr/lib/x86_64-linux-gnu/cmake/Boost-1.74.0/BoostConfig.cmake (found version "1.74.0") found components: date_time filesystem program_options system thread 
-- Found Boost: /usr/lib/x86_64-linux-gnu/cmake/Boost-1.74.0/BoostConfig.cmake (found version "1.74.0") found components: thread system filesystem regex date_time program_options 
-- Found Boost: /usr/lib/x86_64-linux-gnu/cmake/Boost-1.74.0/BoostConfig.cmake (found version "1.74.0") found components: system filesystem date_time program_options thread 
-- Found control_msgs: 4.8.0 (/opt/ros/humble/share/control_msgs/cmake)
-- Found ament_cmake_auto: 1.3.11 (/opt/ros/humble/share/ament_cmake_auto/cmake)
-- Found actionlib_msgs: 4.8.0 (/opt/ros/humble/share/actionlib_msgs/cmake)
-- Found rosidl_default_generators: 1.2.0 (/opt/ros/humble/share/rosidl_default_generators/cmake)
-- Found ament_cmake_ros: 0.10.0 (/opt/ros/humble/share/ament_cmake_ros/cmake)
-- Using all available rosidl_typesupport_c: rosidl_typesupport_fastrtps_c;rosidl_typesupport_introspection_c
-- Using all available rosidl_typesupport_cpp: rosidl_typesupport_fastrtps_cpp;rosidl_typesupport_introspection_cpp
-- Found PythonInterp: /usr/bin/python3 (found suitable version "3.10.12", minimum required is "3.6") 
-- Found python_cmake_module: 0.10.0 (/opt/ros/humble/share/python_cmake_module/cmake)
-- Found PythonLibs: /usr/lib/x86_64-linux-gnu/libpython3.10.so (found suitable version "3.10.12", minimum required is "3.5") 
-- Using PYTHON_EXECUTABLE: /usr/bin/python3
-- Using PYTHON_INCLUDE_DIRS: /usr/include/python3.10
-- Using PYTHON_LIBRARIES: /usr/lib/x86_64-linux-gnu/libpython3.10.so
-- Found PythonExtra: .so  
-- Found ament_lint_auto: 0.12.12 (/opt/ros/humble/share/ament_lint_auto/cmake)
-- Added test 'cppcheck' to perform static code analysis on C / C++ code
-- Configured cppcheck include dirs: /home/hanjiang/Desktop/my_try/my_try_ws/src/arm_driver/include
-- Configured cppcheck exclude dirs and/or files: 
-- Added test 'flake8' to check Python code syntax and style conventions
-- Added test 'lint_cmake' to check CMake code style
-- Added test 'pep257' to check Python code against some of the docstring style conventions in PEP 257
-- Added test 'uncrustify' to check C / C++ code style
-- Configured uncrustify additional arguments: 
-- Added test 'xmllint' to check XML markup files
-- Configuring done
-- Generating done
-- Build files have been written to: /home/hanjiang/Desktop/my_try/my_try_ws/build/arm_driver
[  2%] [34m[1mGenerating C code for ROS interfaces[0m
[  5%] [34m[1mGenerating C++ code for ROS interfaces[0m
[  8%] [32mBuilding CXX object CMakeFiles/goal_set_node.dir/src/goal_set.cpp.o[0m
[  8%] Built target ament_cmake_python_copy_arm_driver
running egg_info
creating arm_driver.egg-info
writing arm_driver.egg-info/PKG-INFO
writing dependency_links to arm_driver.egg-info/dependency_links.txt
writing top-level names to arm_driver.egg-info/top_level.txt
writing manifest file 'arm_driver.egg-info/SOURCES.txt'
reading manifest file 'arm_driver.egg-info/SOURCES.txt'
writing manifest file 'arm_driver.egg-info/SOURCES.txt'
[  8%] Built target arm_driver__cpp
[ 17%] [34m[1mGenerating C++ type support dispatch for ROS interfaces[0m
[ 17%] [34m[1mGenerating C++ type support for eProsima Fast-RTPS[0m
[ 17%] [32mBuilding C object CMakeFiles/arm_driver__rosidl_generator_c.dir/rosidl_generator_c/arm_driver/msg/detail/joint_command__functions.c.o[0m
[ 20%] [34m[1mGenerating C++ introspection for ROS interfaces[0m
[ 20%] Built target ament_cmake_python_build_arm_driver_egg
[ 22%] [32m[1mLinking C shared library libarm_driver__rosidl_generator_c.so[0m
[ 22%] Built target arm_driver__rosidl_generator_c
[ 25%] [34m[1mGenerating C type support for eProsima Fast-RTPS[0m
[ 28%] [34m[1mGenerating C type support dispatch for ROS interfaces[0m
[ 31%] [34m[1mGenerating C introspection for ROS interfaces[0m
[ 34%] [32mBuilding CXX object CMakeFiles/arm_driver__rosidl_typesupport_cpp.dir/rosidl_typesupport_cpp/arm_driver/msg/joint_command__type_support.cpp.o[0m
[ 37%] [32mBuilding CXX object CMakeFiles/arm_driver__rosidl_typesupport_introspection_cpp.dir/rosidl_typesupport_introspection_cpp/arm_driver/msg/detail/joint_command__type_support.cpp.o[0m
[ 40%] [32mBuilding CXX object CMakeFiles/arm_driver__rosidl_typesupport_fastrtps_cpp.dir/rosidl_typesupport_fastrtps_cpp/arm_driver/msg/detail/dds_fastrtps/joint_command__type_support.cpp.o[0m
[ 42%] [32mBuilding CXX object CMakeFiles/arm_driver__rosidl_typesupport_c.dir/rosidl_typesupport_c/arm_driver/msg/joint_command__type_support.cpp.o[0m
[ 45%] [32mBuilding CXX object CMakeFiles/arm_driver__rosidl_typesupport_fastrtps_c.dir/rosidl_typesupport_fastrtps_c/arm_driver/msg/detail/joint_command__type_support_c.cpp.o[0m
[ 48%] [32m[1mLinking CXX shared library libarm_driver__rosidl_typesupport_c.so[0m
[ 51%] [32mBuilding C object CMakeFiles/arm_driver__rosidl_typesupport_introspection_c.dir/rosidl_typesupport_introspection_c/arm_driver/msg/detail/joint_command__type_support.c.o[0m
[ 51%] Built target arm_driver__rosidl_typesupport_c
[ 54%] [32m[1mLinking C shared library libarm_driver__rosidl_typesupport_introspection_c.so[0m
[ 54%] Built target arm_driver__rosidl_typesupport_introspection_c
[ 57%] [32m[1mLinking CXX shared library libarm_driver__rosidl_typesupport_cpp.so[0m
[ 57%] Built target arm_driver__rosidl_typesupport_cpp
[ 60%] [32m[1mLinking CXX shared library libarm_driver__rosidl_typesupport_introspection_cpp.so[0m
[ 62%] [32m[1mLinking CXX shared library libarm_driver__rosidl_typesupport_fastrtps_c.so[0m
[ 65%] [32m[1mLinking CXX shared library libarm_driver__rosidl_typesupport_fastrtps_cpp.so[0m
[ 65%] Built target arm_driver__rosidl_typesupport_introspection_cpp
[ 65%] Built target arm_driver__rosidl_typesupport_fastrtps_c
[ 65%] Built target arm_driver__rosidl_typesupport_fastrtps_cpp
[ 65%] Built target arm_driver
[ 71%] [34m[1mGenerating Python code for ROS interfaces[0m
[ 71%] [32mBuilding CXX object CMakeFiles/hjarm_engineer_node.dir/src/hjarm_engineer.cpp.o[0m
[ 71%] Built target arm_driver__py
[ 74%] [32mBuilding C object CMakeFiles/arm_driver__rosidl_generator_py.dir/rosidl_generator_py/arm_driver/msg/_joint_command_s.c.o[0m
[ 77%] [32m[1mLinking C shared library rosidl_generator_py/arm_driver/libarm_driver__rosidl_generator_py.so[0m
[ 77%] Built target arm_driver__rosidl_generator_py
[ 85%] [32mBuilding C object CMakeFiles/arm_driver__rosidl_typesupport_c__pyext.dir/rosidl_generator_py/arm_driver/_arm_driver_s.ep.rosidl_typesupport_c.c.o[0m
[ 85%] [32mBuilding C object CMakeFiles/arm_driver__rosidl_typesupport_fastrtps_c__pyext.dir/rosidl_generator_py/arm_driver/_arm_driver_s.ep.rosidl_typesupport_fastrtps_c.c.o[0m
[ 85%] [32mBuilding C object CMakeFiles/arm_driver__rosidl_typesupport_introspection_c__pyext.dir/rosidl_generator_py/arm_driver/_arm_driver_s.ep.rosidl_typesupport_introspection_c.c.o[0m
[ 91%] [32m[1mLinking C shared library rosidl_generator_py/arm_driver/arm_driver_s__rosidl_typesupport_c.cpython-310-x86_64-linux-gnu.so[0m
[ 91%] [32m[1mLinking C shared library rosidl_generator_py/arm_driver/arm_driver_s__rosidl_typesupport_introspection_c.cpython-310-x86_64-linux-gnu.so[0m
[ 94%] [32m[1mLinking C shared library rosidl_generator_py/arm_driver/arm_driver_s__rosidl_typesupport_fastrtps_c.cpython-310-x86_64-linux-gnu.so[0m
[ 94%] Built target arm_driver__rosidl_typesupport_fastrtps_c__pyext
[ 94%] Built target arm_driver__rosidl_typesupport_introspection_c__pyext
[ 94%] Built target arm_driver__rosidl_typesupport_c__pyext
[ 97%] [32m[1mLinking CXX executable hjarm_engineer_node[0m
[100%] [32m[1mLinking CXX executable goal_set_node[0m
[100%] Built target hjarm_engineer_node
[100%] Built target goal_set_node
-- Install configuration: ""
-- Installing: /home/hanjiang/Desktop/my_try/my_try_ws/install/arm_driver/share/ament_index/resource_index/rosidl_interfaces/arm_driver
-- Installing: /home/hanjiang/Desktop/my_try/my_try_ws/install/arm_driver/include/arm_driver/arm_driver
-- Installing: /home/hanjiang/Desktop/my_try/my_try_ws/install/arm_driver/include/arm_driver/arm_driver/msg
-- Installing: /home/hanjiang/Desktop/my_try/my_try_ws/install/arm_driver/include/arm_driver/arm_driver/msg/rosidl_generator_c__visibility_control.h
-- Installing: /home/hanjiang/Desktop/my_try/my_try_ws/install/arm_driver/include/arm_driver/arm_driver/msg/detail
-- Installing: /home/hanjiang/Desktop/my_try/my_try_ws/install/arm_driver/include/arm_driver/arm_driver/msg/detail/joint_command__struct.h
-- Installing: /home/hanjiang/Desktop/my_try/my_try_ws/install/arm_driver/include/arm_driver/arm_driver/msg/detail/joint_command__type_support.h
-- Installing: /home/hanjiang/Desktop/my_try/my_try_ws/install/arm_driver/include/arm_driver/arm_driver/msg/detail/joint_command__functions.h
-- Installing: /home/hanjiang/Desktop/my_try/my_try_ws/install/arm_driver/include/arm_driver/arm_driver/msg/detail/joint_command__functions.c
-- Installing: /home/hanjiang/Desktop/my_try/my_try_ws/install/arm_driver/include/arm_driver/arm_driver/msg/joint_command.h
-- Installing: /home/hanjiang/Desktop/my_try/my_try_ws/install/arm_driver/share/arm_driver/environment/library_path.sh
-- Installing: /home/hanjiang/Desktop/my_try/my_try_ws/install/arm_driver/share/arm_driver/environment/library_path.dsv
-- Installing: /home/hanjiang/Desktop/my_try/my_try_ws/install/arm_driver/lib/libarm_driver__rosidl_generator_c.so
-- Set runtime path of "/home/hanjiang/Desktop/my_try/my_try_ws/install/arm_driver/lib/libarm_driver__rosidl_generator_c.so" to ""
-- Up-to-date: /home/hanjiang/Desktop/my_try/my_try_ws/install/arm_driver/include/arm_driver/arm_driver
-- Up-to-date: /home/hanjiang/Desktop/my_try/my_try_ws/install/arm_driver/include/arm_driver/arm_driver/msg
-- Up-to-date: /home/hanjiang/Desktop/my_try/my_try_ws/install/arm_driver/include/arm_driver/arm_driver/msg/detail
-- Installing: /home/hanjiang/Desktop/my_try/my_try_ws/install/arm_driver/include/arm_driver/arm_driver/msg/detail/joint_command__rosidl_typesupport_fastrtps_c.h
-- Installing: /home/hanjiang/Desktop/my_try/my_try_ws/install/arm_driver/include/arm_driver/arm_driver/msg/rosidl_typesupport_fastrtps_c__visibility_control.h
-- Installing: /home/hanjiang/Desktop/my_try/my_try_ws/install/arm_driver/lib/libarm_driver__rosidl_typesupport_fastrtps_c.so
-- Set runtime path of "/home/hanjiang/Desktop/my_try/my_try_ws/install/arm_driver/lib/libarm_driver__rosidl_typesupport_fastrtps_c.so" to ""
-- Up-to-date: /home/hanjiang/Desktop/my_try/my_try_ws/install/arm_driver/include/arm_driver/arm_driver
-- Up-to-date: /home/hanjiang/Desktop/my_try/my_try_ws/install/arm_driver/include/arm_driver/arm_driver/msg
-- Installing: /home/hanjiang/Desktop/my_try/my_try_ws/install/arm_driver/include/arm_driver/arm_driver/msg/rosidl_generator_cpp__visibility_control.hpp
-- Installing: /home/hanjiang/Desktop/my_try/my_try_ws/install/arm_driver/include/arm_driver/arm_driver/msg/joint_command.hpp
-- Up-to-date: /home/hanjiang/Desktop/my_try/my_try_ws/install/arm_driver/include/arm_driver/arm_driver/msg/detail
-- Installing: /home/hanjiang/Desktop/my_try/my_try_ws/install/arm_driver/include/arm_driver/arm_driver/msg/detail/joint_command__type_support.hpp
-- Installing: /home/hanjiang/Desktop/my_try/my_try_ws/install/arm_driver/include/arm_driver/arm_driver/msg/detail/joint_command__traits.hpp
-- Installing: /home/hanjiang/Desktop/my_try/my_try_ws/install/arm_driver/include/arm_driver/arm_driver/msg/detail/joint_command__builder.hpp
-- Installing: /home/hanjiang/Desktop/my_try/my_try_ws/install/arm_driver/include/arm_driver/arm_driver/msg/detail/joint_command__struct.hpp
-- Up-to-date: /home/hanjiang/Desktop/my_try/my_try_ws/install/arm_driver/include/arm_driver/arm_driver
-- Up-to-date: /home/hanjiang/Desktop/my_try/my_try_ws/install/arm_driver/include/arm_driver/arm_driver/msg
-- Installing: /home/hanjiang/Desktop/my_try/my_try_ws/install/arm_driver/include/arm_driver/arm_driver/msg/rosidl_typesupport_fastrtps_cpp__visibility_control.h
-- Up-to-date: /home/hanjiang/Desktop/my_try/my_try_ws/install/arm_driver/include/arm_driver/arm_driver/msg/detail
-- Installing: /home/hanjiang/Desktop/my_try/my_try_ws/install/arm_driver/include/arm_driver/arm_driver/msg/detail/joint_command__rosidl_typesupport_fastrtps_cpp.hpp
-- Installing: /home/hanjiang/Desktop/my_try/my_try_ws/install/arm_driver/include/arm_driver/arm_driver/msg/detail/dds_fastrtps
-- Installing: /home/hanjiang/Desktop/my_try/my_try_ws/install/arm_driver/lib/libarm_driver__rosidl_typesupport_fastrtps_cpp.so
-- Set runtime path of "/home/hanjiang/Desktop/my_try/my_try_ws/install/arm_driver/lib/libarm_driver__rosidl_typesupport_fastrtps_cpp.so" to ""
-- Up-to-date: /home/hanjiang/Desktop/my_try/my_try_ws/install/arm_driver/include/arm_driver/arm_driver
-- Up-to-date: /home/hanjiang/Desktop/my_try/my_try_ws/install/arm_driver/include/arm_driver/arm_driver/msg
-- Installing: /home/hanjiang/Desktop/my_try/my_try_ws/install/arm_driver/include/arm_driver/arm_driver/msg/rosidl_typesupport_introspection_c__visibility_control.h
-- Up-to-date: /home/hanjiang/Desktop/my_try/my_try_ws/install/arm_driver/include/arm_driver/arm_driver/msg/detail
-- Installing: /home/hanjiang/Desktop/my_try/my_try_ws/install/arm_driver/include/arm_driver/arm_driver/msg/detail/joint_command__type_support.c
-- Installing: /home/hanjiang/Desktop/my_try/my_try_ws/install/arm_driver/include/arm_driver/arm_driver/msg/detail/joint_command__rosidl_typesupport_introspection_c.h
-- Installing: /home/hanjiang/Desktop/my_try/my_try_ws/install/arm_driver/lib/libarm_driver__rosidl_typesupport_introspection_c.so
-- Set runtime path of "/home/hanjiang/Desktop/my_try/my_try_ws/install/arm_driver/lib/libarm_driver__rosidl_typesupport_introspection_c.so" to ""
-- Installing: /home/hanjiang/Desktop/my_try/my_try_ws/install/arm_driver/lib/libarm_driver__rosidl_typesupport_c.so
-- Set runtime path of "/home/hanjiang/Desktop/my_try/my_try_ws/install/arm_driver/lib/libarm_driver__rosidl_typesupport_c.so" to ""
-- Up-to-date: /home/hanjiang/Desktop/my_try/my_try_ws/install/arm_driver/include/arm_driver/arm_driver
-- Up-to-date: /home/hanjiang/Desktop/my_try/my_try_ws/install/arm_driver/include/arm_driver/arm_driver/msg
-- Up-to-date: /home/hanjiang/Desktop/my_try/my_try_ws/install/arm_driver/include/arm_driver/arm_driver/msg/detail
-- Installing: /home/hanjiang/Desktop/my_try/my_try_ws/install/arm_driver/include/arm_driver/arm_driver/msg/detail/joint_command__rosidl_typesupport_introspection_cpp.hpp
-- Installing: /home/hanjiang/Desktop/my_try/my_try_ws/install/arm_driver/include/arm_driver/arm_driver/msg/detail/joint_command__type_support.cpp
-- Installing: /home/hanjiang/Desktop/my_try/my_try_ws/install/arm_driver/lib/libarm_driver__rosidl_typesupport_introspection_cpp.so
-- Set runtime path of "/home/hanjiang/Desktop/my_try/my_try_ws/install/arm_driver/lib/libarm_driver__rosidl_typesupport_introspection_cpp.so" to ""
-- Installing: /home/hanjiang/Desktop/my_try/my_try_ws/install/arm_driver/lib/libarm_driver__rosidl_typesupport_cpp.so
-- Set runtime path of "/home/hanjiang/Desktop/my_try/my_try_ws/install/arm_driver/lib/libarm_driver__rosidl_typesupport_cpp.so" to ""
-- Installing: /home/hanjiang/Desktop/my_try/my_try_ws/install/arm_driver/share/arm_driver/environment/pythonpath.sh
-- Installing: /home/hanjiang/Desktop/my_try/my_try_ws/install/arm_driver/share/arm_driver/environment/pythonpath.dsv
-- Installing: /home/hanjiang/Desktop/my_try/my_try_ws/install/arm_driver/local/lib/python3.10/dist-packages/arm_driver-0.0.0-py3.10.egg-info
-- Installing: /home/hanjiang/Desktop/my_try/my_try_ws/install/arm_driver/local/lib/python3.10/dist-packages/arm_driver-0.0.0-py3.10.egg-info/top_level.txt
-- Installing: /home/hanjiang/Desktop/my_try/my_try_ws/install/arm_driver/local/lib/python3.10/dist-packages/arm_driver-0.0.0-py3.10.egg-info/PKG-INFO
-- Installing: /home/hanjiang/Desktop/my_try/my_try_ws/install/arm_driver/local/lib/python3.10/dist-packages/arm_driver-0.0.0-py3.10.egg-info/SOURCES.txt
-- Installing: /home/hanjiang/Desktop/my_try/my_try_ws/install/arm_driver/local/lib/python3.10/dist-packages/arm_driver-0.0.0-py3.10.egg-info/dependency_links.txt
-- Installing: /home/hanjiang/Desktop/my_try/my_try_ws/install/arm_driver/local/lib/python3.10/dist-packages/arm_driver
-- Installing: /home/hanjiang/Desktop/my_try/my_try_ws/install/arm_driver/local/lib/python3.10/dist-packages/arm_driver/__init__.py
-- Installing: /home/hanjiang/Desktop/my_try/my_try_ws/install/arm_driver/local/lib/python3.10/dist-packages/arm_driver/_arm_driver_s.ep.rosidl_typesupport_c.c
-- Installing: /home/hanjiang/Desktop/my_try/my_try_ws/install/arm_driver/local/lib/python3.10/dist-packages/arm_driver/libarm_driver__rosidl_generator_py.so
-- Installing: /home/hanjiang/Desktop/my_try/my_try_ws/install/arm_driver/local/lib/python3.10/dist-packages/arm_driver/msg
-- Installing: /home/hanjiang/Desktop/my_try/my_try_ws/install/arm_driver/local/lib/python3.10/dist-packages/arm_driver/msg/__init__.py
-- Installing: /home/hanjiang/Desktop/my_try/my_try_ws/install/arm_driver/local/lib/python3.10/dist-packages/arm_driver/msg/_joint_command.py
-- Installing: /home/hanjiang/Desktop/my_try/my_try_ws/install/arm_driver/local/lib/python3.10/dist-packages/arm_driver/msg/_joint_command_s.c
-- Installing: /home/hanjiang/Desktop/my_try/my_try_ws/install/arm_driver/local/lib/python3.10/dist-packages/arm_driver/_arm_driver_s.ep.rosidl_typesupport_introspection_c.c
-- Installing: /home/hanjiang/Desktop/my_try/my_try_ws/install/arm_driver/local/lib/python3.10/dist-packages/arm_driver/arm_driver_s__rosidl_typesupport_fastrtps_c.cpython-310-x86_64-linux-gnu.so
-- Installing: /home/hanjiang/Desktop/my_try/my_try_ws/install/arm_driver/local/lib/python3.10/dist-packages/arm_driver/arm_driver_s__rosidl_typesupport_introspection_c.cpython-310-x86_64-linux-gnu.so
-- Installing: /home/hanjiang/Desktop/my_try/my_try_ws/install/arm_driver/local/lib/python3.10/dist-packages/arm_driver/_arm_driver_s.ep.rosidl_typesupport_fastrtps_c.c
-- Installing: /home/hanjiang/Desktop/my_try/my_try_ws/install/arm_driver/local/lib/python3.10/dist-packages/arm_driver/arm_driver_s__rosidl_typesupport_c.cpython-310-x86_64-linux-gnu.so
Listing '/home/hanjiang/Desktop/my_try/my_try_ws/install/arm_driver/local/lib/python3.10/dist-packages/arm_driver'...
Compiling '/home/hanjiang/Desktop/my_try/my_try_ws/install/arm_driver/local/lib/python3.10/dist-packages/arm_driver/__init__.py'...
Listing '/home/hanjiang/Desktop/my_try/my_try_ws/install/arm_driver/local/lib/python3.10/dist-packages/arm_driver/msg'...
Compiling '/home/hanjiang/Desktop/my_try/my_try_ws/install/arm_driver/local/lib/python3.10/dist-packages/arm_driver/msg/__init__.py'...
Compiling '/home/hanjiang/Desktop/my_try/my_try_ws/install/arm_driver/local/lib/python3.10/dist-packages/arm_driver/msg/_joint_command.py'...
-- Installing: /home/hanjiang/Desktop/my_try/my_try_ws/install/arm_driver/local/lib/python3.10/dist-packages/arm_driver/arm_driver_s__rosidl_typesupport_fastrtps_c.cpython-310-x86_64-linux-gnu.so
-- Set runtime path of "/home/hanjiang/Desktop/my_try/my_try_ws/install/arm_driver/local/lib/python3.10/dist-packages/arm_driver/arm_driver_s__rosidl_typesupport_fastrtps_c.cpython-310-x86_64-linux-gnu.so" to ""
-- Installing: /home/hanjiang/Desktop/my_try/my_try_ws/install/arm_driver/local/lib/python3.10/dist-packages/arm_driver/arm_driver_s__rosidl_typesupport_introspection_c.cpython-310-x86_64-linux-gnu.so
-- Set runtime path of "/home/hanjiang/Desktop/my_try/my_try_ws/install/arm_driver/local/lib/python3.10/dist-packages/arm_driver/arm_driver_s__rosidl_typesupport_introspection_c.cpython-310-x86_64-linux-gnu.so" to ""
-- Installing: /home/hanjiang/Desktop/my_try/my_try_ws/install/arm_driver/local/lib/python3.10/dist-packages/arm_driver/arm_driver_s__rosidl_typesupport_c.cpython-310-x86_64-linux-gnu.so
-- Set runtime path of "/home/hanjiang/Desktop/my_try/my_try_ws/install/arm_driver/local/lib/python3.10/dist-packages/arm_driver/arm_driver_s__rosidl_typesupport_c.cpython-310-x86_64-linux-gnu.so" to ""
-- Installing: /home/hanjiang/Desktop/my_try/my_try_ws/install/arm_driver/lib/libarm_driver__rosidl_generator_py.so
-- Set runtime path of "/home/hanjiang/Desktop/my_try/my_try_ws/install/arm_driver/lib/libarm_driver__rosidl_generator_py.so" to ""
-- Installing: /home/hanjiang/Desktop/my_try/my_try_ws/install/arm_driver/share/arm_driver/msg/JointCommand.idl
-- Installing: /home/hanjiang/Desktop/my_try/my_try_ws/install/arm_driver/share/arm_driver/msg/JointCommand.msg
-- Installing: /home/hanjiang/Desktop/my_try/my_try_ws/install/arm_driver/lib/arm_driver/hjarm_engineer_node
-- Set runtime path of "/home/hanjiang/Desktop/my_try/my_try_ws/install/arm_driver/lib/arm_driver/hjarm_engineer_node" to ""
-- Installing: /home/hanjiang/Desktop/my_try/my_try_ws/install/arm_driver/lib/arm_driver/goal_set_node
-- Set runtime path of "/home/hanjiang/Desktop/my_try/my_try_ws/install/arm_driver/lib/arm_driver/goal_set_node" to ""
-- Installing: /home/hanjiang/Desktop/my_try/my_try_ws/install/arm_driver/lib/arm_driver/moveit2_arm_control
-- Installing: /home/hanjiang/Desktop/my_try/my_try_ws/install/arm_driver/share/ament_index/resource_index/package_run_dependencies/arm_driver
-- Installing: /home/hanjiang/Desktop/my_try/my_try_ws/install/arm_driver/share/ament_index/resource_index/parent_prefix_path/arm_driver
-- Installing: /home/hanjiang/Desktop/my_try/my_try_ws/install/arm_driver/share/arm_driver/environment/ament_prefix_path.sh
-- Installing: /home/hanjiang/Desktop/my_try/my_try_ws/install/arm_driver/share/arm_driver/environment/ament_prefix_path.dsv
-- Installing: /home/hanjiang/Desktop/my_try/my_try_ws/install/arm_driver/share/arm_driver/environment/path.sh
-- Installing: /home/hanjiang/Desktop/my_try/my_try_ws/install/arm_driver/share/arm_driver/environment/path.dsv
-- Installing: /home/hanjiang/Desktop/my_try/my_try_ws/install/arm_driver/share/arm_driver/local_setup.bash
-- Installing: /home/hanjiang/Desktop/my_try/my_try_ws/install/arm_driver/share/arm_driver/local_setup.sh
-- Installing: /home/hanjiang/Desktop/my_try/my_try_ws/install/arm_driver/share/arm_driver/local_setup.zsh
-- Installing: /home/hanjiang/Desktop/my_try/my_try_ws/install/arm_driver/share/arm_driver/local_setup.dsv
-- Installing: /home/hanjiang/Desktop/my_try/my_try_ws/install/arm_driver/share/arm_driver/package.dsv
-- Installing: /home/hanjiang/Desktop/my_try/my_try_ws/install/arm_driver/share/ament_index/resource_index/packages/arm_driver
-- Installing: /home/hanjiang/Desktop/my_try/my_try_ws/install/arm_driver/share/arm_driver/cmake/export_arm_driver__rosidl_generator_cExport.cmake
-- Installing: /home/hanjiang/Desktop/my_try/my_try_ws/install/arm_driver/share/arm_driver/cmake/export_arm_driver__rosidl_generator_cExport-noconfig.cmake
-- Installing: /home/hanjiang/Desktop/my_try/my_try_ws/install/arm_driver/share/arm_driver/cmake/export_arm_driver__rosidl_typesupport_fastrtps_cExport.cmake
-- Installing: /home/hanjiang/Desktop/my_try/my_try_ws/install/arm_driver/share/arm_driver/cmake/export_arm_driver__rosidl_typesupport_fastrtps_cExport-noconfig.cmake
-- Installing: /home/hanjiang/Desktop/my_try/my_try_ws/install/arm_driver/share/arm_driver/cmake/export_arm_driver__rosidl_generator_cppExport.cmake
-- Installing: /home/hanjiang/Desktop/my_try/my_try_ws/install/arm_driver/share/arm_driver/cmake/export_arm_driver__rosidl_typesupport_fastrtps_cppExport.cmake
-- Installing: /home/hanjiang/Desktop/my_try/my_try_ws/install/arm_driver/share/arm_driver/cmake/export_arm_driver__rosidl_typesupport_fastrtps_cppExport-noconfig.cmake
-- Installing: /home/hanjiang/Desktop/my_try/my_try_ws/install/arm_driver/share/arm_driver/cmake/arm_driver__rosidl_typesupport_introspection_cExport.cmake
-- Installing: /home/hanjiang/Desktop/my_try/my_try_ws/install/arm_driver/share/arm_driver/cmake/arm_driver__rosidl_typesupport_introspection_cExport-noconfig.cmake
-- Installing: /home/hanjiang/Desktop/my_try/my_try_ws/install/arm_driver/share/arm_driver/cmake/arm_driver__rosidl_typesupport_cExport.cmake
-- Installing: /home/hanjiang/Desktop/my_try/my_try_ws/install/arm_driver/share/arm_driver/cmake/arm_driver__rosidl_typesupport_cExport-noconfig.cmake
-- Installing: /home/hanjiang/Desktop/my_try/my_try_ws/install/arm_driver/share/arm_driver/cmake/arm_driver__rosidl_typesupport_introspection_cppExport.cmake
-- Installing: /home/hanjiang/Desktop/my_try/my_try_ws/install/arm_driver/share/arm_driver/cmake/arm_driver__rosidl_typesupport_introspection_cppExport-noconfig.cmake
-- Installing: /home/hanjiang/Desktop/my_try/my_try_ws/install/arm_driver/share/arm_driver/cmake/arm_driver__rosidl_typesupport_cppExport.cmake
-- Installing: /home/hanjiang/Desktop/my_try/my_try_ws/install/arm_driver/share/arm_driver/cmake/arm_driver__rosidl_typesupport_cppExport-noconfig.cmake
-- Installing: /home/hanjiang/Desktop/my_try/my_try_ws/install/arm_driver/share/arm_driver/cmake/export_arm_driver__rosidl_generator_pyExport.cmake
-- Installing: /home/hanjiang/Desktop/my_try/my_try_ws/install/arm_driver/share/arm_driver/cmake/export_arm_driver__rosidl_generator_pyExport-noconfig.cmake
-- Installing: /home/hanjiang/Desktop/my_try/my_try_ws/install/arm_driver/share/arm_driver/cmake/rosidl_cmake-extras.cmake
-- Installing: /home/hanjiang/Desktop/my_try/my_try_ws/install/arm_driver/share/arm_driver/cmake/ament_cmake_export_dependencies-extras.cmake
-- Installing: /home/hanjiang/Desktop/my_try/my_try_ws/install/arm_driver/share/arm_driver/cmake/ament_cmake_export_include_directories-extras.cmake
-- Installing: /home/hanjiang/Desktop/my_try/my_try_ws/install/arm_driver/share/arm_driver/cmake/ament_cmake_export_libraries-extras.cmake
-- Installing: /home/hanjiang/Desktop/my_try/my_try_ws/install/arm_driver/share/arm_driver/cmake/ament_cmake_export_targets-extras.cmake
-- Installing: /home/hanjiang/Desktop/my_try/my_try_ws/install/arm_driver/share/arm_driver/cmake/rosidl_cmake_export_typesupport_targets-extras.cmake
-- Installing: /home/hanjiang/Desktop/my_try/my_try_ws/install/arm_driver/share/arm_driver/cmake/rosidl_cmake_export_typesupport_libraries-extras.cmake
-- Installing: /home/hanjiang/Desktop/my_try/my_try_ws/install/arm_driver/share/arm_driver/cmake/arm_driverConfig.cmake
-- Installing: /home/hanjiang/Desktop/my_try/my_try_ws/install/arm_driver/share/arm_driver/cmake/arm_driverConfig-version.cmake
-- Installing: /home/hanjiang/Desktop/my_try/my_try_ws/install/arm_driver/share/arm_driver/package.xml
