-- Install configuration: ""
-- Up-to-date: /home/hanjiang/Desktop/my_try/my_try_ws/install/mybot_moveit2/share/ament_index/resource_index/package_run_dependencies/mybot_moveit2
-- Up-to-date: /home/hanjiang/Desktop/my_try/my_try_ws/install/mybot_moveit2/share/ament_index/resource_index/parent_prefix_path/mybot_moveit2
-- Up-to-date: /home/hanjiang/Desktop/my_try/my_try_ws/install/mybot_moveit2/share/mybot_moveit2/environment/ament_prefix_path.sh
-- Up-to-date: /home/hanjiang/Desktop/my_try/my_try_ws/install/mybot_moveit2/share/mybot_moveit2/environment/ament_prefix_path.dsv
-- Up-to-date: /home/hanjiang/Desktop/my_try/my_try_ws/install/mybot_moveit2/share/mybot_moveit2/environment/path.sh
-- Up-to-date: /home/hanjiang/Desktop/my_try/my_try_ws/install/mybot_moveit2/share/mybot_moveit2/environment/path.dsv
-- Up-to-date: /home/hanjiang/Desktop/my_try/my_try_ws/install/mybot_moveit2/share/mybot_moveit2/local_setup.bash
-- Up-to-date: /home/hanjiang/Desktop/my_try/my_try_ws/install/mybot_moveit2/share/mybot_moveit2/local_setup.sh
-- Up-to-date: /home/hanjiang/Desktop/my_try/my_try_ws/install/mybot_moveit2/share/mybot_moveit2/local_setup.zsh
-- Up-to-date: /home/hanjiang/Desktop/my_try/my_try_ws/install/mybot_moveit2/share/mybot_moveit2/local_setup.dsv
-- Installing: /home/hanjiang/Desktop/my_try/my_try_ws/install/mybot_moveit2/share/mybot_moveit2/package.dsv
-- Up-to-date: /home/hanjiang/Desktop/my_try/my_try_ws/install/mybot_moveit2/share/ament_index/resource_index/packages/mybot_moveit2
-- Up-to-date: /home/hanjiang/Desktop/my_try/my_try_ws/install/mybot_moveit2/share/mybot_moveit2/cmake/mybot_moveit2Config.cmake
-- Up-to-date: /home/hanjiang/Desktop/my_try/my_try_ws/install/mybot_moveit2/share/mybot_moveit2/cmake/mybot_moveit2Config-version.cmake
-- Up-to-date: /home/hanjiang/Desktop/my_try/my_try_ws/install/mybot_moveit2/share/mybot_moveit2/package.xml
-- Up-to-date: /home/hanjiang/Desktop/my_try/my_try_ws/install/mybot_moveit2/share/mybot_moveit2/launch
-- Up-to-date: /home/hanjiang/Desktop/my_try/my_try_ws/install/mybot_moveit2/share/mybot_moveit2/launch/gazebo.launch.py
-- Up-to-date: /home/hanjiang/Desktop/my_try/my_try_ws/install/mybot_moveit2/share/mybot_moveit2/launch/spawn_controllers.launch.py
-- Up-to-date: /home/hanjiang/Desktop/my_try/my_try_ws/install/mybot_moveit2/share/mybot_moveit2/launch/setup_assistant.launch.py
-- Up-to-date: /home/hanjiang/Desktop/my_try/my_try_ws/install/mybot_moveit2/share/mybot_moveit2/launch/rsp.launch.py
-- Up-to-date: /home/hanjiang/Desktop/my_try/my_try_ws/install/mybot_moveit2/share/mybot_moveit2/launch/moveit_rviz.launch.py
-- Up-to-date: /home/hanjiang/Desktop/my_try/my_try_ws/install/mybot_moveit2/share/mybot_moveit2/launch/warehouse_db.launch.py
-- Up-to-date: /home/hanjiang/Desktop/my_try/my_try_ws/install/mybot_moveit2/share/mybot_moveit2/launch/move_group.launch.py
-- Up-to-date: /home/hanjiang/Desktop/my_try/my_try_ws/install/mybot_moveit2/share/mybot_moveit2/launch/static_virtual_joint_tfs.launch.py
-- Up-to-date: /home/hanjiang/Desktop/my_try/my_try_ws/install/mybot_moveit2/share/mybot_moveit2/launch/demo.launch.py
-- Up-to-date: /home/hanjiang/Desktop/my_try/my_try_ws/install/mybot_moveit2/lib/mybot_moveit2/moveit2_arm_control
-- Up-to-date: /home/hanjiang/Desktop/my_try/my_try_ws/install/mybot_moveit2/lib/mybot_moveit2/check_point
-- Up-to-date: /home/hanjiang/Desktop/my_try/my_try_ws/install/mybot_moveit2/share/mybot_moveit2/config
-- Up-to-date: /home/hanjiang/Desktop/my_try/my_try_ws/install/mybot_moveit2/share/mybot_moveit2/config/initial_positions.yaml
-- Up-to-date: /home/hanjiang/Desktop/my_try/my_try_ws/install/mybot_moveit2/share/mybot_moveit2/config/sensors_3d.yaml
-- Up-to-date: /home/hanjiang/Desktop/my_try/my_try_ws/install/mybot_moveit2/share/mybot_moveit2/config/kinematics.yaml
-- Up-to-date: /home/hanjiang/Desktop/my_try/my_try_ws/install/mybot_moveit2/share/mybot_moveit2/config/hjarm_golden.srdf
-- Up-to-date: /home/hanjiang/Desktop/my_try/my_try_ws/install/mybot_moveit2/share/mybot_moveit2/config/pilz_cartesian_limits.yaml
-- Up-to-date: /home/hanjiang/Desktop/my_try/my_try_ws/install/mybot_moveit2/share/mybot_moveit2/config/joint_limits.yaml
-- Up-to-date: /home/hanjiang/Desktop/my_try/my_try_ws/install/mybot_moveit2/share/mybot_moveit2/config/moveit.rviz
-- Up-to-date: /home/hanjiang/Desktop/my_try/my_try_ws/install/mybot_moveit2/share/mybot_moveit2/config/moveit_controllers.yaml
-- Up-to-date: /home/hanjiang/Desktop/my_try/my_try_ws/install/mybot_moveit2/share/mybot_moveit2/config/hjarm_golden.ros2_control.xacro
-- Up-to-date: /home/hanjiang/Desktop/my_try/my_try_ws/install/mybot_moveit2/share/mybot_moveit2/config/hjarm_golden.gazebo.xacro
-- Up-to-date: /home/hanjiang/Desktop/my_try/my_try_ws/install/mybot_moveit2/share/mybot_moveit2/config/ros2_controllers.yaml
-- Up-to-date: /home/hanjiang/Desktop/my_try/my_try_ws/install/mybot_moveit2/share/mybot_moveit2/config/hjarm_golden.urdf.xacro
-- Up-to-date: /home/hanjiang/Desktop/my_try/my_try_ws/install/mybot_moveit2/share/mybot_moveit2/scripts
-- Up-to-date: /home/hanjiang/Desktop/my_try/my_try_ws/install/mybot_moveit2/share/mybot_moveit2/scripts/moveit2_arm_control.py
-- Up-to-date: /home/hanjiang/Desktop/my_try/my_try_ws/install/mybot_moveit2/share/mybot_moveit2/scripts/check_point.py
-- Up-to-date: /home/hanjiang/Desktop/my_try/my_try_ws/install/mybot_moveit2/share/mybot_moveit2/.setup_assistant
