[0.006s] Invoking command in '/home/hanjiang/Desktop/my_try/my_try_ws/build/arm_driver': CMAKE_PREFIX_PATH=${CMAKE_PREFIX_PATH}:/opt/ros/humble /usr/bin/cmake --build /home/hanjiang/Desktop/my_try/my_try_ws/build/arm_driver -- -j20 -l20
[0.024s] -- Found ament_cmake: 1.3.11 (/opt/ros/humble/share/ament_cmake/cmake)
[0.108s] -- Found rclcpp: 16.0.15 (/opt/ros/humble/share/rclcpp/cmake)
[0.125s] -- Found rosidl_generator_c: 3.1.6 (/opt/ros/humble/share/rosidl_generator_c/cmake)
[0.126s] -- Found rosidl_adapter: 3.1.6 (/opt/ros/humble/share/rosidl_adapter/cmake)
[0.129s] -- Found rosidl_generator_cpp: 3.1.6 (/opt/ros/humble/share/rosidl_generator_cpp/cmake)
[0.134s] -- Using all available rosidl_typesupport_c: rosidl_typesupport_fastrtps_c;rosidl_typesupport_introspection_c
[0.140s] -- Using all available rosidl_typesupport_cpp: rosidl_typesupport_fastrtps_cpp;rosidl_typesupport_introspection_cpp
[0.156s] -- Found rmw_implementation_cmake: 6.1.2 (/opt/ros/humble/share/rmw_implementation_cmake/cmake)
[0.157s] -- Found rmw_fastrtps_cpp: 6.2.7 (/opt/ros/humble/share/rmw_fastrtps_cpp/cmake)
[0.224s] -- Using RMW implementation 'rmw_fastrtps_cpp' as default
[0.252s] -- Found rclcpp_action: 16.0.12 (/opt/ros/humble/share/rclcpp_action/cmake)
[0.267s] -- Found rclpy: 3.3.16 (/opt/ros/humble/share/rclpy/cmake)
[0.267s] -- Found moveit_core: 2.5.9 (/opt/ros/humble/moveit_core/cmake)
[0.276s] -- Found Boost: /usr/lib/x86_64-linux-gnu/cmake/Boost-1.74.0/BoostConfig.cmake (found version "1.74.0") found components: chrono date_time filesystem iostreams program_options regex serialization system thread 
[0.287s] -- Found parameter_traits: 0.5.0 (/opt/ros/humble/share/parameter_traits/cmake)
[0.291s] -- Found rclcpp_lifecycle: 16.0.12 (/opt/ros/humble/share/rclcpp_lifecycle/cmake)
[0.301s] -- Found Boost: /usr/lib/x86_64-linux-gnu/cmake/Boost-1.74.0/BoostConfig.cmake (found version "1.74.0") found components: filesystem 
[0.327s] -- library: /usr/lib/x86_64-linux-gnu/libcurl.so
[0.363s] -- Ensuring Eigen3 include directory is part of orocos-kdl CMake target
[0.455s] -- Found moveit_ros_planning: 2.5.9 (/opt/ros/humble/moveit_ros_planning/cmake)
[0.458s] -- Found Boost: /usr/lib/x86_64-linux-gnu/cmake/Boost-1.74.0/BoostConfig.cmake (found version "1.74.0") found components: system filesystem date_time program_options thread chrono 
[0.471s] -- Found moveit_ros_planning_interface: 2.5.9 (/opt/ros/humble/moveit_ros_planning_interface/cmake)
[0.474s] -- Found Boost: /usr/lib/x86_64-linux-gnu/cmake/Boost-1.74.0/BoostConfig.cmake (found version "1.74.0") found components: date_time filesystem program_options system thread 
[0.481s] -- Found Boost: /usr/lib/x86_64-linux-gnu/cmake/Boost-1.74.0/BoostConfig.cmake (found version "1.74.0") found components: thread system filesystem regex date_time program_options 
[0.494s] -- Found Boost: /usr/lib/x86_64-linux-gnu/cmake/Boost-1.74.0/BoostConfig.cmake (found version "1.74.0") found components: system filesystem date_time program_options thread 
[0.508s] -- Found control_msgs: 4.8.0 (/opt/ros/humble/share/control_msgs/cmake)
[0.522s] -- Found ament_cmake_auto: 1.3.11 (/opt/ros/humble/share/ament_cmake_auto/cmake)
[0.523s] -- Found actionlib_msgs: 4.8.0 (/opt/ros/humble/share/actionlib_msgs/cmake)
[0.530s] -- Found rosidl_default_generators: 1.2.0 (/opt/ros/humble/share/rosidl_default_generators/cmake)
[0.688s] -- Found ament_cmake_ros: 0.10.0 (/opt/ros/humble/share/ament_cmake_ros/cmake)
[0.889s] -- Using all available rosidl_typesupport_c: rosidl_typesupport_fastrtps_c;rosidl_typesupport_introspection_c
[0.984s] -- Using all available rosidl_typesupport_cpp: rosidl_typesupport_fastrtps_cpp;rosidl_typesupport_introspection_cpp
[1.002s] -- Found python_cmake_module: 0.10.0 (/opt/ros/humble/share/python_cmake_module/cmake)
[1.017s] -- Using PYTHON_EXECUTABLE: /usr/bin/python3
[1.017s] -- Using PYTHON_INCLUDE_DIRS: /usr/include/python3.10
[1.017s] -- Using PYTHON_LIBRARIES: /usr/lib/x86_64-linux-gnu/libpython3.10.so
[1.035s] [0mCMake Deprecation Warning at /opt/ros/humble/share/rosidl_cmake/cmake/rosidl_target_interfaces.cmake:32 (message):
[1.036s]   Use rosidl_get_typesupport_target() and target_link_libraries() instead of
[1.036s]   rosidl_target_interfaces()
[1.036s] Call Stack (most recent call first):
[1.036s]   CMakeLists.txt:60 (rosidl_target_interfaces)
[1.036s] 
[1.036s] [0m
[1.036s] -- Found ament_lint_auto: 0.12.12 (/opt/ros/humble/share/ament_lint_auto/cmake)
[1.045s] -- Added test 'cppcheck' to perform static code analysis on C / C++ code
[1.045s] -- Configured cppcheck include dirs: /home/hanjiang/Desktop/my_try/my_try_ws/src/arm_driver/include
[1.045s] -- Configured cppcheck exclude dirs and/or files: 
[1.046s] -- Added test 'flake8' to check Python code syntax and style conventions
[1.046s] -- Added test 'lint_cmake' to check CMake code style
[1.047s] -- Added test 'pep257' to check Python code against some of the docstring style conventions in PEP 257
[1.047s] -- Added test 'uncrustify' to check C / C++ code style
[1.048s] -- Configured uncrustify additional arguments: 
[1.048s] -- Added test 'xmllint' to check XML markup files
[1.049s] -- Configuring done
[1.074s] -- Generating done
[1.084s] -- Build files have been written to: /home/hanjiang/Desktop/my_try/my_try_ws/build/arm_driver
[1.108s] [35m[1mConsolidate compiler generated dependencies of target arm_driver__rosidl_generator_c[0m
[1.116s] [  3%] Built target arm_driver__cpp
[1.116s] [ 12%] Built target arm_driver__rosidl_generator_c
[1.121s] [ 12%] Built target ament_cmake_python_copy_arm_driver
[1.123s] [35m[1mConsolidate compiler generated dependencies of target arm_driver__rosidl_typesupport_cpp[0m
[1.123s] [35m[1mConsolidate compiler generated dependencies of target arm_driver__rosidl_typesupport_introspection_cpp[0m
[1.123s] [35m[1mConsolidate compiler generated dependencies of target arm_driver__rosidl_typesupport_fastrtps_cpp[0m
[1.123s] [35m[1mConsolidate compiler generated dependencies of target arm_driver__rosidl_typesupport_fastrtps_c[0m
[1.123s] [35m[1mConsolidate compiler generated dependencies of target arm_driver__rosidl_typesupport_introspection_c[0m
[1.125s] [35m[1mConsolidate compiler generated dependencies of target arm_driver__rosidl_typesupport_c[0m
[1.131s] [ 21%] Built target arm_driver__rosidl_typesupport_cpp
[1.131s] [ 30%] Built target arm_driver__rosidl_typesupport_fastrtps_cpp
[1.131s] [ 39%] Built target arm_driver__rosidl_typesupport_introspection_cpp
[1.132s] [ 48%] Built target arm_driver__rosidl_typesupport_introspection_c
[1.132s] [ 57%] Built target arm_driver__rosidl_typesupport_c
[1.132s] [ 66%] Built target arm_driver__rosidl_typesupport_fastrtps_c
[1.147s] [ 66%] Built target arm_driver
[1.155s] [35m[1mConsolidate compiler generated dependencies of target hjarm_engineer_node[0m
[1.162s] [ 69%] Built target arm_driver__py
[1.170s] [ 72%] [32mBuilding CXX object CMakeFiles/hjarm_engineer_node.dir/src/hjarm_engineer.cpp.o[0m
[1.170s] [35m[1mConsolidate compiler generated dependencies of target arm_driver__rosidl_generator_py[0m
[1.181s] [ 78%] Built target arm_driver__rosidl_generator_py
[1.190s] [35m[1mConsolidate compiler generated dependencies of target arm_driver__rosidl_typesupport_introspection_c__pyext[0m
[1.190s] [35m[1mConsolidate compiler generated dependencies of target arm_driver__rosidl_typesupport_fastrtps_c__pyext[0m
[1.190s] [35m[1mConsolidate compiler generated dependencies of target arm_driver__rosidl_typesupport_c__pyext[0m
[1.200s] [ 84%] Built target arm_driver__rosidl_typesupport_fastrtps_c__pyext
[1.201s] [ 96%] Built target arm_driver__rosidl_typesupport_c__pyext
[1.201s] [ 96%] Built target arm_driver__rosidl_typesupport_introspection_c__pyext
[1.276s] running egg_info
[1.276s] writing arm_driver.egg-info/PKG-INFO
[1.276s] writing dependency_links to arm_driver.egg-info/dependency_links.txt
[1.276s] writing top-level names to arm_driver.egg-info/top_level.txt
[1.278s] reading manifest file 'arm_driver.egg-info/SOURCES.txt'
[1.278s] writing manifest file 'arm_driver.egg-info/SOURCES.txt'
[1.298s] [ 96%] Built target ament_cmake_python_build_arm_driver_egg
[4.559s] [100%] [32m[1mLinking CXX executable hjarm_engineer_node[0m
[4.728s] [100%] Built target hjarm_engineer_node
[4.735s] Invoked command in '/home/hanjiang/Desktop/my_try/my_try_ws/build/arm_driver' returned '0': CMAKE_PREFIX_PATH=${CMAKE_PREFIX_PATH}:/opt/ros/humble /usr/bin/cmake --build /home/hanjiang/Desktop/my_try/my_try_ws/build/arm_driver -- -j20 -l20
[4.736s] Invoking command in '/home/hanjiang/Desktop/my_try/my_try_ws/build/arm_driver': CMAKE_PREFIX_PATH=${CMAKE_PREFIX_PATH}:/opt/ros/humble /usr/bin/cmake --install /home/hanjiang/Desktop/my_try/my_try_ws/build/arm_driver
[4.741s] -- Install configuration: ""
[4.741s] -- Up-to-date: /home/hanjiang/Desktop/my_try/my_try_ws/install/arm_driver/share/ament_index/resource_index/rosidl_interfaces/arm_driver
[4.741s] -- Up-to-date: /home/hanjiang/Desktop/my_try/my_try_ws/install/arm_driver/include/arm_driver/arm_driver
[4.741s] -- Up-to-date: /home/hanjiang/Desktop/my_try/my_try_ws/install/arm_driver/include/arm_driver/arm_driver/msg
[4.741s] -- Up-to-date: /home/hanjiang/Desktop/my_try/my_try_ws/install/arm_driver/include/arm_driver/arm_driver/msg/rosidl_generator_c__visibility_control.h
[4.741s] -- Up-to-date: /home/hanjiang/Desktop/my_try/my_try_ws/install/arm_driver/include/arm_driver/arm_driver/msg/detail
[4.741s] -- Up-to-date: /home/hanjiang/Desktop/my_try/my_try_ws/install/arm_driver/include/arm_driver/arm_driver/msg/detail/joint_command__struct.h
[4.741s] -- Up-to-date: /home/hanjiang/Desktop/my_try/my_try_ws/install/arm_driver/include/arm_driver/arm_driver/msg/detail/joint_command__type_support.h
[4.741s] -- Up-to-date: /home/hanjiang/Desktop/my_try/my_try_ws/install/arm_driver/include/arm_driver/arm_driver/msg/detail/joint_command__functions.h
[4.742s] -- Up-to-date: /home/hanjiang/Desktop/my_try/my_try_ws/install/arm_driver/include/arm_driver/arm_driver/msg/detail/joint_command__functions.c
[4.742s] -- Up-to-date: /home/hanjiang/Desktop/my_try/my_try_ws/install/arm_driver/include/arm_driver/arm_driver/msg/joint_command.h
[4.742s] -- Up-to-date: /home/hanjiang/Desktop/my_try/my_try_ws/install/arm_driver/share/arm_driver/environment/library_path.sh
[4.742s] -- Installing: /home/hanjiang/Desktop/my_try/my_try_ws/install/arm_driver/share/arm_driver/environment/library_path.dsv
[4.742s] -- Up-to-date: /home/hanjiang/Desktop/my_try/my_try_ws/install/arm_driver/lib/libarm_driver__rosidl_generator_c.so
[4.742s] -- Up-to-date: /home/hanjiang/Desktop/my_try/my_try_ws/install/arm_driver/include/arm_driver/arm_driver
[4.742s] -- Up-to-date: /home/hanjiang/Desktop/my_try/my_try_ws/install/arm_driver/include/arm_driver/arm_driver/msg
[4.742s] -- Up-to-date: /home/hanjiang/Desktop/my_try/my_try_ws/install/arm_driver/include/arm_driver/arm_driver/msg/detail
[4.742s] -- Up-to-date: /home/hanjiang/Desktop/my_try/my_try_ws/install/arm_driver/include/arm_driver/arm_driver/msg/detail/joint_command__rosidl_typesupport_fastrtps_c.h
[4.742s] -- Up-to-date: /home/hanjiang/Desktop/my_try/my_try_ws/install/arm_driver/include/arm_driver/arm_driver/msg/rosidl_typesupport_fastrtps_c__visibility_control.h
[4.742s] -- Up-to-date: /home/hanjiang/Desktop/my_try/my_try_ws/install/arm_driver/lib/libarm_driver__rosidl_typesupport_fastrtps_c.so
[4.742s] -- Up-to-date: /home/hanjiang/Desktop/my_try/my_try_ws/install/arm_driver/include/arm_driver/arm_driver
[4.742s] -- Up-to-date: /home/hanjiang/Desktop/my_try/my_try_ws/install/arm_driver/include/arm_driver/arm_driver/msg
[4.742s] -- Up-to-date: /home/hanjiang/Desktop/my_try/my_try_ws/install/arm_driver/include/arm_driver/arm_driver/msg/rosidl_generator_cpp__visibility_control.hpp
[4.742s] -- Up-to-date: /home/hanjiang/Desktop/my_try/my_try_ws/install/arm_driver/include/arm_driver/arm_driver/msg/joint_command.hpp
[4.742s] -- Up-to-date: /home/hanjiang/Desktop/my_try/my_try_ws/install/arm_driver/include/arm_driver/arm_driver/msg/detail
[4.742s] -- Up-to-date: /home/hanjiang/Desktop/my_try/my_try_ws/install/arm_driver/include/arm_driver/arm_driver/msg/detail/joint_command__type_support.hpp
[4.742s] -- Up-to-date: /home/hanjiang/Desktop/my_try/my_try_ws/install/arm_driver/include/arm_driver/arm_driver/msg/detail/joint_command__traits.hpp
[4.742s] -- Up-to-date: /home/hanjiang/Desktop/my_try/my_try_ws/install/arm_driver/include/arm_driver/arm_driver/msg/detail/joint_command__builder.hpp
[4.742s] -- Up-to-date: /home/hanjiang/Desktop/my_try/my_try_ws/install/arm_driver/include/arm_driver/arm_driver/msg/detail/joint_command__struct.hpp
[4.742s] -- Up-to-date: /home/hanjiang/Desktop/my_try/my_try_ws/install/arm_driver/include/arm_driver/arm_driver
[4.742s] -- Up-to-date: /home/hanjiang/Desktop/my_try/my_try_ws/install/arm_driver/include/arm_driver/arm_driver/msg
[4.742s] -- Up-to-date: /home/hanjiang/Desktop/my_try/my_try_ws/install/arm_driver/include/arm_driver/arm_driver/msg/rosidl_typesupport_fastrtps_cpp__visibility_control.h
[4.742s] -- Up-to-date: /home/hanjiang/Desktop/my_try/my_try_ws/install/arm_driver/include/arm_driver/arm_driver/msg/detail
[4.742s] -- Up-to-date: /home/hanjiang/Desktop/my_try/my_try_ws/install/arm_driver/include/arm_driver/arm_driver/msg/detail/joint_command__rosidl_typesupport_fastrtps_cpp.hpp
[4.742s] -- Up-to-date: /home/hanjiang/Desktop/my_try/my_try_ws/install/arm_driver/include/arm_driver/arm_driver/msg/detail/dds_fastrtps
[4.742s] -- Up-to-date: /home/hanjiang/Desktop/my_try/my_try_ws/install/arm_driver/lib/libarm_driver__rosidl_typesupport_fastrtps_cpp.so
[4.742s] -- Up-to-date: /home/hanjiang/Desktop/my_try/my_try_ws/install/arm_driver/include/arm_driver/arm_driver
[4.742s] -- Up-to-date: /home/hanjiang/Desktop/my_try/my_try_ws/install/arm_driver/include/arm_driver/arm_driver/msg
[4.742s] -- Up-to-date: /home/hanjiang/Desktop/my_try/my_try_ws/install/arm_driver/include/arm_driver/arm_driver/msg/rosidl_typesupport_introspection_c__visibility_control.h
[4.743s] -- Up-to-date: /home/hanjiang/Desktop/my_try/my_try_ws/install/arm_driver/include/arm_driver/arm_driver/msg/detail
[4.743s] -- Up-to-date: /home/hanjiang/Desktop/my_try/my_try_ws/install/arm_driver/include/arm_driver/arm_driver/msg/detail/joint_command__type_support.c
[4.743s] -- Up-to-date: /home/hanjiang/Desktop/my_try/my_try_ws/install/arm_driver/include/arm_driver/arm_driver/msg/detail/joint_command__rosidl_typesupport_introspection_c.h
[4.743s] -- Up-to-date: /home/hanjiang/Desktop/my_try/my_try_ws/install/arm_driver/lib/libarm_driver__rosidl_typesupport_introspection_c.so
[4.743s] -- Up-to-date: /home/hanjiang/Desktop/my_try/my_try_ws/install/arm_driver/lib/libarm_driver__rosidl_typesupport_c.so
[4.743s] -- Up-to-date: /home/hanjiang/Desktop/my_try/my_try_ws/install/arm_driver/include/arm_driver/arm_driver
[4.743s] -- Up-to-date: /home/hanjiang/Desktop/my_try/my_try_ws/install/arm_driver/include/arm_driver/arm_driver/msg
[4.743s] -- Up-to-date: /home/hanjiang/Desktop/my_try/my_try_ws/install/arm_driver/include/arm_driver/arm_driver/msg/detail
[4.743s] -- Up-to-date: /home/hanjiang/Desktop/my_try/my_try_ws/install/arm_driver/include/arm_driver/arm_driver/msg/detail/joint_command__rosidl_typesupport_introspection_cpp.hpp
[4.743s] -- Up-to-date: /home/hanjiang/Desktop/my_try/my_try_ws/install/arm_driver/include/arm_driver/arm_driver/msg/detail/joint_command__type_support.cpp
[4.743s] -- Up-to-date: /home/hanjiang/Desktop/my_try/my_try_ws/install/arm_driver/lib/libarm_driver__rosidl_typesupport_introspection_cpp.so
[4.743s] -- Up-to-date: /home/hanjiang/Desktop/my_try/my_try_ws/install/arm_driver/lib/libarm_driver__rosidl_typesupport_cpp.so
[4.743s] -- Up-to-date: /home/hanjiang/Desktop/my_try/my_try_ws/install/arm_driver/share/arm_driver/environment/pythonpath.sh
[4.743s] -- Installing: /home/hanjiang/Desktop/my_try/my_try_ws/install/arm_driver/share/arm_driver/environment/pythonpath.dsv
[4.743s] -- Up-to-date: /home/hanjiang/Desktop/my_try/my_try_ws/install/arm_driver/local/lib/python3.10/dist-packages/arm_driver-0.0.0-py3.10.egg-info
[4.743s] -- Installing: /home/hanjiang/Desktop/my_try/my_try_ws/install/arm_driver/local/lib/python3.10/dist-packages/arm_driver-0.0.0-py3.10.egg-info/top_level.txt
[4.743s] -- Installing: /home/hanjiang/Desktop/my_try/my_try_ws/install/arm_driver/local/lib/python3.10/dist-packages/arm_driver-0.0.0-py3.10.egg-info/PKG-INFO
[4.743s] -- Installing: /home/hanjiang/Desktop/my_try/my_try_ws/install/arm_driver/local/lib/python3.10/dist-packages/arm_driver-0.0.0-py3.10.egg-info/SOURCES.txt
[4.743s] -- Installing: /home/hanjiang/Desktop/my_try/my_try_ws/install/arm_driver/local/lib/python3.10/dist-packages/arm_driver-0.0.0-py3.10.egg-info/dependency_links.txt
[4.743s] -- Up-to-date: /home/hanjiang/Desktop/my_try/my_try_ws/install/arm_driver/local/lib/python3.10/dist-packages/arm_driver
[4.743s] -- Installing: /home/hanjiang/Desktop/my_try/my_try_ws/install/arm_driver/local/lib/python3.10/dist-packages/arm_driver/__init__.py
[4.743s] -- Up-to-date: /home/hanjiang/Desktop/my_try/my_try_ws/install/arm_driver/local/lib/python3.10/dist-packages/arm_driver/_arm_driver_s.ep.rosidl_typesupport_c.c
[4.743s] -- Up-to-date: /home/hanjiang/Desktop/my_try/my_try_ws/install/arm_driver/local/lib/python3.10/dist-packages/arm_driver/libarm_driver__rosidl_generator_py.so
[4.743s] -- Up-to-date: /home/hanjiang/Desktop/my_try/my_try_ws/install/arm_driver/local/lib/python3.10/dist-packages/arm_driver/msg
[4.743s] -- Up-to-date: /home/hanjiang/Desktop/my_try/my_try_ws/install/arm_driver/local/lib/python3.10/dist-packages/arm_driver/msg/__init__.py
[4.743s] -- Up-to-date: /home/hanjiang/Desktop/my_try/my_try_ws/install/arm_driver/local/lib/python3.10/dist-packages/arm_driver/msg/_joint_command.py
[4.743s] -- Up-to-date: /home/hanjiang/Desktop/my_try/my_try_ws/install/arm_driver/local/lib/python3.10/dist-packages/arm_driver/msg/_joint_command_s.c
[4.743s] -- Up-to-date: /home/hanjiang/Desktop/my_try/my_try_ws/install/arm_driver/local/lib/python3.10/dist-packages/arm_driver/_arm_driver_s.ep.rosidl_typesupport_introspection_c.c
[4.743s] -- Up-to-date: /home/hanjiang/Desktop/my_try/my_try_ws/install/arm_driver/local/lib/python3.10/dist-packages/arm_driver/arm_driver_s__rosidl_typesupport_fastrtps_c.cpython-310-x86_64-linux-gnu.so
[4.743s] -- Up-to-date: /home/hanjiang/Desktop/my_try/my_try_ws/install/arm_driver/local/lib/python3.10/dist-packages/arm_driver/arm_driver_s__rosidl_typesupport_introspection_c.cpython-310-x86_64-linux-gnu.so
[4.743s] -- Up-to-date: /home/hanjiang/Desktop/my_try/my_try_ws/install/arm_driver/local/lib/python3.10/dist-packages/arm_driver/_arm_driver_s.ep.rosidl_typesupport_fastrtps_c.c
[4.743s] -- Up-to-date: /home/hanjiang/Desktop/my_try/my_try_ws/install/arm_driver/local/lib/python3.10/dist-packages/arm_driver/arm_driver_s__rosidl_typesupport_c.cpython-310-x86_64-linux-gnu.so
[4.765s] Listing '/home/hanjiang/Desktop/my_try/my_try_ws/install/arm_driver/local/lib/python3.10/dist-packages/arm_driver'...
[4.765s] Compiling '/home/hanjiang/Desktop/my_try/my_try_ws/install/arm_driver/local/lib/python3.10/dist-packages/arm_driver/__init__.py'...
[4.765s] Listing '/home/hanjiang/Desktop/my_try/my_try_ws/install/arm_driver/local/lib/python3.10/dist-packages/arm_driver/msg'...
[4.767s] -- Up-to-date: /home/hanjiang/Desktop/my_try/my_try_ws/install/arm_driver/local/lib/python3.10/dist-packages/arm_driver/arm_driver_s__rosidl_typesupport_fastrtps_c.cpython-310-x86_64-linux-gnu.so
[4.767s] -- Up-to-date: /home/hanjiang/Desktop/my_try/my_try_ws/install/arm_driver/local/lib/python3.10/dist-packages/arm_driver/arm_driver_s__rosidl_typesupport_introspection_c.cpython-310-x86_64-linux-gnu.so
[4.768s] -- Up-to-date: /home/hanjiang/Desktop/my_try/my_try_ws/install/arm_driver/local/lib/python3.10/dist-packages/arm_driver/arm_driver_s__rosidl_typesupport_c.cpython-310-x86_64-linux-gnu.so
[4.768s] -- Up-to-date: /home/hanjiang/Desktop/my_try/my_try_ws/install/arm_driver/lib/libarm_driver__rosidl_generator_py.so
[4.768s] -- Up-to-date: /home/hanjiang/Desktop/my_try/my_try_ws/install/arm_driver/share/arm_driver/msg/JointCommand.idl
[4.768s] -- Up-to-date: /home/hanjiang/Desktop/my_try/my_try_ws/install/arm_driver/share/arm_driver/msg/JointCommand.msg
[4.768s] -- Installing: /home/hanjiang/Desktop/my_try/my_try_ws/install/arm_driver/lib/arm_driver/hjarm_engineer_node
[4.769s] -- Set runtime path of "/home/hanjiang/Desktop/my_try/my_try_ws/install/arm_driver/lib/arm_driver/hjarm_engineer_node" to ""
[4.769s] -- Up-to-date: /home/hanjiang/Desktop/my_try/my_try_ws/install/arm_driver/lib/arm_driver/moveit2_arm_control
[4.769s] -- Up-to-date: /home/hanjiang/Desktop/my_try/my_try_ws/install/arm_driver/share/ament_index/resource_index/package_run_dependencies/arm_driver
[4.769s] -- Installing: /home/hanjiang/Desktop/my_try/my_try_ws/install/arm_driver/share/ament_index/resource_index/parent_prefix_path/arm_driver
[4.770s] -- Up-to-date: /home/hanjiang/Desktop/my_try/my_try_ws/install/arm_driver/share/arm_driver/environment/ament_prefix_path.sh
[4.770s] -- Installing: /home/hanjiang/Desktop/my_try/my_try_ws/install/arm_driver/share/arm_driver/environment/ament_prefix_path.dsv
[4.770s] -- Up-to-date: /home/hanjiang/Desktop/my_try/my_try_ws/install/arm_driver/share/arm_driver/environment/path.sh
[4.770s] -- Installing: /home/hanjiang/Desktop/my_try/my_try_ws/install/arm_driver/share/arm_driver/environment/path.dsv
[4.770s] -- Up-to-date: /home/hanjiang/Desktop/my_try/my_try_ws/install/arm_driver/share/arm_driver/local_setup.bash
[4.770s] -- Up-to-date: /home/hanjiang/Desktop/my_try/my_try_ws/install/arm_driver/share/arm_driver/local_setup.sh
[4.770s] -- Up-to-date: /home/hanjiang/Desktop/my_try/my_try_ws/install/arm_driver/share/arm_driver/local_setup.zsh
[4.770s] -- Installing: /home/hanjiang/Desktop/my_try/my_try_ws/install/arm_driver/share/arm_driver/local_setup.dsv
[4.770s] -- Installing: /home/hanjiang/Desktop/my_try/my_try_ws/install/arm_driver/share/arm_driver/package.dsv
[4.770s] -- Up-to-date: /home/hanjiang/Desktop/my_try/my_try_ws/install/arm_driver/share/ament_index/resource_index/packages/arm_driver
[4.770s] -- Up-to-date: /home/hanjiang/Desktop/my_try/my_try_ws/install/arm_driver/share/arm_driver/cmake/export_arm_driver__rosidl_generator_cExport.cmake
[4.770s] -- Up-to-date: /home/hanjiang/Desktop/my_try/my_try_ws/install/arm_driver/share/arm_driver/cmake/export_arm_driver__rosidl_generator_cExport-noconfig.cmake
[4.770s] -- Up-to-date: /home/hanjiang/Desktop/my_try/my_try_ws/install/arm_driver/share/arm_driver/cmake/export_arm_driver__rosidl_typesupport_fastrtps_cExport.cmake
[4.770s] -- Up-to-date: /home/hanjiang/Desktop/my_try/my_try_ws/install/arm_driver/share/arm_driver/cmake/export_arm_driver__rosidl_typesupport_fastrtps_cExport-noconfig.cmake
[4.770s] -- Up-to-date: /home/hanjiang/Desktop/my_try/my_try_ws/install/arm_driver/share/arm_driver/cmake/export_arm_driver__rosidl_generator_cppExport.cmake
[4.770s] -- Up-to-date: /home/hanjiang/Desktop/my_try/my_try_ws/install/arm_driver/share/arm_driver/cmake/export_arm_driver__rosidl_typesupport_fastrtps_cppExport.cmake
[4.770s] -- Up-to-date: /home/hanjiang/Desktop/my_try/my_try_ws/install/arm_driver/share/arm_driver/cmake/export_arm_driver__rosidl_typesupport_fastrtps_cppExport-noconfig.cmake
[4.770s] -- Up-to-date: /home/hanjiang/Desktop/my_try/my_try_ws/install/arm_driver/share/arm_driver/cmake/arm_driver__rosidl_typesupport_introspection_cExport.cmake
[4.770s] -- Up-to-date: /home/hanjiang/Desktop/my_try/my_try_ws/install/arm_driver/share/arm_driver/cmake/arm_driver__rosidl_typesupport_introspection_cExport-noconfig.cmake
[4.770s] -- Up-to-date: /home/hanjiang/Desktop/my_try/my_try_ws/install/arm_driver/share/arm_driver/cmake/arm_driver__rosidl_typesupport_cExport.cmake
[4.770s] -- Up-to-date: /home/hanjiang/Desktop/my_try/my_try_ws/install/arm_driver/share/arm_driver/cmake/arm_driver__rosidl_typesupport_cExport-noconfig.cmake
[4.770s] -- Up-to-date: /home/hanjiang/Desktop/my_try/my_try_ws/install/arm_driver/share/arm_driver/cmake/arm_driver__rosidl_typesupport_introspection_cppExport.cmake
[4.770s] -- Up-to-date: /home/hanjiang/Desktop/my_try/my_try_ws/install/arm_driver/share/arm_driver/cmake/arm_driver__rosidl_typesupport_introspection_cppExport-noconfig.cmake
[4.770s] -- Up-to-date: /home/hanjiang/Desktop/my_try/my_try_ws/install/arm_driver/share/arm_driver/cmake/arm_driver__rosidl_typesupport_cppExport.cmake
[4.770s] -- Up-to-date: /home/hanjiang/Desktop/my_try/my_try_ws/install/arm_driver/share/arm_driver/cmake/arm_driver__rosidl_typesupport_cppExport-noconfig.cmake
[4.770s] -- Up-to-date: /home/hanjiang/Desktop/my_try/my_try_ws/install/arm_driver/share/arm_driver/cmake/export_arm_driver__rosidl_generator_pyExport.cmake
[4.770s] -- Up-to-date: /home/hanjiang/Desktop/my_try/my_try_ws/install/arm_driver/share/arm_driver/cmake/export_arm_driver__rosidl_generator_pyExport-noconfig.cmake
[4.770s] -- Up-to-date: /home/hanjiang/Desktop/my_try/my_try_ws/install/arm_driver/share/arm_driver/cmake/rosidl_cmake-extras.cmake
[4.770s] -- Up-to-date: /home/hanjiang/Desktop/my_try/my_try_ws/install/arm_driver/share/arm_driver/cmake/ament_cmake_export_dependencies-extras.cmake
[4.770s] -- Up-to-date: /home/hanjiang/Desktop/my_try/my_try_ws/install/arm_driver/share/arm_driver/cmake/ament_cmake_export_include_directories-extras.cmake
[4.771s] -- Up-to-date: /home/hanjiang/Desktop/my_try/my_try_ws/install/arm_driver/share/arm_driver/cmake/ament_cmake_export_libraries-extras.cmake
[4.771s] -- Up-to-date: /home/hanjiang/Desktop/my_try/my_try_ws/install/arm_driver/share/arm_driver/cmake/ament_cmake_export_targets-extras.cmake
[4.771s] -- Up-to-date: /home/hanjiang/Desktop/my_try/my_try_ws/install/arm_driver/share/arm_driver/cmake/rosidl_cmake_export_typesupport_targets-extras.cmake
[4.771s] -- Up-to-date: /home/hanjiang/Desktop/my_try/my_try_ws/install/arm_driver/share/arm_driver/cmake/rosidl_cmake_export_typesupport_libraries-extras.cmake
[4.771s] -- Up-to-date: /home/hanjiang/Desktop/my_try/my_try_ws/install/arm_driver/share/arm_driver/cmake/arm_driverConfig.cmake
[4.771s] -- Up-to-date: /home/hanjiang/Desktop/my_try/my_try_ws/install/arm_driver/share/arm_driver/cmake/arm_driverConfig-version.cmake
[4.771s] -- Up-to-date: /home/hanjiang/Desktop/my_try/my_try_ws/install/arm_driver/share/arm_driver/package.xml
[4.772s] Invoked command in '/home/hanjiang/Desktop/my_try/my_try_ws/build/arm_driver' returned '0': CMAKE_PREFIX_PATH=${CMAKE_PREFIX_PATH}:/opt/ros/humble /usr/bin/cmake --install /home/hanjiang/Desktop/my_try/my_try_ws/build/arm_driver
