[  9%] Built target arm_driver__rosidl_generator_c
[ 12%] Built target arm_driver__cpp
[ 12%] Built target ament_cmake_python_copy_arm_driver
[ 21%] Built target arm_driver__rosidl_typesupport_introspection_cpp
[ 30%] Built target arm_driver__rosidl_typesupport_c
[ 39%] Built target arm_driver__rosidl_typesupport_introspection_c
[ 48%] Built target arm_driver__rosidl_typesupport_fastrtps_c
[ 57%] Built target arm_driver__rosidl_typesupport_cpp
[ 66%] Built target arm_driver__rosidl_typesupport_fastrtps_cpp
[ 66%] Built target arm_driver
[ 69%] Built target arm_driver__py
[ 75%] Built target hjarm_engineer_node
[ 81%] Built target arm_driver__rosidl_generator_py
[ 87%] Built target arm_driver__rosidl_typesupport_fastrtps_c__pyext
[100%] Built target arm_driver__rosidl_typesupport_introspection_c__pyext
[100%] Built target arm_driver__rosidl_typesupport_c__pyext
running egg_info
writing arm_driver.egg-info/PKG-INFO
writing dependency_links to arm_driver.egg-info/dependency_links.txt
writing top-level names to arm_driver.egg-info/top_level.txt
reading manifest file 'arm_driver.egg-info/SOURCES.txt'
writing manifest file 'arm_driver.egg-info/SOURCES.txt'
[100%] Built target ament_cmake_python_build_arm_driver_egg
-- Install configuration: ""
-- Up-to-date: /home/hanjiang/Desktop/my_try/my_try_ws/install/arm_driver/share/arm_driver/launch
-- Installing: /home/hanjiang/Desktop/my_try/my_try_ws/install/arm_driver/share/arm_driver/launch/all_start.launch.py
-- Up-to-date: /home/hanjiang/Desktop/my_try/my_try_ws/install/arm_driver/share/ament_index/resource_index/rosidl_interfaces/arm_driver
-- Up-to-date: /home/hanjiang/Desktop/my_try/my_try_ws/install/arm_driver/include/arm_driver/arm_driver
-- Up-to-date: /home/hanjiang/Desktop/my_try/my_try_ws/install/arm_driver/include/arm_driver/arm_driver/msg
-- Up-to-date: /home/hanjiang/Desktop/my_try/my_try_ws/install/arm_driver/include/arm_driver/arm_driver/msg/rosidl_generator_c__visibility_control.h
-- Up-to-date: /home/hanjiang/Desktop/my_try/my_try_ws/install/arm_driver/include/arm_driver/arm_driver/msg/detail
-- Up-to-date: /home/hanjiang/Desktop/my_try/my_try_ws/install/arm_driver/include/arm_driver/arm_driver/msg/detail/joint_command__struct.h
-- Up-to-date: /home/hanjiang/Desktop/my_try/my_try_ws/install/arm_driver/include/arm_driver/arm_driver/msg/detail/joint_command__type_support.h
-- Up-to-date: /home/hanjiang/Desktop/my_try/my_try_ws/install/arm_driver/include/arm_driver/arm_driver/msg/detail/joint_command__functions.h
-- Up-to-date: /home/hanjiang/Desktop/my_try/my_try_ws/install/arm_driver/include/arm_driver/arm_driver/msg/detail/joint_command__functions.c
-- Up-to-date: /home/hanjiang/Desktop/my_try/my_try_ws/install/arm_driver/include/arm_driver/arm_driver/msg/joint_command.h
-- Up-to-date: /home/hanjiang/Desktop/my_try/my_try_ws/install/arm_driver/share/arm_driver/environment/library_path.sh
-- Up-to-date: /home/hanjiang/Desktop/my_try/my_try_ws/install/arm_driver/share/arm_driver/environment/library_path.dsv
-- Up-to-date: /home/hanjiang/Desktop/my_try/my_try_ws/install/arm_driver/lib/libarm_driver__rosidl_generator_c.so
-- Up-to-date: /home/hanjiang/Desktop/my_try/my_try_ws/install/arm_driver/include/arm_driver/arm_driver
-- Up-to-date: /home/hanjiang/Desktop/my_try/my_try_ws/install/arm_driver/include/arm_driver/arm_driver/msg
-- Up-to-date: /home/hanjiang/Desktop/my_try/my_try_ws/install/arm_driver/include/arm_driver/arm_driver/msg/detail
-- Up-to-date: /home/hanjiang/Desktop/my_try/my_try_ws/install/arm_driver/include/arm_driver/arm_driver/msg/detail/joint_command__rosidl_typesupport_fastrtps_c.h
-- Up-to-date: /home/hanjiang/Desktop/my_try/my_try_ws/install/arm_driver/include/arm_driver/arm_driver/msg/rosidl_typesupport_fastrtps_c__visibility_control.h
-- Up-to-date: /home/hanjiang/Desktop/my_try/my_try_ws/install/arm_driver/lib/libarm_driver__rosidl_typesupport_fastrtps_c.so
-- Up-to-date: /home/hanjiang/Desktop/my_try/my_try_ws/install/arm_driver/include/arm_driver/arm_driver
-- Up-to-date: /home/hanjiang/Desktop/my_try/my_try_ws/install/arm_driver/include/arm_driver/arm_driver/msg
-- Up-to-date: /home/hanjiang/Desktop/my_try/my_try_ws/install/arm_driver/include/arm_driver/arm_driver/msg/rosidl_generator_cpp__visibility_control.hpp
-- Up-to-date: /home/hanjiang/Desktop/my_try/my_try_ws/install/arm_driver/include/arm_driver/arm_driver/msg/joint_command.hpp
-- Up-to-date: /home/hanjiang/Desktop/my_try/my_try_ws/install/arm_driver/include/arm_driver/arm_driver/msg/detail
-- Up-to-date: /home/hanjiang/Desktop/my_try/my_try_ws/install/arm_driver/include/arm_driver/arm_driver/msg/detail/joint_command__type_support.hpp
-- Up-to-date: /home/hanjiang/Desktop/my_try/my_try_ws/install/arm_driver/include/arm_driver/arm_driver/msg/detail/joint_command__traits.hpp
-- Up-to-date: /home/hanjiang/Desktop/my_try/my_try_ws/install/arm_driver/include/arm_driver/arm_driver/msg/detail/joint_command__builder.hpp
-- Up-to-date: /home/hanjiang/Desktop/my_try/my_try_ws/install/arm_driver/include/arm_driver/arm_driver/msg/detail/joint_command__struct.hpp
-- Up-to-date: /home/hanjiang/Desktop/my_try/my_try_ws/install/arm_driver/include/arm_driver/arm_driver
-- Up-to-date: /home/hanjiang/Desktop/my_try/my_try_ws/install/arm_driver/include/arm_driver/arm_driver/msg
-- Up-to-date: /home/hanjiang/Desktop/my_try/my_try_ws/install/arm_driver/include/arm_driver/arm_driver/msg/rosidl_typesupport_fastrtps_cpp__visibility_control.h
-- Up-to-date: /home/hanjiang/Desktop/my_try/my_try_ws/install/arm_driver/include/arm_driver/arm_driver/msg/detail
-- Up-to-date: /home/hanjiang/Desktop/my_try/my_try_ws/install/arm_driver/include/arm_driver/arm_driver/msg/detail/joint_command__rosidl_typesupport_fastrtps_cpp.hpp
-- Up-to-date: /home/hanjiang/Desktop/my_try/my_try_ws/install/arm_driver/include/arm_driver/arm_driver/msg/detail/dds_fastrtps
-- Up-to-date: /home/hanjiang/Desktop/my_try/my_try_ws/install/arm_driver/lib/libarm_driver__rosidl_typesupport_fastrtps_cpp.so
-- Up-to-date: /home/hanjiang/Desktop/my_try/my_try_ws/install/arm_driver/include/arm_driver/arm_driver
-- Up-to-date: /home/hanjiang/Desktop/my_try/my_try_ws/install/arm_driver/include/arm_driver/arm_driver/msg
-- Up-to-date: /home/hanjiang/Desktop/my_try/my_try_ws/install/arm_driver/include/arm_driver/arm_driver/msg/rosidl_typesupport_introspection_c__visibility_control.h
-- Up-to-date: /home/hanjiang/Desktop/my_try/my_try_ws/install/arm_driver/include/arm_driver/arm_driver/msg/detail
-- Up-to-date: /home/hanjiang/Desktop/my_try/my_try_ws/install/arm_driver/include/arm_driver/arm_driver/msg/detail/joint_command__type_support.c
-- Up-to-date: /home/hanjiang/Desktop/my_try/my_try_ws/install/arm_driver/include/arm_driver/arm_driver/msg/detail/joint_command__rosidl_typesupport_introspection_c.h
-- Up-to-date: /home/hanjiang/Desktop/my_try/my_try_ws/install/arm_driver/lib/libarm_driver__rosidl_typesupport_introspection_c.so
-- Up-to-date: /home/hanjiang/Desktop/my_try/my_try_ws/install/arm_driver/lib/libarm_driver__rosidl_typesupport_c.so
-- Up-to-date: /home/hanjiang/Desktop/my_try/my_try_ws/install/arm_driver/include/arm_driver/arm_driver
-- Up-to-date: /home/hanjiang/Desktop/my_try/my_try_ws/install/arm_driver/include/arm_driver/arm_driver/msg
-- Up-to-date: /home/hanjiang/Desktop/my_try/my_try_ws/install/arm_driver/include/arm_driver/arm_driver/msg/detail
-- Up-to-date: /home/hanjiang/Desktop/my_try/my_try_ws/install/arm_driver/include/arm_driver/arm_driver/msg/detail/joint_command__rosidl_typesupport_introspection_cpp.hpp
-- Up-to-date: /home/hanjiang/Desktop/my_try/my_try_ws/install/arm_driver/include/arm_driver/arm_driver/msg/detail/joint_command__type_support.cpp
-- Up-to-date: /home/hanjiang/Desktop/my_try/my_try_ws/install/arm_driver/lib/libarm_driver__rosidl_typesupport_introspection_cpp.so
-- Up-to-date: /home/hanjiang/Desktop/my_try/my_try_ws/install/arm_driver/lib/libarm_driver__rosidl_typesupport_cpp.so
-- Up-to-date: /home/hanjiang/Desktop/my_try/my_try_ws/install/arm_driver/share/arm_driver/environment/pythonpath.sh
-- Up-to-date: /home/hanjiang/Desktop/my_try/my_try_ws/install/arm_driver/share/arm_driver/environment/pythonpath.dsv
-- Up-to-date: /home/hanjiang/Desktop/my_try/my_try_ws/install/arm_driver/local/lib/python3.10/dist-packages/arm_driver-0.0.0-py3.10.egg-info
-- Installing: /home/hanjiang/Desktop/my_try/my_try_ws/install/arm_driver/local/lib/python3.10/dist-packages/arm_driver-0.0.0-py3.10.egg-info/top_level.txt
-- Installing: /home/hanjiang/Desktop/my_try/my_try_ws/install/arm_driver/local/lib/python3.10/dist-packages/arm_driver-0.0.0-py3.10.egg-info/PKG-INFO
-- Installing: /home/hanjiang/Desktop/my_try/my_try_ws/install/arm_driver/local/lib/python3.10/dist-packages/arm_driver-0.0.0-py3.10.egg-info/SOURCES.txt
-- Installing: /home/hanjiang/Desktop/my_try/my_try_ws/install/arm_driver/local/lib/python3.10/dist-packages/arm_driver-0.0.0-py3.10.egg-info/dependency_links.txt
-- Up-to-date: /home/hanjiang/Desktop/my_try/my_try_ws/install/arm_driver/local/lib/python3.10/dist-packages/arm_driver
-- Up-to-date: /home/hanjiang/Desktop/my_try/my_try_ws/install/arm_driver/local/lib/python3.10/dist-packages/arm_driver/__init__.py
-- Up-to-date: /home/hanjiang/Desktop/my_try/my_try_ws/install/arm_driver/local/lib/python3.10/dist-packages/arm_driver/_arm_driver_s.ep.rosidl_typesupport_c.c
-- Up-to-date: /home/hanjiang/Desktop/my_try/my_try_ws/install/arm_driver/local/lib/python3.10/dist-packages/arm_driver/libarm_driver__rosidl_generator_py.so
-- Up-to-date: /home/hanjiang/Desktop/my_try/my_try_ws/install/arm_driver/local/lib/python3.10/dist-packages/arm_driver/msg
-- Up-to-date: /home/hanjiang/Desktop/my_try/my_try_ws/install/arm_driver/local/lib/python3.10/dist-packages/arm_driver/msg/__init__.py
-- Up-to-date: /home/hanjiang/Desktop/my_try/my_try_ws/install/arm_driver/local/lib/python3.10/dist-packages/arm_driver/msg/_joint_command.py
-- Up-to-date: /home/hanjiang/Desktop/my_try/my_try_ws/install/arm_driver/local/lib/python3.10/dist-packages/arm_driver/msg/_joint_command_s.c
-- Up-to-date: /home/hanjiang/Desktop/my_try/my_try_ws/install/arm_driver/local/lib/python3.10/dist-packages/arm_driver/_arm_driver_s.ep.rosidl_typesupport_introspection_c.c
-- Up-to-date: /home/hanjiang/Desktop/my_try/my_try_ws/install/arm_driver/local/lib/python3.10/dist-packages/arm_driver/arm_driver_s__rosidl_typesupport_fastrtps_c.cpython-310-x86_64-linux-gnu.so
-- Up-to-date: /home/hanjiang/Desktop/my_try/my_try_ws/install/arm_driver/local/lib/python3.10/dist-packages/arm_driver/arm_driver_s__rosidl_typesupport_introspection_c.cpython-310-x86_64-linux-gnu.so
-- Up-to-date: /home/hanjiang/Desktop/my_try/my_try_ws/install/arm_driver/local/lib/python3.10/dist-packages/arm_driver/_arm_driver_s.ep.rosidl_typesupport_fastrtps_c.c
-- Up-to-date: /home/hanjiang/Desktop/my_try/my_try_ws/install/arm_driver/local/lib/python3.10/dist-packages/arm_driver/arm_driver_s__rosidl_typesupport_c.cpython-310-x86_64-linux-gnu.so
Listing '/home/hanjiang/Desktop/my_try/my_try_ws/install/arm_driver/local/lib/python3.10/dist-packages/arm_driver'...
Listing '/home/hanjiang/Desktop/my_try/my_try_ws/install/arm_driver/local/lib/python3.10/dist-packages/arm_driver/msg'...
-- Up-to-date: /home/hanjiang/Desktop/my_try/my_try_ws/install/arm_driver/local/lib/python3.10/dist-packages/arm_driver/arm_driver_s__rosidl_typesupport_fastrtps_c.cpython-310-x86_64-linux-gnu.so
-- Up-to-date: /home/hanjiang/Desktop/my_try/my_try_ws/install/arm_driver/local/lib/python3.10/dist-packages/arm_driver/arm_driver_s__rosidl_typesupport_introspection_c.cpython-310-x86_64-linux-gnu.so
-- Up-to-date: /home/hanjiang/Desktop/my_try/my_try_ws/install/arm_driver/local/lib/python3.10/dist-packages/arm_driver/arm_driver_s__rosidl_typesupport_c.cpython-310-x86_64-linux-gnu.so
-- Up-to-date: /home/hanjiang/Desktop/my_try/my_try_ws/install/arm_driver/lib/libarm_driver__rosidl_generator_py.so
-- Up-to-date: /home/hanjiang/Desktop/my_try/my_try_ws/install/arm_driver/share/arm_driver/msg/JointCommand.idl
-- Up-to-date: /home/hanjiang/Desktop/my_try/my_try_ws/install/arm_driver/share/arm_driver/msg/JointCommand.msg
-- Up-to-date: /home/hanjiang/Desktop/my_try/my_try_ws/install/arm_driver/lib/arm_driver/hjarm_engineer_node
-- Up-to-date: /home/hanjiang/Desktop/my_try/my_try_ws/install/arm_driver/lib/arm_driver/moveit2_arm_control
-- Up-to-date: /home/hanjiang/Desktop/my_try/my_try_ws/install/arm_driver/share/ament_index/resource_index/package_run_dependencies/arm_driver
-- Up-to-date: /home/hanjiang/Desktop/my_try/my_try_ws/install/arm_driver/share/ament_index/resource_index/parent_prefix_path/arm_driver
-- Up-to-date: /home/hanjiang/Desktop/my_try/my_try_ws/install/arm_driver/share/arm_driver/environment/ament_prefix_path.sh
-- Up-to-date: /home/hanjiang/Desktop/my_try/my_try_ws/install/arm_driver/share/arm_driver/environment/ament_prefix_path.dsv
-- Up-to-date: /home/hanjiang/Desktop/my_try/my_try_ws/install/arm_driver/share/arm_driver/environment/path.sh
-- Up-to-date: /home/hanjiang/Desktop/my_try/my_try_ws/install/arm_driver/share/arm_driver/environment/path.dsv
-- Up-to-date: /home/hanjiang/Desktop/my_try/my_try_ws/install/arm_driver/share/arm_driver/local_setup.bash
-- Up-to-date: /home/hanjiang/Desktop/my_try/my_try_ws/install/arm_driver/share/arm_driver/local_setup.sh
-- Up-to-date: /home/hanjiang/Desktop/my_try/my_try_ws/install/arm_driver/share/arm_driver/local_setup.zsh
-- Up-to-date: /home/hanjiang/Desktop/my_try/my_try_ws/install/arm_driver/share/arm_driver/local_setup.dsv
-- Installing: /home/hanjiang/Desktop/my_try/my_try_ws/install/arm_driver/share/arm_driver/package.dsv
-- Up-to-date: /home/hanjiang/Desktop/my_try/my_try_ws/install/arm_driver/share/ament_index/resource_index/packages/arm_driver
-- Up-to-date: /home/hanjiang/Desktop/my_try/my_try_ws/install/arm_driver/share/arm_driver/cmake/export_arm_driver__rosidl_generator_cExport.cmake
-- Up-to-date: /home/hanjiang/Desktop/my_try/my_try_ws/install/arm_driver/share/arm_driver/cmake/export_arm_driver__rosidl_generator_cExport-noconfig.cmake
-- Up-to-date: /home/hanjiang/Desktop/my_try/my_try_ws/install/arm_driver/share/arm_driver/cmake/export_arm_driver__rosidl_typesupport_fastrtps_cExport.cmake
-- Up-to-date: /home/hanjiang/Desktop/my_try/my_try_ws/install/arm_driver/share/arm_driver/cmake/export_arm_driver__rosidl_typesupport_fastrtps_cExport-noconfig.cmake
-- Up-to-date: /home/hanjiang/Desktop/my_try/my_try_ws/install/arm_driver/share/arm_driver/cmake/export_arm_driver__rosidl_generator_cppExport.cmake
-- Up-to-date: /home/hanjiang/Desktop/my_try/my_try_ws/install/arm_driver/share/arm_driver/cmake/export_arm_driver__rosidl_typesupport_fastrtps_cppExport.cmake
-- Up-to-date: /home/hanjiang/Desktop/my_try/my_try_ws/install/arm_driver/share/arm_driver/cmake/export_arm_driver__rosidl_typesupport_fastrtps_cppExport-noconfig.cmake
-- Up-to-date: /home/hanjiang/Desktop/my_try/my_try_ws/install/arm_driver/share/arm_driver/cmake/arm_driver__rosidl_typesupport_introspection_cExport.cmake
-- Up-to-date: /home/hanjiang/Desktop/my_try/my_try_ws/install/arm_driver/share/arm_driver/cmake/arm_driver__rosidl_typesupport_introspection_cExport-noconfig.cmake
-- Up-to-date: /home/hanjiang/Desktop/my_try/my_try_ws/install/arm_driver/share/arm_driver/cmake/arm_driver__rosidl_typesupport_cExport.cmake
-- Up-to-date: /home/hanjiang/Desktop/my_try/my_try_ws/install/arm_driver/share/arm_driver/cmake/arm_driver__rosidl_typesupport_cExport-noconfig.cmake
-- Up-to-date: /home/hanjiang/Desktop/my_try/my_try_ws/install/arm_driver/share/arm_driver/cmake/arm_driver__rosidl_typesupport_introspection_cppExport.cmake
-- Up-to-date: /home/hanjiang/Desktop/my_try/my_try_ws/install/arm_driver/share/arm_driver/cmake/arm_driver__rosidl_typesupport_introspection_cppExport-noconfig.cmake
-- Up-to-date: /home/hanjiang/Desktop/my_try/my_try_ws/install/arm_driver/share/arm_driver/cmake/arm_driver__rosidl_typesupport_cppExport.cmake
-- Up-to-date: /home/hanjiang/Desktop/my_try/my_try_ws/install/arm_driver/share/arm_driver/cmake/arm_driver__rosidl_typesupport_cppExport-noconfig.cmake
-- Up-to-date: /home/hanjiang/Desktop/my_try/my_try_ws/install/arm_driver/share/arm_driver/cmake/export_arm_driver__rosidl_generator_pyExport.cmake
-- Up-to-date: /home/hanjiang/Desktop/my_try/my_try_ws/install/arm_driver/share/arm_driver/cmake/export_arm_driver__rosidl_generator_pyExport-noconfig.cmake
-- Up-to-date: /home/hanjiang/Desktop/my_try/my_try_ws/install/arm_driver/share/arm_driver/cmake/rosidl_cmake-extras.cmake
-- Up-to-date: /home/hanjiang/Desktop/my_try/my_try_ws/install/arm_driver/share/arm_driver/cmake/ament_cmake_export_dependencies-extras.cmake
-- Up-to-date: /home/hanjiang/Desktop/my_try/my_try_ws/install/arm_driver/share/arm_driver/cmake/ament_cmake_export_include_directories-extras.cmake
-- Up-to-date: /home/hanjiang/Desktop/my_try/my_try_ws/install/arm_driver/share/arm_driver/cmake/ament_cmake_export_libraries-extras.cmake
-- Up-to-date: /home/hanjiang/Desktop/my_try/my_try_ws/install/arm_driver/share/arm_driver/cmake/ament_cmake_export_targets-extras.cmake
-- Up-to-date: /home/hanjiang/Desktop/my_try/my_try_ws/install/arm_driver/share/arm_driver/cmake/rosidl_cmake_export_typesupport_targets-extras.cmake
-- Up-to-date: /home/hanjiang/Desktop/my_try/my_try_ws/install/arm_driver/share/arm_driver/cmake/rosidl_cmake_export_typesupport_libraries-extras.cmake
-- Up-to-date: /home/hanjiang/Desktop/my_try/my_try_ws/install/arm_driver/share/arm_driver/cmake/arm_driverConfig.cmake
-- Up-to-date: /home/hanjiang/Desktop/my_try/my_try_ws/install/arm_driver/share/arm_driver/cmake/arm_driverConfig-version.cmake
-- Up-to-date: /home/hanjiang/Desktop/my_try/my_try_ws/install/arm_driver/share/arm_driver/package.xml
