[0.006s] Invoking command in '/home/hanjiang/Desktop/my_try/my_try_ws/build/arm_driver': CMAKE_PREFIX_PATH=${CMAKE_PREFIX_PATH}:/opt/ros/humble /usr/bin/cmake --build /home/hanjiang/Desktop/my_try/my_try_ws/build/arm_driver -- -j20 -l20
[0.040s] [  9%] Built target arm_driver__rosidl_generator_c
[0.043s] [ 12%] Built target arm_driver__cpp
[0.049s] [ 12%] Built target ament_cmake_python_copy_arm_driver
[0.060s] [ 21%] Built target arm_driver__rosidl_typesupport_introspection_cpp
[0.062s] [ 30%] Built target arm_driver__rosidl_typesupport_c
[0.063s] [ 39%] Built target arm_driver__rosidl_typesupport_introspection_c
[0.063s] [ 48%] Built target arm_driver__rosidl_typesupport_fastrtps_c
[0.069s] [ 57%] Built target arm_driver__rosidl_typesupport_cpp
[0.070s] [ 66%] Built target arm_driver__rosidl_typesupport_fastrtps_cpp
[0.085s] [ 66%] Built target arm_driver
[0.099s] [ 69%] Built target arm_driver__py
[0.105s] [ 75%] Built target hjarm_engineer_node
[0.114s] [ 81%] Built target arm_driver__rosidl_generator_py
[0.131s] [ 87%] Built target arm_driver__rosidl_typesupport_fastrtps_c__pyext
[0.131s] [100%] Built target arm_driver__rosidl_typesupport_introspection_c__pyext
[0.131s] [100%] Built target arm_driver__rosidl_typesupport_c__pyext
[0.195s] running egg_info
[0.195s] writing arm_driver.egg-info/PKG-INFO
[0.195s] writing dependency_links to arm_driver.egg-info/dependency_links.txt
[0.195s] writing top-level names to arm_driver.egg-info/top_level.txt
[0.197s] reading manifest file 'arm_driver.egg-info/SOURCES.txt'
[0.197s] writing manifest file 'arm_driver.egg-info/SOURCES.txt'
[0.213s] [100%] Built target ament_cmake_python_build_arm_driver_egg
[0.221s] Invoked command in '/home/hanjiang/Desktop/my_try/my_try_ws/build/arm_driver' returned '0': CMAKE_PREFIX_PATH=${CMAKE_PREFIX_PATH}:/opt/ros/humble /usr/bin/cmake --build /home/hanjiang/Desktop/my_try/my_try_ws/build/arm_driver -- -j20 -l20
[0.222s] Invoking command in '/home/hanjiang/Desktop/my_try/my_try_ws/build/arm_driver': CMAKE_PREFIX_PATH=${CMAKE_PREFIX_PATH}:/opt/ros/humble /usr/bin/cmake --install /home/hanjiang/Desktop/my_try/my_try_ws/build/arm_driver
[0.226s] -- Install configuration: ""
[0.226s] -- Up-to-date: /home/hanjiang/Desktop/my_try/my_try_ws/install/arm_driver/share/arm_driver/launch
[0.226s] -- Installing: /home/hanjiang/Desktop/my_try/my_try_ws/install/arm_driver/share/arm_driver/launch/all_start.launch.py
[0.226s] -- Up-to-date: /home/hanjiang/Desktop/my_try/my_try_ws/install/arm_driver/share/ament_index/resource_index/rosidl_interfaces/arm_driver
[0.226s] -- Up-to-date: /home/hanjiang/Desktop/my_try/my_try_ws/install/arm_driver/include/arm_driver/arm_driver
[0.226s] -- Up-to-date: /home/hanjiang/Desktop/my_try/my_try_ws/install/arm_driver/include/arm_driver/arm_driver/msg
[0.226s] -- Up-to-date: /home/hanjiang/Desktop/my_try/my_try_ws/install/arm_driver/include/arm_driver/arm_driver/msg/rosidl_generator_c__visibility_control.h
[0.226s] -- Up-to-date: /home/hanjiang/Desktop/my_try/my_try_ws/install/arm_driver/include/arm_driver/arm_driver/msg/detail
[0.226s] -- Up-to-date: /home/hanjiang/Desktop/my_try/my_try_ws/install/arm_driver/include/arm_driver/arm_driver/msg/detail/joint_command__struct.h
[0.226s] -- Up-to-date: /home/hanjiang/Desktop/my_try/my_try_ws/install/arm_driver/include/arm_driver/arm_driver/msg/detail/joint_command__type_support.h
[0.226s] -- Up-to-date: /home/hanjiang/Desktop/my_try/my_try_ws/install/arm_driver/include/arm_driver/arm_driver/msg/detail/joint_command__functions.h
[0.226s] -- Up-to-date: /home/hanjiang/Desktop/my_try/my_try_ws/install/arm_driver/include/arm_driver/arm_driver/msg/detail/joint_command__functions.c
[0.226s] -- Up-to-date: /home/hanjiang/Desktop/my_try/my_try_ws/install/arm_driver/include/arm_driver/arm_driver/msg/joint_command.h
[0.226s] -- Up-to-date: /home/hanjiang/Desktop/my_try/my_try_ws/install/arm_driver/share/arm_driver/environment/library_path.sh
[0.226s] -- Up-to-date: /home/hanjiang/Desktop/my_try/my_try_ws/install/arm_driver/share/arm_driver/environment/library_path.dsv
[0.227s] -- Up-to-date: /home/hanjiang/Desktop/my_try/my_try_ws/install/arm_driver/lib/libarm_driver__rosidl_generator_c.so
[0.227s] -- Up-to-date: /home/hanjiang/Desktop/my_try/my_try_ws/install/arm_driver/include/arm_driver/arm_driver
[0.227s] -- Up-to-date: /home/hanjiang/Desktop/my_try/my_try_ws/install/arm_driver/include/arm_driver/arm_driver/msg
[0.227s] -- Up-to-date: /home/hanjiang/Desktop/my_try/my_try_ws/install/arm_driver/include/arm_driver/arm_driver/msg/detail
[0.227s] -- Up-to-date: /home/hanjiang/Desktop/my_try/my_try_ws/install/arm_driver/include/arm_driver/arm_driver/msg/detail/joint_command__rosidl_typesupport_fastrtps_c.h
[0.227s] -- Up-to-date: /home/hanjiang/Desktop/my_try/my_try_ws/install/arm_driver/include/arm_driver/arm_driver/msg/rosidl_typesupport_fastrtps_c__visibility_control.h
[0.227s] -- Up-to-date: /home/hanjiang/Desktop/my_try/my_try_ws/install/arm_driver/lib/libarm_driver__rosidl_typesupport_fastrtps_c.so
[0.227s] -- Up-to-date: /home/hanjiang/Desktop/my_try/my_try_ws/install/arm_driver/include/arm_driver/arm_driver
[0.227s] -- Up-to-date: /home/hanjiang/Desktop/my_try/my_try_ws/install/arm_driver/include/arm_driver/arm_driver/msg
[0.227s] -- Up-to-date: /home/hanjiang/Desktop/my_try/my_try_ws/install/arm_driver/include/arm_driver/arm_driver/msg/rosidl_generator_cpp__visibility_control.hpp
[0.227s] -- Up-to-date: /home/hanjiang/Desktop/my_try/my_try_ws/install/arm_driver/include/arm_driver/arm_driver/msg/joint_command.hpp
[0.227s] -- Up-to-date: /home/hanjiang/Desktop/my_try/my_try_ws/install/arm_driver/include/arm_driver/arm_driver/msg/detail
[0.227s] -- Up-to-date: /home/hanjiang/Desktop/my_try/my_try_ws/install/arm_driver/include/arm_driver/arm_driver/msg/detail/joint_command__type_support.hpp
[0.227s] -- Up-to-date: /home/hanjiang/Desktop/my_try/my_try_ws/install/arm_driver/include/arm_driver/arm_driver/msg/detail/joint_command__traits.hpp
[0.227s] -- Up-to-date: /home/hanjiang/Desktop/my_try/my_try_ws/install/arm_driver/include/arm_driver/arm_driver/msg/detail/joint_command__builder.hpp
[0.227s] -- Up-to-date: /home/hanjiang/Desktop/my_try/my_try_ws/install/arm_driver/include/arm_driver/arm_driver/msg/detail/joint_command__struct.hpp
[0.227s] -- Up-to-date: /home/hanjiang/Desktop/my_try/my_try_ws/install/arm_driver/include/arm_driver/arm_driver
[0.227s] -- Up-to-date: /home/hanjiang/Desktop/my_try/my_try_ws/install/arm_driver/include/arm_driver/arm_driver/msg
[0.227s] -- Up-to-date: /home/hanjiang/Desktop/my_try/my_try_ws/install/arm_driver/include/arm_driver/arm_driver/msg/rosidl_typesupport_fastrtps_cpp__visibility_control.h
[0.227s] -- Up-to-date: /home/hanjiang/Desktop/my_try/my_try_ws/install/arm_driver/include/arm_driver/arm_driver/msg/detail
[0.227s] -- Up-to-date: /home/hanjiang/Desktop/my_try/my_try_ws/install/arm_driver/include/arm_driver/arm_driver/msg/detail/joint_command__rosidl_typesupport_fastrtps_cpp.hpp
[0.227s] -- Up-to-date: /home/hanjiang/Desktop/my_try/my_try_ws/install/arm_driver/include/arm_driver/arm_driver/msg/detail/dds_fastrtps
[0.227s] -- Up-to-date: /home/hanjiang/Desktop/my_try/my_try_ws/install/arm_driver/lib/libarm_driver__rosidl_typesupport_fastrtps_cpp.so
[0.227s] -- Up-to-date: /home/hanjiang/Desktop/my_try/my_try_ws/install/arm_driver/include/arm_driver/arm_driver
[0.227s] -- Up-to-date: /home/hanjiang/Desktop/my_try/my_try_ws/install/arm_driver/include/arm_driver/arm_driver/msg
[0.227s] -- Up-to-date: /home/hanjiang/Desktop/my_try/my_try_ws/install/arm_driver/include/arm_driver/arm_driver/msg/rosidl_typesupport_introspection_c__visibility_control.h
[0.227s] -- Up-to-date: /home/hanjiang/Desktop/my_try/my_try_ws/install/arm_driver/include/arm_driver/arm_driver/msg/detail
[0.227s] -- Up-to-date: /home/hanjiang/Desktop/my_try/my_try_ws/install/arm_driver/include/arm_driver/arm_driver/msg/detail/joint_command__type_support.c
[0.227s] -- Up-to-date: /home/hanjiang/Desktop/my_try/my_try_ws/install/arm_driver/include/arm_driver/arm_driver/msg/detail/joint_command__rosidl_typesupport_introspection_c.h
[0.228s] -- Up-to-date: /home/hanjiang/Desktop/my_try/my_try_ws/install/arm_driver/lib/libarm_driver__rosidl_typesupport_introspection_c.so
[0.228s] -- Up-to-date: /home/hanjiang/Desktop/my_try/my_try_ws/install/arm_driver/lib/libarm_driver__rosidl_typesupport_c.so
[0.228s] -- Up-to-date: /home/hanjiang/Desktop/my_try/my_try_ws/install/arm_driver/include/arm_driver/arm_driver
[0.228s] -- Up-to-date: /home/hanjiang/Desktop/my_try/my_try_ws/install/arm_driver/include/arm_driver/arm_driver/msg
[0.228s] -- Up-to-date: /home/hanjiang/Desktop/my_try/my_try_ws/install/arm_driver/include/arm_driver/arm_driver/msg/detail
[0.228s] -- Up-to-date: /home/hanjiang/Desktop/my_try/my_try_ws/install/arm_driver/include/arm_driver/arm_driver/msg/detail/joint_command__rosidl_typesupport_introspection_cpp.hpp
[0.228s] -- Up-to-date: /home/hanjiang/Desktop/my_try/my_try_ws/install/arm_driver/include/arm_driver/arm_driver/msg/detail/joint_command__type_support.cpp
[0.228s] -- Up-to-date: /home/hanjiang/Desktop/my_try/my_try_ws/install/arm_driver/lib/libarm_driver__rosidl_typesupport_introspection_cpp.so
[0.228s] -- Up-to-date: /home/hanjiang/Desktop/my_try/my_try_ws/install/arm_driver/lib/libarm_driver__rosidl_typesupport_cpp.so
[0.228s] -- Up-to-date: /home/hanjiang/Desktop/my_try/my_try_ws/install/arm_driver/share/arm_driver/environment/pythonpath.sh
[0.228s] -- Up-to-date: /home/hanjiang/Desktop/my_try/my_try_ws/install/arm_driver/share/arm_driver/environment/pythonpath.dsv
[0.228s] -- Up-to-date: /home/hanjiang/Desktop/my_try/my_try_ws/install/arm_driver/local/lib/python3.10/dist-packages/arm_driver-0.0.0-py3.10.egg-info
[0.228s] -- Installing: /home/hanjiang/Desktop/my_try/my_try_ws/install/arm_driver/local/lib/python3.10/dist-packages/arm_driver-0.0.0-py3.10.egg-info/top_level.txt
[0.228s] -- Installing: /home/hanjiang/Desktop/my_try/my_try_ws/install/arm_driver/local/lib/python3.10/dist-packages/arm_driver-0.0.0-py3.10.egg-info/PKG-INFO
[0.228s] -- Installing: /home/hanjiang/Desktop/my_try/my_try_ws/install/arm_driver/local/lib/python3.10/dist-packages/arm_driver-0.0.0-py3.10.egg-info/SOURCES.txt
[0.228s] -- Installing: /home/hanjiang/Desktop/my_try/my_try_ws/install/arm_driver/local/lib/python3.10/dist-packages/arm_driver-0.0.0-py3.10.egg-info/dependency_links.txt
[0.228s] -- Up-to-date: /home/hanjiang/Desktop/my_try/my_try_ws/install/arm_driver/local/lib/python3.10/dist-packages/arm_driver
[0.228s] -- Up-to-date: /home/hanjiang/Desktop/my_try/my_try_ws/install/arm_driver/local/lib/python3.10/dist-packages/arm_driver/__init__.py
[0.228s] -- Up-to-date: /home/hanjiang/Desktop/my_try/my_try_ws/install/arm_driver/local/lib/python3.10/dist-packages/arm_driver/_arm_driver_s.ep.rosidl_typesupport_c.c
[0.228s] -- Up-to-date: /home/hanjiang/Desktop/my_try/my_try_ws/install/arm_driver/local/lib/python3.10/dist-packages/arm_driver/libarm_driver__rosidl_generator_py.so
[0.228s] -- Up-to-date: /home/hanjiang/Desktop/my_try/my_try_ws/install/arm_driver/local/lib/python3.10/dist-packages/arm_driver/msg
[0.228s] -- Up-to-date: /home/hanjiang/Desktop/my_try/my_try_ws/install/arm_driver/local/lib/python3.10/dist-packages/arm_driver/msg/__init__.py
[0.228s] -- Up-to-date: /home/hanjiang/Desktop/my_try/my_try_ws/install/arm_driver/local/lib/python3.10/dist-packages/arm_driver/msg/_joint_command.py
[0.228s] -- Up-to-date: /home/hanjiang/Desktop/my_try/my_try_ws/install/arm_driver/local/lib/python3.10/dist-packages/arm_driver/msg/_joint_command_s.c
[0.228s] -- Up-to-date: /home/hanjiang/Desktop/my_try/my_try_ws/install/arm_driver/local/lib/python3.10/dist-packages/arm_driver/_arm_driver_s.ep.rosidl_typesupport_introspection_c.c
[0.228s] -- Up-to-date: /home/hanjiang/Desktop/my_try/my_try_ws/install/arm_driver/local/lib/python3.10/dist-packages/arm_driver/arm_driver_s__rosidl_typesupport_fastrtps_c.cpython-310-x86_64-linux-gnu.so
[0.228s] -- Up-to-date: /home/hanjiang/Desktop/my_try/my_try_ws/install/arm_driver/local/lib/python3.10/dist-packages/arm_driver/arm_driver_s__rosidl_typesupport_introspection_c.cpython-310-x86_64-linux-gnu.so
[0.228s] -- Up-to-date: /home/hanjiang/Desktop/my_try/my_try_ws/install/arm_driver/local/lib/python3.10/dist-packages/arm_driver/_arm_driver_s.ep.rosidl_typesupport_fastrtps_c.c
[0.228s] -- Up-to-date: /home/hanjiang/Desktop/my_try/my_try_ws/install/arm_driver/local/lib/python3.10/dist-packages/arm_driver/arm_driver_s__rosidl_typesupport_c.cpython-310-x86_64-linux-gnu.so
[0.249s] Listing '/home/hanjiang/Desktop/my_try/my_try_ws/install/arm_driver/local/lib/python3.10/dist-packages/arm_driver'...
[0.249s] Listing '/home/hanjiang/Desktop/my_try/my_try_ws/install/arm_driver/local/lib/python3.10/dist-packages/arm_driver/msg'...
[0.252s] -- Up-to-date: /home/hanjiang/Desktop/my_try/my_try_ws/install/arm_driver/local/lib/python3.10/dist-packages/arm_driver/arm_driver_s__rosidl_typesupport_fastrtps_c.cpython-310-x86_64-linux-gnu.so
[0.252s] -- Up-to-date: /home/hanjiang/Desktop/my_try/my_try_ws/install/arm_driver/local/lib/python3.10/dist-packages/arm_driver/arm_driver_s__rosidl_typesupport_introspection_c.cpython-310-x86_64-linux-gnu.so
[0.252s] -- Up-to-date: /home/hanjiang/Desktop/my_try/my_try_ws/install/arm_driver/local/lib/python3.10/dist-packages/arm_driver/arm_driver_s__rosidl_typesupport_c.cpython-310-x86_64-linux-gnu.so
[0.252s] -- Up-to-date: /home/hanjiang/Desktop/my_try/my_try_ws/install/arm_driver/lib/libarm_driver__rosidl_generator_py.so
[0.252s] -- Up-to-date: /home/hanjiang/Desktop/my_try/my_try_ws/install/arm_driver/share/arm_driver/msg/JointCommand.idl
[0.252s] -- Up-to-date: /home/hanjiang/Desktop/my_try/my_try_ws/install/arm_driver/share/arm_driver/msg/JointCommand.msg
[0.252s] -- Up-to-date: /home/hanjiang/Desktop/my_try/my_try_ws/install/arm_driver/lib/arm_driver/hjarm_engineer_node
[0.252s] -- Up-to-date: /home/hanjiang/Desktop/my_try/my_try_ws/install/arm_driver/lib/arm_driver/moveit2_arm_control
[0.252s] -- Up-to-date: /home/hanjiang/Desktop/my_try/my_try_ws/install/arm_driver/share/ament_index/resource_index/package_run_dependencies/arm_driver
[0.252s] -- Up-to-date: /home/hanjiang/Desktop/my_try/my_try_ws/install/arm_driver/share/ament_index/resource_index/parent_prefix_path/arm_driver
[0.252s] -- Up-to-date: /home/hanjiang/Desktop/my_try/my_try_ws/install/arm_driver/share/arm_driver/environment/ament_prefix_path.sh
[0.253s] -- Up-to-date: /home/hanjiang/Desktop/my_try/my_try_ws/install/arm_driver/share/arm_driver/environment/ament_prefix_path.dsv
[0.253s] -- Up-to-date: /home/hanjiang/Desktop/my_try/my_try_ws/install/arm_driver/share/arm_driver/environment/path.sh
[0.253s] -- Up-to-date: /home/hanjiang/Desktop/my_try/my_try_ws/install/arm_driver/share/arm_driver/environment/path.dsv
[0.253s] -- Up-to-date: /home/hanjiang/Desktop/my_try/my_try_ws/install/arm_driver/share/arm_driver/local_setup.bash
[0.253s] -- Up-to-date: /home/hanjiang/Desktop/my_try/my_try_ws/install/arm_driver/share/arm_driver/local_setup.sh
[0.253s] -- Up-to-date: /home/hanjiang/Desktop/my_try/my_try_ws/install/arm_driver/share/arm_driver/local_setup.zsh
[0.253s] -- Up-to-date: /home/hanjiang/Desktop/my_try/my_try_ws/install/arm_driver/share/arm_driver/local_setup.dsv
[0.253s] -- Installing: /home/hanjiang/Desktop/my_try/my_try_ws/install/arm_driver/share/arm_driver/package.dsv
[0.253s] -- Up-to-date: /home/hanjiang/Desktop/my_try/my_try_ws/install/arm_driver/share/ament_index/resource_index/packages/arm_driver
[0.253s] -- Up-to-date: /home/hanjiang/Desktop/my_try/my_try_ws/install/arm_driver/share/arm_driver/cmake/export_arm_driver__rosidl_generator_cExport.cmake
[0.253s] -- Up-to-date: /home/hanjiang/Desktop/my_try/my_try_ws/install/arm_driver/share/arm_driver/cmake/export_arm_driver__rosidl_generator_cExport-noconfig.cmake
[0.253s] -- Up-to-date: /home/hanjiang/Desktop/my_try/my_try_ws/install/arm_driver/share/arm_driver/cmake/export_arm_driver__rosidl_typesupport_fastrtps_cExport.cmake
[0.253s] -- Up-to-date: /home/hanjiang/Desktop/my_try/my_try_ws/install/arm_driver/share/arm_driver/cmake/export_arm_driver__rosidl_typesupport_fastrtps_cExport-noconfig.cmake
[0.253s] -- Up-to-date: /home/hanjiang/Desktop/my_try/my_try_ws/install/arm_driver/share/arm_driver/cmake/export_arm_driver__rosidl_generator_cppExport.cmake
[0.253s] -- Up-to-date: /home/hanjiang/Desktop/my_try/my_try_ws/install/arm_driver/share/arm_driver/cmake/export_arm_driver__rosidl_typesupport_fastrtps_cppExport.cmake
[0.253s] -- Up-to-date: /home/hanjiang/Desktop/my_try/my_try_ws/install/arm_driver/share/arm_driver/cmake/export_arm_driver__rosidl_typesupport_fastrtps_cppExport-noconfig.cmake
[0.253s] -- Up-to-date: /home/hanjiang/Desktop/my_try/my_try_ws/install/arm_driver/share/arm_driver/cmake/arm_driver__rosidl_typesupport_introspection_cExport.cmake
[0.253s] -- Up-to-date: /home/hanjiang/Desktop/my_try/my_try_ws/install/arm_driver/share/arm_driver/cmake/arm_driver__rosidl_typesupport_introspection_cExport-noconfig.cmake
[0.253s] -- Up-to-date: /home/hanjiang/Desktop/my_try/my_try_ws/install/arm_driver/share/arm_driver/cmake/arm_driver__rosidl_typesupport_cExport.cmake
[0.253s] -- Up-to-date: /home/hanjiang/Desktop/my_try/my_try_ws/install/arm_driver/share/arm_driver/cmake/arm_driver__rosidl_typesupport_cExport-noconfig.cmake
[0.253s] -- Up-to-date: /home/hanjiang/Desktop/my_try/my_try_ws/install/arm_driver/share/arm_driver/cmake/arm_driver__rosidl_typesupport_introspection_cppExport.cmake
[0.253s] -- Up-to-date: /home/hanjiang/Desktop/my_try/my_try_ws/install/arm_driver/share/arm_driver/cmake/arm_driver__rosidl_typesupport_introspection_cppExport-noconfig.cmake
[0.253s] -- Up-to-date: /home/hanjiang/Desktop/my_try/my_try_ws/install/arm_driver/share/arm_driver/cmake/arm_driver__rosidl_typesupport_cppExport.cmake
[0.253s] -- Up-to-date: /home/hanjiang/Desktop/my_try/my_try_ws/install/arm_driver/share/arm_driver/cmake/arm_driver__rosidl_typesupport_cppExport-noconfig.cmake
[0.253s] -- Up-to-date: /home/hanjiang/Desktop/my_try/my_try_ws/install/arm_driver/share/arm_driver/cmake/export_arm_driver__rosidl_generator_pyExport.cmake
[0.253s] -- Up-to-date: /home/hanjiang/Desktop/my_try/my_try_ws/install/arm_driver/share/arm_driver/cmake/export_arm_driver__rosidl_generator_pyExport-noconfig.cmake
[0.253s] -- Up-to-date: /home/hanjiang/Desktop/my_try/my_try_ws/install/arm_driver/share/arm_driver/cmake/rosidl_cmake-extras.cmake
[0.254s] -- Up-to-date: /home/hanjiang/Desktop/my_try/my_try_ws/install/arm_driver/share/arm_driver/cmake/ament_cmake_export_dependencies-extras.cmake
[0.254s] -- Up-to-date: /home/hanjiang/Desktop/my_try/my_try_ws/install/arm_driver/share/arm_driver/cmake/ament_cmake_export_include_directories-extras.cmake
[0.254s] -- Up-to-date: /home/hanjiang/Desktop/my_try/my_try_ws/install/arm_driver/share/arm_driver/cmake/ament_cmake_export_libraries-extras.cmake
[0.254s] -- Up-to-date: /home/hanjiang/Desktop/my_try/my_try_ws/install/arm_driver/share/arm_driver/cmake/ament_cmake_export_targets-extras.cmake
[0.254s] -- Up-to-date: /home/hanjiang/Desktop/my_try/my_try_ws/install/arm_driver/share/arm_driver/cmake/rosidl_cmake_export_typesupport_targets-extras.cmake
[0.254s] -- Up-to-date: /home/hanjiang/Desktop/my_try/my_try_ws/install/arm_driver/share/arm_driver/cmake/rosidl_cmake_export_typesupport_libraries-extras.cmake
[0.254s] -- Up-to-date: /home/hanjiang/Desktop/my_try/my_try_ws/install/arm_driver/share/arm_driver/cmake/arm_driverConfig.cmake
[0.254s] -- Up-to-date: /home/hanjiang/Desktop/my_try/my_try_ws/install/arm_driver/share/arm_driver/cmake/arm_driverConfig-version.cmake
[0.254s] -- Up-to-date: /home/hanjiang/Desktop/my_try/my_try_ws/install/arm_driver/share/arm_driver/package.xml
[0.256s] Invoked command in '/home/hanjiang/Desktop/my_try/my_try_ws/build/arm_driver' returned '0': CMAKE_PREFIX_PATH=${CMAKE_PREFIX_PATH}:/opt/ros/humble /usr/bin/cmake --install /home/hanjiang/Desktop/my_try/my_try_ws/build/arm_driver
