-- Install configuration: ""
-- Up-to-date: /home/hanjiang/Desktop/my_try/my_try_ws/install/hjarm_golden/share/hjarm_golden/meshes
-- Up-to-date: /home/hanjiang/Desktop/my_try/my_try_ws/install/hjarm_golden/share/hjarm_golden/meshes/Link4.STL
-- Up-to-date: /home/hanjiang/Desktop/my_try/my_try_ws/install/hjarm_golden/share/hjarm_golden/meshes/Link2.STL
-- Up-to-date: /home/hanjiang/Desktop/my_try/my_try_ws/install/hjarm_golden/share/hjarm_golden/meshes/Link1.STL
-- Up-to-date: /home/hanjiang/Desktop/my_try/my_try_ws/install/hjarm_golden/share/hjarm_golden/meshes/base_link.STL
-- Up-to-date: /home/hanjiang/Desktop/my_try/my_try_ws/install/hjarm_golden/share/hjarm_golden/meshes/Link5.STL
-- Up-to-date: /home/hanjiang/Desktop/my_try/my_try_ws/install/hjarm_golden/share/hjarm_golden/meshes/Link6.STL
-- Up-to-date: /home/hanjiang/Desktop/my_try/my_try_ws/install/hjarm_golden/share/hjarm_golden/meshes/Link3.STL
-- Up-to-date: /home/hanjiang/Desktop/my_try/my_try_ws/install/hjarm_golden/share/hjarm_golden/urdf
-- Up-to-date: /home/hanjiang/Desktop/my_try/my_try_ws/install/hjarm_golden/share/hjarm_golden/urdf/hjarm_golden.urdf
-- Up-to-date: /home/hanjiang/Desktop/my_try/my_try_ws/install/hjarm_golden/share/hjarm_golden/urdf/hjarm_golden.csv
-- Up-to-date: /home/hanjiang/Desktop/my_try/my_try_ws/install/hjarm_golden/share/ament_index/resource_index/package_run_dependencies/hjarm_golden
-- Up-to-date: /home/hanjiang/Desktop/my_try/my_try_ws/install/hjarm_golden/share/ament_index/resource_index/parent_prefix_path/hjarm_golden
-- Up-to-date: /home/hanjiang/Desktop/my_try/my_try_ws/install/hjarm_golden/share/hjarm_golden/environment/ament_prefix_path.sh
-- Up-to-date: /home/hanjiang/Desktop/my_try/my_try_ws/install/hjarm_golden/share/hjarm_golden/environment/ament_prefix_path.dsv
-- Up-to-date: /home/hanjiang/Desktop/my_try/my_try_ws/install/hjarm_golden/share/hjarm_golden/environment/path.sh
-- Up-to-date: /home/hanjiang/Desktop/my_try/my_try_ws/install/hjarm_golden/share/hjarm_golden/environment/path.dsv
-- Up-to-date: /home/hanjiang/Desktop/my_try/my_try_ws/install/hjarm_golden/share/hjarm_golden/local_setup.bash
-- Up-to-date: /home/hanjiang/Desktop/my_try/my_try_ws/install/hjarm_golden/share/hjarm_golden/local_setup.sh
-- Up-to-date: /home/hanjiang/Desktop/my_try/my_try_ws/install/hjarm_golden/share/hjarm_golden/local_setup.zsh
-- Up-to-date: /home/hanjiang/Desktop/my_try/my_try_ws/install/hjarm_golden/share/hjarm_golden/local_setup.dsv
-- Up-to-date: /home/hanjiang/Desktop/my_try/my_try_ws/install/hjarm_golden/share/hjarm_golden/package.dsv
-- Up-to-date: /home/hanjiang/Desktop/my_try/my_try_ws/install/hjarm_golden/share/ament_index/resource_index/packages/hjarm_golden
-- Up-to-date: /home/hanjiang/Desktop/my_try/my_try_ws/install/hjarm_golden/share/hjarm_golden/cmake/hjarm_goldenConfig.cmake
-- Up-to-date: /home/hanjiang/Desktop/my_try/my_try_ws/install/hjarm_golden/share/hjarm_golden/cmake/hjarm_goldenConfig-version.cmake
-- Up-to-date: /home/hanjiang/Desktop/my_try/my_try_ws/install/hjarm_golden/share/hjarm_golden/package.xml
