[  3%] Built target arm_driver__cpp
[ 12%] Built target arm_driver__rosidl_generator_c
[ 12%] Built target ament_cmake_python_copy_arm_driver
[ 36%] Built target arm_driver__rosidl_typesupport_fastrtps_cpp
[ 36%] Built target arm_driver__rosidl_typesupport_introspection_c
[ 39%] Built target arm_driver__rosidl_typesupport_c
[ 48%] Built target arm_driver__rosidl_typesupport_cpp
[ 57%] Built target arm_driver__rosidl_typesupport_introspection_cpp
[ 66%] Built target arm_driver__rosidl_typesupport_fastrtps_c
[ 66%] Built target arm_driver
[ 69%] Built target arm_driver__py
[ 72%] [32mBuilding CXX object CMakeFiles/hjarm_engineer_node.dir/src/hjarm_engineer.cpp.o[0m
[ 78%] Built target arm_driver__rosidl_generator_py
[ 96%] Built target arm_driver__rosidl_typesupport_fastrtps_c__pyext
[ 96%] Built target arm_driver__rosidl_typesupport_introspection_c__pyext
[ 96%] Built target arm_driver__rosidl_typesupport_c__pyext
running egg_info
writing arm_driver.egg-info/PKG-INFO
writing dependency_links to arm_driver.egg-info/dependency_links.txt
writing top-level names to arm_driver.egg-info/top_level.txt
reading manifest file 'arm_driver.egg-info/SOURCES.txt'
writing manifest file 'arm_driver.egg-info/SOURCES.txt'
[ 96%] Built target ament_cmake_python_build_arm_driver_egg
