[0.008s] Invoking command in '/home/hanjiang/Desktop/my_try/my_try_ws/build/arm_driver': CMAKE_PREFIX_PATH=/opt/ros/humble /usr/bin/cmake --build /home/hanjiang/Desktop/my_try/my_try_ws/build/arm_driver -- -j20 -l20
[0.069s] [  3%] Built target arm_driver__cpp
[0.069s] [ 12%] Built target arm_driver__rosidl_generator_c
[0.078s] [ 12%] Built target ament_cmake_python_copy_arm_driver
[0.086s] [ 36%] Built target arm_driver__rosidl_typesupport_fastrtps_cpp
[0.086s] [ 36%] Built target arm_driver__rosidl_typesupport_introspection_c
[0.086s] [ 39%] Built target arm_driver__rosidl_typesupport_c
[0.086s] [ 48%] Built target arm_driver__rosidl_typesupport_cpp
[0.087s] [ 57%] Built target arm_driver__rosidl_typesupport_introspection_cpp
[0.095s] [ 66%] Built target arm_driver__rosidl_typesupport_fastrtps_c
[0.111s] [ 66%] Built target arm_driver
[0.129s] [ 69%] Built target arm_driver__py
[0.134s] [ 72%] [32mBuilding CXX object CMakeFiles/hjarm_engineer_node.dir/src/hjarm_engineer.cpp.o[0m
[0.148s] [ 78%] Built target arm_driver__rosidl_generator_py
[0.168s] [ 96%] Built target arm_driver__rosidl_typesupport_fastrtps_c__pyext
[0.168s] [ 96%] Built target arm_driver__rosidl_typesupport_introspection_c__pyext
[0.168s] [ 96%] Built target arm_driver__rosidl_typesupport_c__pyext
[0.240s] running egg_info
[0.241s] writing arm_driver.egg-info/PKG-INFO
[0.241s] writing dependency_links to arm_driver.egg-info/dependency_links.txt
[0.241s] writing top-level names to arm_driver.egg-info/top_level.txt
[0.243s] reading manifest file 'arm_driver.egg-info/SOURCES.txt'
[0.244s] writing manifest file 'arm_driver.egg-info/SOURCES.txt'
[0.262s] [ 96%] Built target ament_cmake_python_build_arm_driver_egg
[1.634s] [01m[K/home/hanjiang/Desktop/my_try/my_try_ws/src/arm_driver/src/hjarm_engineer.cpp:[m[K In member function ‘[01m[Kvoid HjarmEngineer::execute_trajectory(std::shared_ptr<rclcpp_action::ServerGoalHandle<control_msgs::action::FollowJointTrajectory> >)[m[K’:
[1.634s] [01m[K/home/hanjiang/Desktop/my_try/my_try_ws/src/arm_driver/src/hjarm_engineer.cpp:222:65:[m[K [01;31m[Kerror: [m[Kno matching function for call to ‘[01m[KHjarmEngineer::make_shared<control_msgs::action::FollowJointTrajectory::Feedback>()[m[K’
[1.634s]   222 |     auto feedback = [01;31m[Kmake_shared<FollowJointTrajectory::Feedback>()[m[K;
[1.634s]       |                     [01;31m[K~~~~~~~~~~~~~~~~~~~~~~~~~~~~~~~~~~~~~~~~~~~~^~[m[K
[1.634s] In file included from [01m[K/opt/ros/humble/include/rclcpp/rclcpp/context.hpp:35[m[K,
[1.634s]                  from [01m[K/opt/ros/humble/include/rclcpp/rclcpp/executor.hpp:34[m[K,
[1.634s]                  from [01m[K/opt/ros/humble/include/rclcpp/rclcpp/executors/multi_threaded_executor.hpp:25[m[K,
[1.634s]                  from [01m[K/opt/ros/humble/include/rclcpp/rclcpp/executors.hpp:21[m[K,
[1.634s]                  from [01m[K/opt/ros/humble/include/rclcpp/rclcpp/rclcpp.hpp:155[m[K,
[1.634s]                  from [01m[K/home/hanjiang/Desktop/my_try/my_try_ws/src/arm_driver/include/arm_driver/hjarm_engineer.h:5[m[K,
[1.634s]                  from [01m[K/home/hanjiang/Desktop/my_try/my_try_ws/src/arm_driver/src/hjarm_engineer.cpp:1[m[K:
[1.634s] [01m[K/opt/ros/humble/include/rclcpp/rclcpp/node.hpp:80:3:[m[K [01;36m[Knote: [m[Kcandidate: ‘[01m[Kstatic std::shared_ptr<rclcpp::Node> rclcpp::Node::make_shared(Args&& ...) [with Args = {control_msgs::action::FollowJointTrajectory_Feedback_<std::allocator<void> >}][m[K’
[1.634s]    80 |   [01;36m[KRCLCPP_SMART_PTR_DEFINITIONS[m[K(Node)
[1.634s]       |   [01;36m[K^~~~~~~~~~~~~~~~~~~~~~~~~~~~[m[K
[1.634s] [01m[K/opt/ros/humble/include/rclcpp/rclcpp/node.hpp:80:3:[m[K [01;36m[Knote: [m[K  candidate expects 1 argument, 0 provided
[1.634s] [01m[K/home/hanjiang/Desktop/my_try/my_try_ws/src/arm_driver/src/hjarm_engineer.cpp:223:61:[m[K [01;31m[Kerror: [m[Kno matching function for call to ‘[01m[KHjarmEngineer::make_shared<control_msgs::action::FollowJointTrajectory::Result>()[m[K’
[1.634s]   223 |     auto result = [01;31m[Kmake_shared<FollowJointTrajectory::Result>()[m[K;
[1.635s]       |                   [01;31m[K~~~~~~~~~~~~~~~~~~~~~~~~~~~~~~~~~~~~~~~~~~^~[m[K
[1.635s] In file included from [01m[K/opt/ros/humble/include/rclcpp/rclcpp/context.hpp:35[m[K,
[1.635s]                  from [01m[K/opt/ros/humble/include/rclcpp/rclcpp/executor.hpp:34[m[K,
[1.635s]                  from [01m[K/opt/ros/humble/include/rclcpp/rclcpp/executors/multi_threaded_executor.hpp:25[m[K,
[1.635s]                  from [01m[K/opt/ros/humble/include/rclcpp/rclcpp/executors.hpp:21[m[K,
[1.635s]                  from [01m[K/opt/ros/humble/include/rclcpp/rclcpp/rclcpp.hpp:155[m[K,
[1.635s]                  from [01m[K/home/hanjiang/Desktop/my_try/my_try_ws/src/arm_driver/include/arm_driver/hjarm_engineer.h:5[m[K,
[1.635s]                  from [01m[K/home/hanjiang/Desktop/my_try/my_try_ws/src/arm_driver/src/hjarm_engineer.cpp:1[m[K:
[1.635s] [01m[K/opt/ros/humble/include/rclcpp/rclcpp/node.hpp:80:3:[m[K [01;36m[Knote: [m[Kcandidate: ‘[01m[Kstatic std::shared_ptr<rclcpp::Node> rclcpp::Node::make_shared(Args&& ...) [with Args = {control_msgs::action::FollowJointTrajectory_Result_<std::allocator<void> >}][m[K’
[1.635s]    80 |   [01;36m[KRCLCPP_SMART_PTR_DEFINITIONS[m[K(Node)
[1.635s]       |   [01;36m[K^~~~~~~~~~~~~~~~~~~~~~~~~~~~[m[K
[1.635s] [01m[K/opt/ros/humble/include/rclcpp/rclcpp/node.hpp:80:3:[m[K [01;36m[Knote: [m[K  candidate expects 1 argument, 0 provided
[2.552s] gmake[2]: *** [CMakeFiles/hjarm_engineer_node.dir/build.make:76：CMakeFiles/hjarm_engineer_node.dir/src/hjarm_engineer.cpp.o] 错误 1
[2.552s] gmake[1]: *** [CMakeFiles/Makefile2:594：CMakeFiles/hjarm_engineer_node.dir/all] 错误 2
[2.552s] gmake: *** [Makefile:146：all] 错误 2
[2.554s] Invoked command in '/home/hanjiang/Desktop/my_try/my_try_ws/build/arm_driver' returned '2': CMAKE_PREFIX_PATH=/opt/ros/humble /usr/bin/cmake --build /home/hanjiang/Desktop/my_try/my_try_ws/build/arm_driver -- -j20 -l20
