[0.006s] Invoking command in '/home/hanjiang/Desktop/my_try/my_try_ws/build/arm_driver': CMAKE_PREFIX_PATH=${CMAKE_PREFIX_PATH}:/opt/ros/humble /usr/bin/cmake --build /home/hanjiang/Desktop/my_try/my_try_ws/build/arm_driver -- -j20 -l20
[0.041s] [  8%] Built target arm_driver__cpp
[0.042s] [ 11%] Built target arm_driver__rosidl_generator_c
[0.048s] [ 11%] Built target ament_cmake_python_copy_arm_driver
[0.052s] [ 14%] [32mBuilding CXX object CMakeFiles/goal_set_node.dir/src/goal_set.cpp.o[0m
[0.054s] [ 22%] Built target arm_driver__rosidl_typesupport_introspection_c
[0.054s] [ 31%] Built target arm_driver__rosidl_typesupport_fastrtps_c
[0.055s] [01m[Kcc1plus:[m[K [01;31m[Kfatal error: [m[K/home/hanjiang/Desktop/my_try/my_try_ws/src/arm_driver/src/goal_set.cpp: æ²¡æœ‰é‚£ä¸ªæ–‡ä»¶æˆ–ç›®å½•
[0.055s] compilation terminated.
[0.056s] gmake[2]: *** [CMakeFiles/goal_set_node.dir/build.make:76ï¼šCMakeFiles/goal_set_node.dir/src/goal_set.cpp.o] é”™è¯¯ 1
[0.056s] [ 40%] Built target arm_driver__rosidl_typesupport_c
[0.057s] [ 48%] Built target arm_driver__rosidl_typesupport_fastrtps_cpp
[0.057s] gmake[1]: *** [CMakeFiles/Makefile2:622ï¼šCMakeFiles/goal_set_node.dir/all] é”™è¯¯ 2
[0.057s] gmake[1]: *** æ­£åœ¨ç­‰å¾…æœªå®Œæˆçš„ä»»åŠ¡....
[0.057s] [ 57%] Built target arm_driver__rosidl_typesupport_introspection_cpp
[0.059s] [ 65%] Built target arm_driver__rosidl_typesupport_cpp
[0.192s] running egg_info
[0.193s] writing arm_driver.egg-info/PKG-INFO
[0.193s] writing dependency_links to arm_driver.egg-info/dependency_links.txt
[0.193s] writing top-level names to arm_driver.egg-info/top_level.txt
[0.194s] reading manifest file 'arm_driver.egg-info/SOURCES.txt'
[0.195s] writing manifest file 'arm_driver.egg-info/SOURCES.txt'
[0.215s] [ 65%] Built target ament_cmake_python_build_arm_driver_egg
[0.216s] gmake: *** [Makefile:146ï¼šall] é”™è¯¯ 2
[0.218s] Invoked command in '/home/hanjiang/Desktop/my_try/my_try_ws/build/arm_driver' returned '2': CMAKE_PREFIX_PATH=${CMAKE_PREFIX_PATH}:/opt/ros/humble /usr/bin/cmake --build /home/hanjiang/Desktop/my_try/my_try_ws/build/arm_driver -- -j20 -l20
