[0.006s] Invoking command in '/home/hanjiang/Desktop/my_try/my_try_ws/build/arm_driver': CMAKE_PREFIX_PATH=/opt/ros/humble /usr/bin/cmake --build /home/hanjiang/Desktop/my_try/my_try_ws/build/arm_driver -- -j20 -l20
[0.043s] [  3%] Built target arm_driver__cpp
[0.044s] [ 12%] Built target arm_driver__rosidl_generator_c
[0.053s] [ 12%] Built target ament_cmake_python_copy_arm_driver
[0.063s] [ 21%] Built target arm_driver__rosidl_typesupport_fastrtps_cpp
[0.063s] [ 39%] Built target arm_driver__rosidl_typesupport_introspection_c
[0.063s] [ 36%] Built target arm_driver__rosidl_typesupport_fastrtps_c
[0.066s] [ 48%] Built target arm_driver__rosidl_typesupport_introspection_cpp
[0.066s] [ 57%] Built target arm_driver__rosidl_typesupport_cpp
[0.068s] [ 66%] Built target arm_driver__rosidl_typesupport_c
[0.083s] [ 66%] Built target arm_driver
[0.093s] [35m[1mConsolidate compiler generated dependencies of target hjarm_engineer_node[0m
[0.099s] [ 69%] Built target arm_driver__py
[0.110s] [ 72%] [32mBuilding CXX object CMakeFiles/hjarm_engineer_node.dir/src/hjarm_engineer.cpp.o[0m
[0.116s] [ 78%] Built target arm_driver__rosidl_generator_py
[0.134s] [ 84%] Built target arm_driver__rosidl_typesupport_fastrtps_c__pyext
[0.134s] [ 96%] Built target arm_driver__rosidl_typesupport_introspection_c__pyext
[0.134s] [ 96%] Built target arm_driver__rosidl_typesupport_c__pyext
[0.215s] running egg_info
[0.215s] writing arm_driver.egg-info/PKG-INFO
[0.215s] writing dependency_links to arm_driver.egg-info/dependency_links.txt
[0.215s] writing top-level names to arm_driver.egg-info/top_level.txt
[0.217s] reading manifest file 'arm_driver.egg-info/SOURCES.txt'
[0.217s] writing manifest file 'arm_driver.egg-info/SOURCES.txt'
[0.236s] [ 96%] Built target ament_cmake_python_build_arm_driver_egg
[3.667s] [100%] [32m[1mLinking CXX executable hjarm_engineer_node[0m
[3.817s] /usr/bin/ld: CMakeFiles/hjarm_engineer_node.dir/src/hjarm_engineer.cpp.o: in function `HjarmEngineer::HjarmEngineer(rclcpp::NodeOptions const&)':
[3.817s] hjarm_engineer.cpp:(.text+0xa54): undefined reference to `HjarmEngineer::handle_cancel(std::shared_ptr<rclcpp_action::ServerGoalHandle<control_msgs::action::FollowJointTrajectory> >)'
[3.832s] collect2: error: ld returned 1 exit status
[3.833s] gmake[2]: *** [CMakeFiles/hjarm_engineer_node.dir/build.make:219：hjarm_engineer_node] 错误 1
[3.833s] gmake[1]: *** [CMakeFiles/Makefile2:594：CMakeFiles/hjarm_engineer_node.dir/all] 错误 2
[3.833s] gmake: *** [Makefile:146：all] 错误 2
[3.835s] Invoked command in '/home/hanjiang/Desktop/my_try/my_try_ws/build/arm_driver' returned '2': CMAKE_PREFIX_PATH=/opt/ros/humble /usr/bin/cmake --build /home/hanjiang/Desktop/my_try/my_try_ws/build/arm_driver -- -j20 -l20
