[0.006s] Invoking command in '/home/hanjiang/Desktop/my_try/my_try_ws/build/arm_driver': CMAKE_PREFIX_PATH=/opt/ros/humble /usr/bin/cmake --build /home/hanjiang/Desktop/my_try/my_try_ws/build/arm_driver -- -j20 -l20
[0.044s] [  9%] Built target arm_driver__rosidl_generator_c
[0.045s] [ 12%] Built target arm_driver__cpp
[0.054s] [ 12%] Built target ament_cmake_python_copy_arm_driver
[0.063s] [ 21%] Built target arm_driver__rosidl_typesupport_fastrtps_cpp
[0.064s] [ 36%] Built target arm_driver__rosidl_typesupport_fastrtps_c
[0.064s] [ 39%] Built target arm_driver__rosidl_typesupport_c
[0.065s] [ 48%] Built target arm_driver__rosidl_typesupport_introspection_c
[0.068s] [ 57%] Built target arm_driver__rosidl_typesupport_introspection_cpp
[0.068s] [ 66%] Built target arm_driver__rosidl_typesupport_cpp
[0.081s] [ 66%] Built target arm_driver
[0.092s] [35m[1mConsolidate compiler generated dependencies of target hjarm_engineer_node[0m
[0.096s] [ 69%] Built target arm_driver__py
[0.108s] [ 72%] [32mBuilding CXX object CMakeFiles/hjarm_engineer_node.dir/src/hjarm_engineer.cpp.o[0m
[0.114s] [ 78%] Built target arm_driver__rosidl_generator_py
[0.131s] [ 84%] Built target arm_driver__rosidl_typesupport_fastrtps_c__pyext
[0.132s] [ 96%] Built target arm_driver__rosidl_typesupport_introspection_c__pyext
[0.132s] [ 96%] Built target arm_driver__rosidl_typesupport_c__pyext
[0.212s] running egg_info
[0.212s] writing arm_driver.egg-info/PKG-INFO
[0.212s] writing dependency_links to arm_driver.egg-info/dependency_links.txt
[0.212s] writing top-level names to arm_driver.egg-info/top_level.txt
[0.214s] reading manifest file 'arm_driver.egg-info/SOURCES.txt'
[0.214s] writing manifest file 'arm_driver.egg-info/SOURCES.txt'
[0.233s] [ 96%] Built target ament_cmake_python_build_arm_driver_egg
[3.665s] [100%] [32m[1mLinking CXX executable hjarm_engineer_node[0m
[3.837s] [100%] Built target hjarm_engineer_node
[3.846s] Invoked command in '/home/hanjiang/Desktop/my_try/my_try_ws/build/arm_driver' returned '0': CMAKE_PREFIX_PATH=/opt/ros/humble /usr/bin/cmake --build /home/hanjiang/Desktop/my_try/my_try_ws/build/arm_driver -- -j20 -l20
[3.848s] Invoking command in '/home/hanjiang/Desktop/my_try/my_try_ws/build/arm_driver': CMAKE_PREFIX_PATH=/opt/ros/humble /usr/bin/cmake --install /home/hanjiang/Desktop/my_try/my_try_ws/build/arm_driver
[3.854s] -- Install configuration: ""
[3.854s] -- Up-to-date: /home/hanjiang/Desktop/my_try/my_try_ws/install/arm_driver/share/arm_driver/launch
[3.854s] -- Up-to-date: /home/hanjiang/Desktop/my_try/my_try_ws/install/arm_driver/share/arm_driver/launch/all_start.launch.py
[3.854s] -- Up-to-date: /home/hanjiang/Desktop/my_try/my_try_ws/install/arm_driver/share/ament_index/resource_index/rosidl_interfaces/arm_driver
[3.854s] -- Up-to-date: /home/hanjiang/Desktop/my_try/my_try_ws/install/arm_driver/include/arm_driver/arm_driver
[3.854s] -- Up-to-date: /home/hanjiang/Desktop/my_try/my_try_ws/install/arm_driver/include/arm_driver/arm_driver/msg
[3.854s] -- Up-to-date: /home/hanjiang/Desktop/my_try/my_try_ws/install/arm_driver/include/arm_driver/arm_driver/msg/rosidl_generator_c__visibility_control.h
[3.854s] -- Up-to-date: /home/hanjiang/Desktop/my_try/my_try_ws/install/arm_driver/include/arm_driver/arm_driver/msg/detail
[3.854s] -- Up-to-date: /home/hanjiang/Desktop/my_try/my_try_ws/install/arm_driver/include/arm_driver/arm_driver/msg/detail/joint_command__struct.h
[3.854s] -- Up-to-date: /home/hanjiang/Desktop/my_try/my_try_ws/install/arm_driver/include/arm_driver/arm_driver/msg/detail/joint_command__type_support.h
[3.854s] -- Up-to-date: /home/hanjiang/Desktop/my_try/my_try_ws/install/arm_driver/include/arm_driver/arm_driver/msg/detail/joint_command__functions.h
[3.854s] -- Up-to-date: /home/hanjiang/Desktop/my_try/my_try_ws/install/arm_driver/include/arm_driver/arm_driver/msg/detail/joint_command__functions.c
[3.854s] -- Up-to-date: /home/hanjiang/Desktop/my_try/my_try_ws/install/arm_driver/include/arm_driver/arm_driver/msg/joint_command.h
[3.854s] -- Up-to-date: /home/hanjiang/Desktop/my_try/my_try_ws/install/arm_driver/share/arm_driver/environment/library_path.sh
[3.854s] -- Up-to-date: /home/hanjiang/Desktop/my_try/my_try_ws/install/arm_driver/share/arm_driver/environment/library_path.dsv
[3.854s] -- Up-to-date: /home/hanjiang/Desktop/my_try/my_try_ws/install/arm_driver/lib/libarm_driver__rosidl_generator_c.so
[3.854s] -- Up-to-date: /home/hanjiang/Desktop/my_try/my_try_ws/install/arm_driver/include/arm_driver/arm_driver
[3.854s] -- Up-to-date: /home/hanjiang/Desktop/my_try/my_try_ws/install/arm_driver/include/arm_driver/arm_driver/msg
[3.854s] -- Up-to-date: /home/hanjiang/Desktop/my_try/my_try_ws/install/arm_driver/include/arm_driver/arm_driver/msg/detail
[3.855s] -- Up-to-date: /home/hanjiang/Desktop/my_try/my_try_ws/install/arm_driver/include/arm_driver/arm_driver/msg/detail/joint_command__rosidl_typesupport_fastrtps_c.h
[3.855s] -- Up-to-date: /home/hanjiang/Desktop/my_try/my_try_ws/install/arm_driver/include/arm_driver/arm_driver/msg/rosidl_typesupport_fastrtps_c__visibility_control.h
[3.855s] -- Up-to-date: /home/hanjiang/Desktop/my_try/my_try_ws/install/arm_driver/lib/libarm_driver__rosidl_typesupport_fastrtps_c.so
[3.855s] -- Up-to-date: /home/hanjiang/Desktop/my_try/my_try_ws/install/arm_driver/include/arm_driver/arm_driver
[3.855s] -- Up-to-date: /home/hanjiang/Desktop/my_try/my_try_ws/install/arm_driver/include/arm_driver/arm_driver/msg
[3.855s] -- Up-to-date: /home/hanjiang/Desktop/my_try/my_try_ws/install/arm_driver/include/arm_driver/arm_driver/msg/rosidl_generator_cpp__visibility_control.hpp
[3.855s] -- Up-to-date: /home/hanjiang/Desktop/my_try/my_try_ws/install/arm_driver/include/arm_driver/arm_driver/msg/joint_command.hpp
[3.855s] -- Up-to-date: /home/hanjiang/Desktop/my_try/my_try_ws/install/arm_driver/include/arm_driver/arm_driver/msg/detail
[3.855s] -- Up-to-date: /home/hanjiang/Desktop/my_try/my_try_ws/install/arm_driver/include/arm_driver/arm_driver/msg/detail/joint_command__type_support.hpp
[3.855s] -- Up-to-date: /home/hanjiang/Desktop/my_try/my_try_ws/install/arm_driver/include/arm_driver/arm_driver/msg/detail/joint_command__traits.hpp
[3.855s] -- Up-to-date: /home/hanjiang/Desktop/my_try/my_try_ws/install/arm_driver/include/arm_driver/arm_driver/msg/detail/joint_command__builder.hpp
[3.855s] -- Up-to-date: /home/hanjiang/Desktop/my_try/my_try_ws/install/arm_driver/include/arm_driver/arm_driver/msg/detail/joint_command__struct.hpp
[3.855s] -- Up-to-date: /home/hanjiang/Desktop/my_try/my_try_ws/install/arm_driver/include/arm_driver/arm_driver
[3.855s] -- Up-to-date: /home/hanjiang/Desktop/my_try/my_try_ws/install/arm_driver/include/arm_driver/arm_driver/msg
[3.855s] -- Up-to-date: /home/hanjiang/Desktop/my_try/my_try_ws/install/arm_driver/include/arm_driver/arm_driver/msg/rosidl_typesupport_fastrtps_cpp__visibility_control.h
[3.855s] -- Up-to-date: /home/hanjiang/Desktop/my_try/my_try_ws/install/arm_driver/include/arm_driver/arm_driver/msg/detail
[3.855s] -- Up-to-date: /home/hanjiang/Desktop/my_try/my_try_ws/install/arm_driver/include/arm_driver/arm_driver/msg/detail/joint_command__rosidl_typesupport_fastrtps_cpp.hpp
[3.855s] -- Up-to-date: /home/hanjiang/Desktop/my_try/my_try_ws/install/arm_driver/include/arm_driver/arm_driver/msg/detail/dds_fastrtps
[3.855s] -- Up-to-date: /home/hanjiang/Desktop/my_try/my_try_ws/install/arm_driver/lib/libarm_driver__rosidl_typesupport_fastrtps_cpp.so
[3.855s] -- Up-to-date: /home/hanjiang/Desktop/my_try/my_try_ws/install/arm_driver/include/arm_driver/arm_driver
[3.855s] -- Up-to-date: /home/hanjiang/Desktop/my_try/my_try_ws/install/arm_driver/include/arm_driver/arm_driver/msg
[3.855s] -- Up-to-date: /home/hanjiang/Desktop/my_try/my_try_ws/install/arm_driver/include/arm_driver/arm_driver/msg/rosidl_typesupport_introspection_c__visibility_control.h
[3.855s] -- Up-to-date: /home/hanjiang/Desktop/my_try/my_try_ws/install/arm_driver/include/arm_driver/arm_driver/msg/detail
[3.855s] -- Up-to-date: /home/hanjiang/Desktop/my_try/my_try_ws/install/arm_driver/include/arm_driver/arm_driver/msg/detail/joint_command__type_support.c
[3.855s] -- Up-to-date: /home/hanjiang/Desktop/my_try/my_try_ws/install/arm_driver/include/arm_driver/arm_driver/msg/detail/joint_command__rosidl_typesupport_introspection_c.h
[3.855s] -- Up-to-date: /home/hanjiang/Desktop/my_try/my_try_ws/install/arm_driver/lib/libarm_driver__rosidl_typesupport_introspection_c.so
[3.855s] -- Up-to-date: /home/hanjiang/Desktop/my_try/my_try_ws/install/arm_driver/lib/libarm_driver__rosidl_typesupport_c.so
[3.855s] -- Up-to-date: /home/hanjiang/Desktop/my_try/my_try_ws/install/arm_driver/include/arm_driver/arm_driver
[3.855s] -- Up-to-date: /home/hanjiang/Desktop/my_try/my_try_ws/install/arm_driver/include/arm_driver/arm_driver/msg
[3.855s] -- Up-to-date: /home/hanjiang/Desktop/my_try/my_try_ws/install/arm_driver/include/arm_driver/arm_driver/msg/detail
[3.856s] -- Up-to-date: /home/hanjiang/Desktop/my_try/my_try_ws/install/arm_driver/include/arm_driver/arm_driver/msg/detail/joint_command__rosidl_typesupport_introspection_cpp.hpp
[3.856s] -- Up-to-date: /home/hanjiang/Desktop/my_try/my_try_ws/install/arm_driver/include/arm_driver/arm_driver/msg/detail/joint_command__type_support.cpp
[3.856s] -- Up-to-date: /home/hanjiang/Desktop/my_try/my_try_ws/install/arm_driver/lib/libarm_driver__rosidl_typesupport_introspection_cpp.so
[3.856s] -- Up-to-date: /home/hanjiang/Desktop/my_try/my_try_ws/install/arm_driver/lib/libarm_driver__rosidl_typesupport_cpp.so
[3.856s] -- Up-to-date: /home/hanjiang/Desktop/my_try/my_try_ws/install/arm_driver/share/arm_driver/environment/pythonpath.sh
[3.856s] -- Up-to-date: /home/hanjiang/Desktop/my_try/my_try_ws/install/arm_driver/share/arm_driver/environment/pythonpath.dsv
[3.856s] -- Up-to-date: /home/hanjiang/Desktop/my_try/my_try_ws/install/arm_driver/local/lib/python3.10/dist-packages/arm_driver-0.0.0-py3.10.egg-info
[3.856s] -- Installing: /home/hanjiang/Desktop/my_try/my_try_ws/install/arm_driver/local/lib/python3.10/dist-packages/arm_driver-0.0.0-py3.10.egg-info/top_level.txt
[3.856s] -- Installing: /home/hanjiang/Desktop/my_try/my_try_ws/install/arm_driver/local/lib/python3.10/dist-packages/arm_driver-0.0.0-py3.10.egg-info/PKG-INFO
[3.856s] -- Installing: /home/hanjiang/Desktop/my_try/my_try_ws/install/arm_driver/local/lib/python3.10/dist-packages/arm_driver-0.0.0-py3.10.egg-info/SOURCES.txt
[3.856s] -- Installing: /home/hanjiang/Desktop/my_try/my_try_ws/install/arm_driver/local/lib/python3.10/dist-packages/arm_driver-0.0.0-py3.10.egg-info/dependency_links.txt
[3.856s] -- Up-to-date: /home/hanjiang/Desktop/my_try/my_try_ws/install/arm_driver/local/lib/python3.10/dist-packages/arm_driver
[3.856s] -- Up-to-date: /home/hanjiang/Desktop/my_try/my_try_ws/install/arm_driver/local/lib/python3.10/dist-packages/arm_driver/__init__.py
[3.856s] -- Up-to-date: /home/hanjiang/Desktop/my_try/my_try_ws/install/arm_driver/local/lib/python3.10/dist-packages/arm_driver/_arm_driver_s.ep.rosidl_typesupport_c.c
[3.856s] -- Up-to-date: /home/hanjiang/Desktop/my_try/my_try_ws/install/arm_driver/local/lib/python3.10/dist-packages/arm_driver/libarm_driver__rosidl_generator_py.so
[3.856s] -- Up-to-date: /home/hanjiang/Desktop/my_try/my_try_ws/install/arm_driver/local/lib/python3.10/dist-packages/arm_driver/msg
[3.856s] -- Up-to-date: /home/hanjiang/Desktop/my_try/my_try_ws/install/arm_driver/local/lib/python3.10/dist-packages/arm_driver/msg/__init__.py
[3.856s] -- Up-to-date: /home/hanjiang/Desktop/my_try/my_try_ws/install/arm_driver/local/lib/python3.10/dist-packages/arm_driver/msg/_joint_command.py
[3.856s] -- Up-to-date: /home/hanjiang/Desktop/my_try/my_try_ws/install/arm_driver/local/lib/python3.10/dist-packages/arm_driver/msg/_joint_command_s.c
[3.856s] -- Up-to-date: /home/hanjiang/Desktop/my_try/my_try_ws/install/arm_driver/local/lib/python3.10/dist-packages/arm_driver/_arm_driver_s.ep.rosidl_typesupport_introspection_c.c
[3.856s] -- Up-to-date: /home/hanjiang/Desktop/my_try/my_try_ws/install/arm_driver/local/lib/python3.10/dist-packages/arm_driver/arm_driver_s__rosidl_typesupport_fastrtps_c.cpython-310-x86_64-linux-gnu.so
[3.856s] -- Up-to-date: /home/hanjiang/Desktop/my_try/my_try_ws/install/arm_driver/local/lib/python3.10/dist-packages/arm_driver/arm_driver_s__rosidl_typesupport_introspection_c.cpython-310-x86_64-linux-gnu.so
[3.856s] -- Up-to-date: /home/hanjiang/Desktop/my_try/my_try_ws/install/arm_driver/local/lib/python3.10/dist-packages/arm_driver/_arm_driver_s.ep.rosidl_typesupport_fastrtps_c.c
[3.856s] -- Up-to-date: /home/hanjiang/Desktop/my_try/my_try_ws/install/arm_driver/local/lib/python3.10/dist-packages/arm_driver/arm_driver_s__rosidl_typesupport_c.cpython-310-x86_64-linux-gnu.so
[3.878s] Listing '/home/hanjiang/Desktop/my_try/my_try_ws/install/arm_driver/local/lib/python3.10/dist-packages/arm_driver'...
[3.878s] Listing '/home/hanjiang/Desktop/my_try/my_try_ws/install/arm_driver/local/lib/python3.10/dist-packages/arm_driver/msg'...
[3.881s] -- Up-to-date: /home/hanjiang/Desktop/my_try/my_try_ws/install/arm_driver/local/lib/python3.10/dist-packages/arm_driver/arm_driver_s__rosidl_typesupport_fastrtps_c.cpython-310-x86_64-linux-gnu.so
[3.881s] -- Up-to-date: /home/hanjiang/Desktop/my_try/my_try_ws/install/arm_driver/local/lib/python3.10/dist-packages/arm_driver/arm_driver_s__rosidl_typesupport_introspection_c.cpython-310-x86_64-linux-gnu.so
[3.881s] -- Up-to-date: /home/hanjiang/Desktop/my_try/my_try_ws/install/arm_driver/local/lib/python3.10/dist-packages/arm_driver/arm_driver_s__rosidl_typesupport_c.cpython-310-x86_64-linux-gnu.so
[3.881s] -- Up-to-date: /home/hanjiang/Desktop/my_try/my_try_ws/install/arm_driver/lib/libarm_driver__rosidl_generator_py.so
[3.881s] -- Up-to-date: /home/hanjiang/Desktop/my_try/my_try_ws/install/arm_driver/share/arm_driver/msg/JointCommand.idl
[3.881s] -- Up-to-date: /home/hanjiang/Desktop/my_try/my_try_ws/install/arm_driver/share/arm_driver/msg/JointCommand.msg
[3.881s] -- Installing: /home/hanjiang/Desktop/my_try/my_try_ws/install/arm_driver/lib/arm_driver/hjarm_engineer_node
[3.883s] -- Set runtime path of "/home/hanjiang/Desktop/my_try/my_try_ws/install/arm_driver/lib/arm_driver/hjarm_engineer_node" to ""
[3.883s] -- Up-to-date: /home/hanjiang/Desktop/my_try/my_try_ws/install/arm_driver/lib/arm_driver/moveit2_arm_control
[3.883s] -- Up-to-date: /home/hanjiang/Desktop/my_try/my_try_ws/install/arm_driver/share/ament_index/resource_index/package_run_dependencies/arm_driver
[3.883s] -- Up-to-date: /home/hanjiang/Desktop/my_try/my_try_ws/install/arm_driver/share/ament_index/resource_index/parent_prefix_path/arm_driver
[3.883s] -- Up-to-date: /home/hanjiang/Desktop/my_try/my_try_ws/install/arm_driver/share/arm_driver/environment/ament_prefix_path.sh
[3.883s] -- Up-to-date: /home/hanjiang/Desktop/my_try/my_try_ws/install/arm_driver/share/arm_driver/environment/ament_prefix_path.dsv
[3.883s] -- Up-to-date: /home/hanjiang/Desktop/my_try/my_try_ws/install/arm_driver/share/arm_driver/environment/path.sh
[3.883s] -- Up-to-date: /home/hanjiang/Desktop/my_try/my_try_ws/install/arm_driver/share/arm_driver/environment/path.dsv
[3.883s] -- Up-to-date: /home/hanjiang/Desktop/my_try/my_try_ws/install/arm_driver/share/arm_driver/local_setup.bash
[3.883s] -- Up-to-date: /home/hanjiang/Desktop/my_try/my_try_ws/install/arm_driver/share/arm_driver/local_setup.sh
[3.883s] -- Up-to-date: /home/hanjiang/Desktop/my_try/my_try_ws/install/arm_driver/share/arm_driver/local_setup.zsh
[3.883s] -- Up-to-date: /home/hanjiang/Desktop/my_try/my_try_ws/install/arm_driver/share/arm_driver/local_setup.dsv
[3.883s] -- Installing: /home/hanjiang/Desktop/my_try/my_try_ws/install/arm_driver/share/arm_driver/package.dsv
[3.883s] -- Up-to-date: /home/hanjiang/Desktop/my_try/my_try_ws/install/arm_driver/share/ament_index/resource_index/packages/arm_driver
[3.883s] -- Up-to-date: /home/hanjiang/Desktop/my_try/my_try_ws/install/arm_driver/share/arm_driver/cmake/export_arm_driver__rosidl_generator_cExport.cmake
[3.883s] -- Up-to-date: /home/hanjiang/Desktop/my_try/my_try_ws/install/arm_driver/share/arm_driver/cmake/export_arm_driver__rosidl_generator_cExport-noconfig.cmake
[3.883s] -- Up-to-date: /home/hanjiang/Desktop/my_try/my_try_ws/install/arm_driver/share/arm_driver/cmake/export_arm_driver__rosidl_typesupport_fastrtps_cExport.cmake
[3.883s] -- Up-to-date: /home/hanjiang/Desktop/my_try/my_try_ws/install/arm_driver/share/arm_driver/cmake/export_arm_driver__rosidl_typesupport_fastrtps_cExport-noconfig.cmake
[3.883s] -- Up-to-date: /home/hanjiang/Desktop/my_try/my_try_ws/install/arm_driver/share/arm_driver/cmake/export_arm_driver__rosidl_generator_cppExport.cmake
[3.883s] -- Up-to-date: /home/hanjiang/Desktop/my_try/my_try_ws/install/arm_driver/share/arm_driver/cmake/export_arm_driver__rosidl_typesupport_fastrtps_cppExport.cmake
[3.883s] -- Up-to-date: /home/hanjiang/Desktop/my_try/my_try_ws/install/arm_driver/share/arm_driver/cmake/export_arm_driver__rosidl_typesupport_fastrtps_cppExport-noconfig.cmake
[3.883s] -- Up-to-date: /home/hanjiang/Desktop/my_try/my_try_ws/install/arm_driver/share/arm_driver/cmake/arm_driver__rosidl_typesupport_introspection_cExport.cmake
[3.883s] -- Up-to-date: /home/hanjiang/Desktop/my_try/my_try_ws/install/arm_driver/share/arm_driver/cmake/arm_driver__rosidl_typesupport_introspection_cExport-noconfig.cmake
[3.883s] -- Up-to-date: /home/hanjiang/Desktop/my_try/my_try_ws/install/arm_driver/share/arm_driver/cmake/arm_driver__rosidl_typesupport_cExport.cmake
[3.883s] -- Up-to-date: /home/hanjiang/Desktop/my_try/my_try_ws/install/arm_driver/share/arm_driver/cmake/arm_driver__rosidl_typesupport_cExport-noconfig.cmake
[3.883s] -- Up-to-date: /home/hanjiang/Desktop/my_try/my_try_ws/install/arm_driver/share/arm_driver/cmake/arm_driver__rosidl_typesupport_introspection_cppExport.cmake
[3.883s] -- Up-to-date: /home/hanjiang/Desktop/my_try/my_try_ws/install/arm_driver/share/arm_driver/cmake/arm_driver__rosidl_typesupport_introspection_cppExport-noconfig.cmake
[3.884s] -- Up-to-date: /home/hanjiang/Desktop/my_try/my_try_ws/install/arm_driver/share/arm_driver/cmake/arm_driver__rosidl_typesupport_cppExport.cmake
[3.884s] -- Up-to-date: /home/hanjiang/Desktop/my_try/my_try_ws/install/arm_driver/share/arm_driver/cmake/arm_driver__rosidl_typesupport_cppExport-noconfig.cmake
[3.884s] -- Up-to-date: /home/hanjiang/Desktop/my_try/my_try_ws/install/arm_driver/share/arm_driver/cmake/export_arm_driver__rosidl_generator_pyExport.cmake
[3.884s] -- Up-to-date: /home/hanjiang/Desktop/my_try/my_try_ws/install/arm_driver/share/arm_driver/cmake/export_arm_driver__rosidl_generator_pyExport-noconfig.cmake
[3.884s] -- Up-to-date: /home/hanjiang/Desktop/my_try/my_try_ws/install/arm_driver/share/arm_driver/cmake/rosidl_cmake-extras.cmake
[3.884s] -- Up-to-date: /home/hanjiang/Desktop/my_try/my_try_ws/install/arm_driver/share/arm_driver/cmake/ament_cmake_export_dependencies-extras.cmake
[3.884s] -- Up-to-date: /home/hanjiang/Desktop/my_try/my_try_ws/install/arm_driver/share/arm_driver/cmake/ament_cmake_export_include_directories-extras.cmake
[3.884s] -- Up-to-date: /home/hanjiang/Desktop/my_try/my_try_ws/install/arm_driver/share/arm_driver/cmake/ament_cmake_export_libraries-extras.cmake
[3.884s] -- Up-to-date: /home/hanjiang/Desktop/my_try/my_try_ws/install/arm_driver/share/arm_driver/cmake/ament_cmake_export_targets-extras.cmake
[3.884s] -- Up-to-date: /home/hanjiang/Desktop/my_try/my_try_ws/install/arm_driver/share/arm_driver/cmake/rosidl_cmake_export_typesupport_targets-extras.cmake
[3.884s] -- Up-to-date: /home/hanjiang/Desktop/my_try/my_try_ws/install/arm_driver/share/arm_driver/cmake/rosidl_cmake_export_typesupport_libraries-extras.cmake
[3.884s] -- Up-to-date: /home/hanjiang/Desktop/my_try/my_try_ws/install/arm_driver/share/arm_driver/cmake/arm_driverConfig.cmake
[3.884s] -- Up-to-date: /home/hanjiang/Desktop/my_try/my_try_ws/install/arm_driver/share/arm_driver/cmake/arm_driverConfig-version.cmake
[3.884s] -- Up-to-date: /home/hanjiang/Desktop/my_try/my_try_ws/install/arm_driver/share/arm_driver/package.xml
[3.885s] Invoked command in '/home/hanjiang/Desktop/my_try/my_try_ws/build/arm_driver' returned '0': CMAKE_PREFIX_PATH=/opt/ros/humble /usr/bin/cmake --install /home/hanjiang/Desktop/my_try/my_try_ws/build/arm_driver
