[0.005s] Invoking command in '/home/hanjiang/Desktop/my_try/my_try_ws/build/mybot_moveit2': AMENT_PREFIX_PATH=/home/hanjiang/Desktop/my_try/my_try_ws/install/hjarm_golden:${AMENT_PREFIX_PATH} CMAKE_PREFIX_PATH=/home/hanjiang/Desktop/my_try/my_try_ws/install/hjarm_golden:/opt/ros/humble /usr/bin/cmake --build /home/hanjiang/Desktop/my_try/my_try_ws/build/mybot_moveit2 -- -j20 -l20
[0.019s] -- Found ament_cmake: 1.3.11 (/opt/ros/humble/share/ament_cmake/cmake)
[0.097s] -- Found rclpy: 3.3.16 (/opt/ros/humble/share/rclpy/cmake)
[0.102s] -- Found std_msgs: 4.9.0 (/opt/ros/humble/share/std_msgs/cmake)
[0.146s] -- Found rosidl_generator_c: 3.1.6 (/opt/ros/humble/share/rosidl_generator_c/cmake)
[0.149s] -- Found rosidl_adapter: 3.1.6 (/opt/ros/humble/share/rosidl_adapter/cmake)
[0.155s] -- Found rosidl_generator_cpp: 3.1.6 (/opt/ros/humble/share/rosidl_generator_cpp/cmake)
[0.166s] -- Using all available rosidl_typesupport_c: rosidl_typesupport_fastrtps_c;rosidl_typesupport_introspection_c
[0.177s] -- Using all available rosidl_typesupport_cpp: rosidl_typesupport_fastrtps_cpp;rosidl_typesupport_introspection_cpp
[0.197s] -- Found rosidl_default_generators: 1.2.0 (/opt/ros/humble/share/rosidl_default_generators/cmake)
[0.241s] [31mCMake Error at /opt/ros/humble/share/rosidl_cmake/cmake/rosidl_generate_interfaces.cmake:64 (message):
[0.241s]   rosidl_generate_interfaces() must be called before ament_package()
[0.241s] Call Stack (most recent call first):
[0.241s]   CMakeLists.txt:18 (rosidl_generate_interfaces)
[0.241s] 
[0.242s] [0m
[0.242s] -- Configuring incomplete, errors occurred!
[0.242s] See also "/home/hanjiang/Desktop/my_try/my_try_ws/build/mybot_moveit2/CMakeFiles/CMakeOutput.log".
[0.244s] gmake: *** [Makefile:226：cmake_check_build_system] 错误 1
[0.247s] Invoked command in '/home/hanjiang/Desktop/my_try/my_try_ws/build/mybot_moveit2' returned '2': AMENT_PREFIX_PATH=/home/hanjiang/Desktop/my_try/my_try_ws/install/hjarm_golden:${AMENT_PREFIX_PATH} CMAKE_PREFIX_PATH=/home/hanjiang/Desktop/my_try/my_try_ws/install/hjarm_golden:/opt/ros/humble /usr/bin/cmake --build /home/hanjiang/Desktop/my_try/my_try_ws/build/mybot_moveit2 -- -j20 -l20
